[0.573s] Invoking command in '/home/jetson/tb420250806/build/map_publisher': CMAKE_PREFIX_PATH=/opt/ros/humble /usr/bin/cmake --build /home/jetson/tb420250806/build/map_publisher -- -j8 -l8
[1.080s] [100%] Built target map_publisher_node
[1.123s] Invoked command in '/home/jetson/tb420250806/build/map_publisher' returned '0': CMAKE_PREFIX_PATH=/opt/ros/humble /usr/bin/cmake --build /home/jetson/tb420250806/build/map_publisher -- -j8 -l8
[1.124s] Invoking command in '/home/jetson/tb420250806/build/map_publisher': CMAKE_PREFIX_PATH=/opt/ros/humble /usr/bin/cmake --install /home/jetson/tb420250806/build/map_publisher
[1.159s] -- Install configuration: ""
[1.159s] -- Execute custom install script
[1.160s] -- Up-to-date symlink: /home/jetson/tb420250806/install/map_publisher/lib/map_publisher/map_publisher_node
[1.160s] -- Up-to-date symlink: /home/jetson/tb420250806/install/map_publisher/share/ament_index/resource_index/package_run_dependencies/map_publisher
[1.161s] -- Up-to-date symlink: /home/jetson/tb420250806/install/map_publisher/share/ament_index/resource_index/parent_prefix_path/map_publisher
[1.161s] -- Up-to-date symlink: /home/jetson/tb420250806/install/map_publisher/share/map_publisher/environment/ament_prefix_path.sh
[1.161s] -- Up-to-date symlink: /home/jetson/tb420250806/install/map_publisher/share/map_publisher/environment/ament_prefix_path.dsv
[1.162s] -- Up-to-date symlink: /home/jetson/tb420250806/install/map_publisher/share/map_publisher/environment/path.sh
[1.162s] -- Up-to-date symlink: /home/jetson/tb420250806/install/map_publisher/share/map_publisher/environment/path.dsv
[1.162s] -- Up-to-date symlink: /home/jetson/tb420250806/install/map_publisher/share/map_publisher/local_setup.bash
[1.163s] -- Up-to-date symlink: /home/jetson/tb420250806/install/map_publisher/share/map_publisher/local_setup.sh
[1.166s] -- Up-to-date symlink: /home/jetson/tb420250806/install/map_publisher/share/map_publisher/local_setup.zsh
[1.167s] -- Up-to-date symlink: /home/jetson/tb420250806/install/map_publisher/share/map_publisher/local_setup.dsv
[1.169s] -- Symlinking: /home/jetson/tb420250806/install/map_publisher/share/map_publisher/package.dsv
[1.180s] -- Up-to-date symlink: /home/jetson/tb420250806/install/map_publisher/share/ament_index/resource_index/packages/map_publisher
[1.180s] -- Up-to-date symlink: /home/jetson/tb420250806/install/map_publisher/share/map_publisher/cmake/map_publisherConfig.cmake
[1.180s] -- Up-to-date symlink: /home/jetson/tb420250806/install/map_publisher/share/map_publisher/cmake/map_publisherConfig-version.cmake
[1.180s] -- Up-to-date symlink: /home/jetson/tb420250806/install/map_publisher/share/map_publisher/package.xml
[1.238s] Invoked command in '/home/jetson/tb420250806/build/map_publisher' returned '0': CMAKE_PREFIX_PATH=/opt/ros/humble /usr/bin/cmake --install /home/jetson/tb420250806/build/map_publisher
