[0.631s] Invoking command in '/home/jetson/tb420250806/build/map_publisher': CMAKE_PREFIX_PATH=${CMAKE_PREFIX_PATH}:/home/jetson/tb420250806/install/voice_nav2_assistant:/home/jetson/tb420250806/install/turtlebot4_tests:/home/jetson/tb420250806/install/pose_navigator:/home/jetson/tb420250806/install/turtlebot4_diagnostics:/opt/ros/humble /usr/bin/cmake --build /home/jetson/tb420250806/build/map_publisher -- -j8 -l8
[0.828s] [100%] Built target map_publisher_node
[1.273s] Invoked command in '/home/jetson/tb420250806/build/map_publisher' returned '0': CMAKE_PREFIX_PATH=${CMAKE_PREFIX_PATH}:/home/jetson/tb420250806/install/voice_nav2_assistant:/home/jetson/tb420250806/install/turtlebot4_tests:/home/jetson/tb420250806/install/pose_navigator:/home/jetson/tb420250806/install/turtlebot4_diagnostics:/opt/ros/humble /usr/bin/cmake --build /home/jetson/tb420250806/build/map_publisher -- -j8 -l8
[1.279s] Invoking command in '/home/jetson/tb420250806/build/map_publisher': CMAKE_PREFIX_PATH=${CMAKE_PREFIX_PATH}:/home/jetson/tb420250806/install/voice_nav2_assistant:/home/jetson/tb420250806/install/turtlebot4_tests:/home/jetson/tb420250806/install/pose_navigator:/home/jetson/tb420250806/install/turtlebot4_diagnostics:/opt/ros/humble /usr/bin/cmake --install /home/jetson/tb420250806/build/map_publisher
[1.319s] -- Install configuration: ""
[1.319s] -- Execute custom install script
[1.319s] -- Up-to-date symlink: /home/jetson/tb420250806/install/map_publisher/lib/map_publisher/map_publisher_node
[1.319s] -- Up-to-date symlink: /home/jetson/tb420250806/install/map_publisher/share/ament_index/resource_index/package_run_dependencies/map_publisher
[1.319s] -- Up-to-date symlink: /home/jetson/tb420250806/install/map_publisher/share/ament_index/resource_index/parent_prefix_path/map_publisher
[1.319s] -- Up-to-date symlink: /home/jetson/tb420250806/install/map_publisher/share/map_publisher/environment/ament_prefix_path.sh
[1.320s] -- Up-to-date symlink: /home/jetson/tb420250806/install/map_publisher/share/map_publisher/environment/ament_prefix_path.dsv
[1.320s] -- Up-to-date symlink: /home/jetson/tb420250806/install/map_publisher/share/map_publisher/environment/path.sh
[1.320s] -- Up-to-date symlink: /home/jetson/tb420250806/install/map_publisher/share/map_publisher/environment/path.dsv
[1.320s] -- Up-to-date symlink: /home/jetson/tb420250806/install/map_publisher/share/map_publisher/local_setup.bash
[1.320s] -- Up-to-date symlink: /home/jetson/tb420250806/install/map_publisher/share/map_publisher/local_setup.sh
[1.320s] -- Up-to-date symlink: /home/jetson/tb420250806/install/map_publisher/share/map_publisher/local_setup.zsh
[1.320s] -- Up-to-date symlink: /home/jetson/tb420250806/install/map_publisher/share/map_publisher/local_setup.dsv
[1.320s] -- Symlinking: /home/jetson/tb420250806/install/map_publisher/share/map_publisher/package.dsv
[1.337s] -- Up-to-date symlink: /home/jetson/tb420250806/install/map_publisher/share/ament_index/resource_index/packages/map_publisher
[1.337s] -- Up-to-date symlink: /home/jetson/tb420250806/install/map_publisher/share/map_publisher/cmake/map_publisherConfig.cmake
[1.337s] -- Up-to-date symlink: /home/jetson/tb420250806/install/map_publisher/share/map_publisher/cmake/map_publisherConfig-version.cmake
[1.338s] -- Up-to-date symlink: /home/jetson/tb420250806/install/map_publisher/share/map_publisher/package.xml
[1.467s] Invoked command in '/home/jetson/tb420250806/build/map_publisher' returned '0': CMAKE_PREFIX_PATH=${CMAKE_PREFIX_PATH}:/home/jetson/tb420250806/install/voice_nav2_assistant:/home/jetson/tb420250806/install/turtlebot4_tests:/home/jetson/tb420250806/install/pose_navigator:/home/jetson/tb420250806/install/turtlebot4_diagnostics:/opt/ros/humble /usr/bin/cmake --install /home/jetson/tb420250806/build/map_publisher
