[0.023s] Invoking command in '/home/jetson/tb420250806/build/turtlebot4_node': AMENT_PREFIX_PATH=/home/jetson/tb420250806/install/turtlebot4_msgs:${AMENT_PREFIX_PATH} CMAKE_PREFIX_PATH=/home/jetson/tb420250806/install/turtlebot4_msgs:/opt/ros/humble LD_LIBRARY_PATH=/home/jetson/tb420250806/install/turtlebot4_msgs/lib:/opt/ros/humble/opt/rviz_ogre_vendor/lib:/opt/ros/humble/lib/aarch64-linux-gnu:/opt/ros/humble/lib:/usr/local/cuda/lib64 PYTHONPATH=/home/jetson/tb420250806/install/turtlebot4_msgs/local/lib/python3.10/dist-packages:${PYTHONPATH} /usr/bin/cmake --build /home/jetson/tb420250806/build/turtlebot4_node -- -j8 -l8
[0.147s] [ 75%] Built target turtlebot4_node_lib
[0.194s] [100%] Built target turtlebot4_node
[0.647s] Invoked command in '/home/jetson/tb420250806/build/turtlebot4_node' returned '0': AMENT_PREFIX_PATH=/home/jetson/tb420250806/install/turtlebot4_msgs:${AMENT_PREFIX_PATH} CMAKE_PREFIX_PATH=/home/jetson/tb420250806/install/turtlebot4_msgs:/opt/ros/humble LD_LIBRARY_PATH=/home/jetson/tb420250806/install/turtlebot4_msgs/lib:/opt/ros/humble/opt/rviz_ogre_vendor/lib:/opt/ros/humble/lib/aarch64-linux-gnu:/opt/ros/humble/lib:/usr/local/cuda/lib64 PYTHONPATH=/home/jetson/tb420250806/install/turtlebot4_msgs/local/lib/python3.10/dist-packages:${PYTHONPATH} /usr/bin/cmake --build /home/jetson/tb420250806/build/turtlebot4_node -- -j8 -l8
[0.651s] Invoking command in '/home/jetson/tb420250806/build/turtlebot4_node': AMENT_PREFIX_PATH=/home/jetson/tb420250806/install/turtlebot4_msgs:${AMENT_PREFIX_PATH} CMAKE_PREFIX_PATH=/home/jetson/tb420250806/install/turtlebot4_msgs:/opt/ros/humble LD_LIBRARY_PATH=/home/jetson/tb420250806/install/turtlebot4_msgs/lib:/opt/ros/humble/opt/rviz_ogre_vendor/lib:/opt/ros/humble/lib/aarch64-linux-gnu:/opt/ros/humble/lib:/usr/local/cuda/lib64 PYTHONPATH=/home/jetson/tb420250806/install/turtlebot4_msgs/local/lib/python3.10/dist-packages:${PYTHONPATH} /usr/bin/cmake --install /home/jetson/tb420250806/build/turtlebot4_node
[0.667s] -- Install configuration: ""
[0.667s] -- Execute custom install script
[0.668s] -- Up-to-date symlink: /home/jetson/tb420250806/install/turtlebot4_node/lib/turtlebot4_node/turtlebot4_node
[0.668s] -- Up-to-date symlink: /home/jetson/tb420250806/install/turtlebot4_node/include/turtlebot4_node/action.hpp
[0.669s] -- Up-to-date symlink: /home/jetson/tb420250806/install/turtlebot4_node/include/turtlebot4_node/buttons.hpp
[0.669s] -- Up-to-date symlink: /home/jetson/tb420250806/install/turtlebot4_node/include/turtlebot4_node/display.hpp
[0.669s] -- Up-to-date symlink: /home/jetson/tb420250806/install/turtlebot4_node/include/turtlebot4_node/leds.hpp
[0.669s] -- Up-to-date symlink: /home/jetson/tb420250806/install/turtlebot4_node/include/turtlebot4_node/service.hpp
[0.669s] -- Up-to-date symlink: /home/jetson/tb420250806/install/turtlebot4_node/include/turtlebot4_node/turtlebot4.hpp
[0.669s] -- Up-to-date symlink: /home/jetson/tb420250806/install/turtlebot4_node/include/turtlebot4_node/utils.hpp
[0.670s] -- Up-to-date symlink: /home/jetson/tb420250806/install/turtlebot4_node/share/ament_index/resource_index/package_run_dependencies/turtlebot4_node
[0.670s] -- Up-to-date symlink: /home/jetson/tb420250806/install/turtlebot4_node/share/ament_index/resource_index/parent_prefix_path/turtlebot4_node
[0.670s] -- Up-to-date symlink: /home/jetson/tb420250806/install/turtlebot4_node/share/turtlebot4_node/environment/ament_prefix_path.sh
[0.670s] -- Up-to-date symlink: /home/jetson/tb420250806/install/turtlebot4_node/share/turtlebot4_node/environment/ament_prefix_path.dsv
[0.671s] -- Up-to-date symlink: /home/jetson/tb420250806/install/turtlebot4_node/share/turtlebot4_node/environment/path.sh
[0.671s] -- Up-to-date symlink: /home/jetson/tb420250806/install/turtlebot4_node/share/turtlebot4_node/environment/path.dsv
[0.671s] -- Up-to-date symlink: /home/jetson/tb420250806/install/turtlebot4_node/share/turtlebot4_node/local_setup.bash
[0.671s] -- Up-to-date symlink: /home/jetson/tb420250806/install/turtlebot4_node/share/turtlebot4_node/local_setup.sh
[0.672s] -- Up-to-date symlink: /home/jetson/tb420250806/install/turtlebot4_node/share/turtlebot4_node/local_setup.zsh
[0.672s] -- Up-to-date symlink: /home/jetson/tb420250806/install/turtlebot4_node/share/turtlebot4_node/local_setup.dsv
[0.672s] -- Symlinking: /home/jetson/tb420250806/install/turtlebot4_node/share/turtlebot4_node/package.dsv
[0.692s] -- Up-to-date symlink: /home/jetson/tb420250806/install/turtlebot4_node/share/ament_index/resource_index/packages/turtlebot4_node
[0.693s] -- Up-to-date symlink: /home/jetson/tb420250806/install/turtlebot4_node/share/turtlebot4_node/cmake/ament_cmake_export_include_directories-extras.cmake
[0.693s] -- Up-to-date symlink: /home/jetson/tb420250806/install/turtlebot4_node/share/turtlebot4_node/cmake/turtlebot4_nodeConfig.cmake
[0.693s] -- Up-to-date symlink: /home/jetson/tb420250806/install/turtlebot4_node/share/turtlebot4_node/cmake/turtlebot4_nodeConfig-version.cmake
[0.693s] -- Up-to-date symlink: /home/jetson/tb420250806/install/turtlebot4_node/share/turtlebot4_node/package.xml
[1.168s] Invoked command in '/home/jetson/tb420250806/build/turtlebot4_node' returned '0': AMENT_PREFIX_PATH=/home/jetson/tb420250806/install/turtlebot4_msgs:${AMENT_PREFIX_PATH} CMAKE_PREFIX_PATH=/home/jetson/tb420250806/install/turtlebot4_msgs:/opt/ros/humble LD_LIBRARY_PATH=/home/jetson/tb420250806/install/turtlebot4_msgs/lib:/opt/ros/humble/opt/rviz_ogre_vendor/lib:/opt/ros/humble/lib/aarch64-linux-gnu:/opt/ros/humble/lib:/usr/local/cuda/lib64 PYTHONPATH=/home/jetson/tb420250806/install/turtlebot4_msgs/local/lib/python3.10/dist-packages:${PYTHONPATH} /usr/bin/cmake --install /home/jetson/tb420250806/build/turtlebot4_node
