[1.610s] Invoking command in '/home/jetson/tb420250806/build/pose_navigator': CMAKE_PREFIX_PATH=/home/jetson/tb420250806/install/turtlebot4_navigation:/home/jetson/tb420250806/install/turtlebot4_desktop:/home/jetson/tb420250806/install/turtlebot4_viz:/home/jetson/tb420250806/install/turtlebot4_robot:/home/jetson/tb420250806/install/turtlebot4_bringup:/home/jetson/tb420250806/install/turtlebot4_base:/home/jetson/tb420250806/install/turtlebot4_node:/home/jetson/tb420250806/install/turtlebot4_msgs:/home/jetson/tb420250806/install/turtlebot4_description:/home/jetson/tb420250806/install/nav2_costmap_filters_demo:/home/jetson/tb420250806/install/map_publisher PYTHONPATH=/home/jetson/tb420250806/build/pose_navigator/prefix_override:/usr/lib/python3/dist-packages/colcon_core/task/python/colcon_distutils_commands:/home/jetson/tb420250806/install/pose_navigator/lib/python3.10/site-packages:${PYTHONPATH} /usr/bin/python3 -W ignore:setup.py install is deprecated -W ignore:easy_install command is deprecated setup.py develop --editable --build-directory /home/jetson/tb420250806/build/pose_navigator/build --no-deps symlink_data
[2.156s] running develop
[2.490s] running egg_info
[2.490s] writing pose_navigator.egg-info/PKG-INFO
[2.491s] writing dependency_links to pose_navigator.egg-info/dependency_links.txt
[2.491s] writing entry points to pose_navigator.egg-info/entry_points.txt
[2.492s] writing requirements to pose_navigator.egg-info/requires.txt
[2.492s] writing top-level names to pose_navigator.egg-info/top_level.txt
[2.496s] reading manifest file 'pose_navigator.egg-info/SOURCES.txt'
[2.498s] writing manifest file 'pose_navigator.egg-info/SOURCES.txt'
[2.501s] running build_ext
[2.502s] Creating /home/jetson/tb420250806/install/pose_navigator/lib/python3.10/site-packages/pose-navigator.egg-link (link to .)
[2.503s] Installing color_navigator script to /home/jetson/tb420250806/install/pose_navigator/lib/pose_navigator
[2.504s] Installing coretask script to /home/jetson/tb420250806/install/pose_navigator/lib/pose_navigator
[2.504s] Installing forward_return_node script to /home/jetson/tb420250806/install/pose_navigator/lib/pose_navigator
[2.504s] Installing pose_navigator script to /home/jetson/tb420250806/install/pose_navigator/lib/pose_navigator
[2.504s] Installing pose_navigator_node script to /home/jetson/tb420250806/install/pose_navigator/lib/pose_navigator
[2.505s] Installing test_color_sequence script to /home/jetson/tb420250806/install/pose_navigator/lib/pose_navigator
[2.505s] Installing test_waypoints script to /home/jetson/tb420250806/install/pose_navigator/lib/pose_navigator
[2.505s] 
[2.505s] Installed /home/jetson/tb420250806/build/pose_navigator
[2.506s] running symlink_data
[2.581s] Invoked command in '/home/jetson/tb420250806/build/pose_navigator' returned '0': CMAKE_PREFIX_PATH=/home/jetson/tb420250806/install/turtlebot4_navigation:/home/jetson/tb420250806/install/turtlebot4_desktop:/home/jetson/tb420250806/install/turtlebot4_viz:/home/jetson/tb420250806/install/turtlebot4_robot:/home/jetson/tb420250806/install/turtlebot4_bringup:/home/jetson/tb420250806/install/turtlebot4_base:/home/jetson/tb420250806/install/turtlebot4_node:/home/jetson/tb420250806/install/turtlebot4_msgs:/home/jetson/tb420250806/install/turtlebot4_description:/home/jetson/tb420250806/install/nav2_costmap_filters_demo:/home/jetson/tb420250806/install/map_publisher PYTHONPATH=/home/jetson/tb420250806/build/pose_navigator/prefix_override:/usr/lib/python3/dist-packages/colcon_core/task/python/colcon_distutils_commands:/home/jetson/tb420250806/install/pose_navigator/lib/python3.10/site-packages:${PYTHONPATH} /usr/bin/python3 -W ignore:setup.py install is deprecated -W ignore:easy_install command is deprecated setup.py develop --editable --build-directory /home/jetson/tb420250806/build/pose_navigator/build --no-deps symlink_data
