[0.487s] Invoking command in '/home/jetson/tb420250806/build/turtlebot4_navigation': CMAKE_PREFIX_PATH=${CMAKE_PREFIX_PATH}:/home/jetson/tb420250806/install/voice_nav2_assistant:/home/jetson/tb420250806/install/turtlebot4_tests:/home/jetson/tb420250806/install/pose_navigator:/home/jetson/tb420250806/install/turtlebot4_diagnostics:/opt/ros/humble /usr/bin/cmake --build /home/jetson/tb420250806/build/turtlebot4_navigation -- -j12 -l12
[0.568s] Built target ament_cmake_python_symlink_turtlebot4_navigation
[0.956s] running egg_info
[0.959s] writing turtlebot4_navigation.egg-info/PKG-INFO
[0.960s] writing dependency_links to turtlebot4_navigation.egg-info/dependency_links.txt
[0.960s] writing top-level names to turtlebot4_navigation.egg-info/top_level.txt
[0.962s] reading manifest file 'turtlebot4_navigation.egg-info/SOURCES.txt'
[0.963s] writing manifest file 'turtlebot4_navigation.egg-info/SOURCES.txt'
[1.027s] Built target ament_cmake_python_build_turtlebot4_navigation_egg
[1.097s] Invoked command in '/home/jetson/tb420250806/build/turtlebot4_navigation' returned '0': CMAKE_PREFIX_PATH=${CMAKE_PREFIX_PATH}:/home/jetson/tb420250806/install/voice_nav2_assistant:/home/jetson/tb420250806/install/turtlebot4_tests:/home/jetson/tb420250806/install/pose_navigator:/home/jetson/tb420250806/install/turtlebot4_diagnostics:/opt/ros/humble /usr/bin/cmake --build /home/jetson/tb420250806/build/turtlebot4_navigation -- -j12 -l12
[1.099s] Invoking command in '/home/jetson/tb420250806/build/turtlebot4_navigation': CMAKE_PREFIX_PATH=${CMAKE_PREFIX_PATH}:/home/jetson/tb420250806/install/voice_nav2_assistant:/home/jetson/tb420250806/install/turtlebot4_tests:/home/jetson/tb420250806/install/pose_navigator:/home/jetson/tb420250806/install/turtlebot4_diagnostics:/opt/ros/humble /usr/bin/cmake --install /home/jetson/tb420250806/build/turtlebot4_navigation
[1.128s] -- Install configuration: ""
[1.129s] -- Execute custom install script
[1.129s] -- Up-to-date symlink: /home/jetson/tb420250806/install/turtlebot4_navigation/share/turtlebot4_navigation/config/localization.yaml
[1.129s] -- Up-to-date symlink: /home/jetson/tb420250806/install/turtlebot4_navigation/share/turtlebot4_navigation/config/mapper_params_localization.yaml
[1.129s] -- Up-to-date symlink: /home/jetson/tb420250806/install/turtlebot4_navigation/share/turtlebot4_navigation/config/nav2 mppi.yaml
[1.129s] -- Up-to-date symlink: /home/jetson/tb420250806/install/turtlebot4_navigation/share/turtlebot4_navigation/config/nav2 rpp.yaml
[1.129s] -- Up-to-date symlink: /home/jetson/tb420250806/install/turtlebot4_navigation/share/turtlebot4_navigation/config/nav2.yaml
[1.129s] -- Up-to-date symlink: /home/jetson/tb420250806/install/turtlebot4_navigation/share/turtlebot4_navigation/config/nav2_dwb.yaml
[1.130s] -- Up-to-date symlink: /home/jetson/tb420250806/install/turtlebot4_navigation/share/turtlebot4_navigation/config/slam.yaml
[1.130s] -- Up-to-date symlink: /home/jetson/tb420250806/install/turtlebot4_navigation/share/turtlebot4_navigation/launch/localization.launch.py
[1.130s] -- Up-to-date symlink: /home/jetson/tb420250806/install/turtlebot4_navigation/share/turtlebot4_navigation/launch/nav2.launch.py
[1.130s] -- Up-to-date symlink: /home/jetson/tb420250806/install/turtlebot4_navigation/share/turtlebot4_navigation/launch/slam.launch.py
[1.130s] -- Up-to-date symlink: /home/jetson/tb420250806/install/turtlebot4_navigation/share/turtlebot4_navigation/maps/depot.pgm
[1.130s] -- Up-to-date symlink: /home/jetson/tb420250806/install/turtlebot4_navigation/share/turtlebot4_navigation/maps/depot.yaml
[1.130s] -- Up-to-date symlink: /home/jetson/tb420250806/install/turtlebot4_navigation/share/turtlebot4_navigation/maps/maze.pgm
[1.130s] -- Up-to-date symlink: /home/jetson/tb420250806/install/turtlebot4_navigation/share/turtlebot4_navigation/maps/maze.yaml
[1.131s] -- Up-to-date symlink: /home/jetson/tb420250806/install/turtlebot4_navigation/share/turtlebot4_navigation/maps/warehouse.pgm
[1.131s] -- Up-to-date symlink: /home/jetson/tb420250806/install/turtlebot4_navigation/share/turtlebot4_navigation/maps/warehouse.yaml
[1.131s] -- Up-to-date symlink: /home/jetson/tb420250806/install/turtlebot4_navigation/share/turtlebot4_navigation/environment/pythonpath.sh
[1.131s] -- Up-to-date symlink: /home/jetson/tb420250806/install/turtlebot4_navigation/share/turtlebot4_navigation/environment/pythonpath.dsv
[1.131s] -- Up-to-date symlink: /home/jetson/tb420250806/install/turtlebot4_navigation/local/lib/python3.10/dist-packages/turtlebot4_navigation-1.0.5-py3.10.egg-info/PKG-INFO
[1.131s] -- Up-to-date symlink: /home/jetson/tb420250806/install/turtlebot4_navigation/local/lib/python3.10/dist-packages/turtlebot4_navigation-1.0.5-py3.10.egg-info/SOURCES.txt
[1.131s] -- Up-to-date symlink: /home/jetson/tb420250806/install/turtlebot4_navigation/local/lib/python3.10/dist-packages/turtlebot4_navigation-1.0.5-py3.10.egg-info/dependency_links.txt
[1.132s] -- Up-to-date symlink: /home/jetson/tb420250806/install/turtlebot4_navigation/local/lib/python3.10/dist-packages/turtlebot4_navigation-1.0.5-py3.10.egg-info/top_level.txt
[1.132s] -- Up-to-date symlink: /home/jetson/tb420250806/install/turtlebot4_navigation/local/lib/python3.10/dist-packages/turtlebot4_navigation/__init__.py
[1.132s] -- Up-to-date symlink: /home/jetson/tb420250806/install/turtlebot4_navigation/local/lib/python3.10/dist-packages/turtlebot4_navigation/turtlebot4_navigator.py
[1.132s] -- Up-to-date symlink: /home/jetson/tb420250806/install/turtlebot4_navigation/local/lib/python3.10/dist-packages/turtlebot4_navigator.py
[1.132s] -- Up-to-date symlink: /home/jetson/tb420250806/install/turtlebot4_navigation/share/ament_index/resource_index/package_run_dependencies/turtlebot4_navigation
[1.132s] -- Up-to-date symlink: /home/jetson/tb420250806/install/turtlebot4_navigation/share/ament_index/resource_index/parent_prefix_path/turtlebot4_navigation
[1.133s] -- Up-to-date symlink: /home/jetson/tb420250806/install/turtlebot4_navigation/share/turtlebot4_navigation/environment/ament_prefix_path.sh
[1.133s] -- Up-to-date symlink: /home/jetson/tb420250806/install/turtlebot4_navigation/share/turtlebot4_navigation/environment/ament_prefix_path.dsv
[1.133s] -- Up-to-date symlink: /home/jetson/tb420250806/install/turtlebot4_navigation/share/turtlebot4_navigation/environment/path.sh
[1.133s] -- Up-to-date symlink: /home/jetson/tb420250806/install/turtlebot4_navigation/share/turtlebot4_navigation/environment/path.dsv
[1.133s] -- Up-to-date symlink: /home/jetson/tb420250806/install/turtlebot4_navigation/share/turtlebot4_navigation/local_setup.bash
[1.133s] -- Up-to-date symlink: /home/jetson/tb420250806/install/turtlebot4_navigation/share/turtlebot4_navigation/local_setup.sh
[1.134s] -- Up-to-date symlink: /home/jetson/tb420250806/install/turtlebot4_navigation/share/turtlebot4_navigation/local_setup.zsh
[1.134s] -- Up-to-date symlink: /home/jetson/tb420250806/install/turtlebot4_navigation/share/turtlebot4_navigation/local_setup.dsv
[1.134s] -- Symlinking: /home/jetson/tb420250806/install/turtlebot4_navigation/share/turtlebot4_navigation/package.dsv
[1.134s] -- Up-to-date symlink: /home/jetson/tb420250806/install/turtlebot4_navigation/share/ament_index/resource_index/packages/turtlebot4_navigation
[1.134s] -- Up-to-date symlink: /home/jetson/tb420250806/install/turtlebot4_navigation/share/turtlebot4_navigation/cmake/turtlebot4_navigationConfig.cmake
[1.135s] -- Up-to-date symlink: /home/jetson/tb420250806/install/turtlebot4_navigation/share/turtlebot4_navigation/cmake/turtlebot4_navigationConfig-version.cmake
[1.135s] -- Up-to-date symlink: /home/jetson/tb420250806/install/turtlebot4_navigation/share/turtlebot4_navigation/package.xml
[1.188s] Listing '/home/jetson/tb420250806/install/turtlebot4_navigation/local/lib/python3.10/dist-packages/turtlebot4_navigation'...
[1.621s] Invoked command in '/home/jetson/tb420250806/build/turtlebot4_navigation' returned '0': CMAKE_PREFIX_PATH=${CMAKE_PREFIX_PATH}:/home/jetson/tb420250806/install/voice_nav2_assistant:/home/jetson/tb420250806/install/turtlebot4_tests:/home/jetson/tb420250806/install/pose_navigator:/home/jetson/tb420250806/install/turtlebot4_diagnostics:/opt/ros/humble /usr/bin/cmake --install /home/jetson/tb420250806/build/turtlebot4_navigation
