[0.477s] Invoking command in '/home/jetson/tb420250806/build/turtlebot4_desktop': CMAKE_PREFIX_PATH=/home/jetson/tb420250806/install/turtlebot4_viz:/home/jetson/tb420250806/install/turtlebot4_description:/home/jetson/tb420250806/install/turtlebot4_desktop:/home/jetson/tb420250806/install/turtlebot4_robot:/home/jetson/tb420250806/install/turtlebot4_bringup:/home/jetson/tb420250806/install/turtlebot4_base:/home/jetson/tb420250806/install/turtlebot4_node:/home/jetson/tb420250806/install/turtlebot4_navigation:/home/jetson/tb420250806/install/turtlebot4_msgs:/home/jetson/tb420250806/install/nav2_costmap_filters_demo:/home/jetson/tb420250806/install/map_publisher:/home/jetson/tb420250806/install/voice_nav2_assistant:/home/jetson/tb420250806/install/turtlebot4_tests:/home/jetson/tb420250806/install/pose_navigator:/home/jetson/tb420250806/install/turtlebot4_diagnostics:/opt/ros/humble /usr/bin/cmake --build /home/jetson/tb420250806/build/turtlebot4_desktop -- -j12 -l12
[0.541s] Invoked command in '/home/jetson/tb420250806/build/turtlebot4_desktop' returned '0': CMAKE_PREFIX_PATH=/home/jetson/tb420250806/install/turtlebot4_viz:/home/jetson/tb420250806/install/turtlebot4_description:/home/jetson/tb420250806/install/turtlebot4_desktop:/home/jetson/tb420250806/install/turtlebot4_robot:/home/jetson/tb420250806/install/turtlebot4_bringup:/home/jetson/tb420250806/install/turtlebot4_base:/home/jetson/tb420250806/install/turtlebot4_node:/home/jetson/tb420250806/install/turtlebot4_navigation:/home/jetson/tb420250806/install/turtlebot4_msgs:/home/jetson/tb420250806/install/nav2_costmap_filters_demo:/home/jetson/tb420250806/install/map_publisher:/home/jetson/tb420250806/install/voice_nav2_assistant:/home/jetson/tb420250806/install/turtlebot4_tests:/home/jetson/tb420250806/install/pose_navigator:/home/jetson/tb420250806/install/turtlebot4_diagnostics:/opt/ros/humble /usr/bin/cmake --build /home/jetson/tb420250806/build/turtlebot4_desktop -- -j12 -l12
[0.544s] Invoking command in '/home/jetson/tb420250806/build/turtlebot4_desktop': CMAKE_PREFIX_PATH=/home/jetson/tb420250806/install/turtlebot4_viz:/home/jetson/tb420250806/install/turtlebot4_description:/home/jetson/tb420250806/install/turtlebot4_desktop:/home/jetson/tb420250806/install/turtlebot4_robot:/home/jetson/tb420250806/install/turtlebot4_bringup:/home/jetson/tb420250806/install/turtlebot4_base:/home/jetson/tb420250806/install/turtlebot4_node:/home/jetson/tb420250806/install/turtlebot4_navigation:/home/jetson/tb420250806/install/turtlebot4_msgs:/home/jetson/tb420250806/install/nav2_costmap_filters_demo:/home/jetson/tb420250806/install/map_publisher:/home/jetson/tb420250806/install/voice_nav2_assistant:/home/jetson/tb420250806/install/turtlebot4_tests:/home/jetson/tb420250806/install/pose_navigator:/home/jetson/tb420250806/install/turtlebot4_diagnostics:/opt/ros/humble /usr/bin/cmake --install /home/jetson/tb420250806/build/turtlebot4_desktop
[0.554s] -- Install configuration: ""
[0.554s] -- Execute custom install script
[0.554s] -- Up-to-date symlink: /home/jetson/tb420250806/install/turtlebot4_desktop/share/ament_index/resource_index/package_run_dependencies/turtlebot4_desktop
[0.555s] -- Up-to-date symlink: /home/jetson/tb420250806/install/turtlebot4_desktop/share/ament_index/resource_index/parent_prefix_path/turtlebot4_desktop
[0.555s] -- Up-to-date symlink: /home/jetson/tb420250806/install/turtlebot4_desktop/share/turtlebot4_desktop/environment/ament_prefix_path.sh
[0.555s] -- Up-to-date symlink: /home/jetson/tb420250806/install/turtlebot4_desktop/share/turtlebot4_desktop/environment/ament_prefix_path.dsv
[0.555s] -- Up-to-date symlink: /home/jetson/tb420250806/install/turtlebot4_desktop/share/turtlebot4_desktop/environment/path.sh
[0.556s] -- Up-to-date symlink: /home/jetson/tb420250806/install/turtlebot4_desktop/share/turtlebot4_desktop/environment/path.dsv
[0.556s] -- Up-to-date symlink: /home/jetson/tb420250806/install/turtlebot4_desktop/share/turtlebot4_desktop/local_setup.bash
[0.556s] -- Up-to-date symlink: /home/jetson/tb420250806/install/turtlebot4_desktop/share/turtlebot4_desktop/local_setup.sh
[0.556s] -- Up-to-date symlink: /home/jetson/tb420250806/install/turtlebot4_desktop/share/turtlebot4_desktop/local_setup.zsh
[0.556s] -- Up-to-date symlink: /home/jetson/tb420250806/install/turtlebot4_desktop/share/turtlebot4_desktop/local_setup.dsv
[0.556s] -- Symlinking: /home/jetson/tb420250806/install/turtlebot4_desktop/share/turtlebot4_desktop/package.dsv
[0.570s] -- Up-to-date symlink: /home/jetson/tb420250806/install/turtlebot4_desktop/share/ament_index/resource_index/packages/turtlebot4_desktop
[0.571s] -- Up-to-date symlink: /home/jetson/tb420250806/install/turtlebot4_desktop/share/turtlebot4_desktop/cmake/turtlebot4_desktopConfig.cmake
[0.571s] -- Up-to-date symlink: /home/jetson/tb420250806/install/turtlebot4_desktop/share/turtlebot4_desktop/cmake/turtlebot4_desktopConfig-version.cmake
[0.571s] -- Up-to-date symlink: /home/jetson/tb420250806/install/turtlebot4_desktop/share/turtlebot4_desktop/package.xml
[0.576s] Invoked command in '/home/jetson/tb420250806/build/turtlebot4_desktop' returned '0': CMAKE_PREFIX_PATH=/home/jetson/tb420250806/install/turtlebot4_viz:/home/jetson/tb420250806/install/turtlebot4_description:/home/jetson/tb420250806/install/turtlebot4_desktop:/home/jetson/tb420250806/install/turtlebot4_robot:/home/jetson/tb420250806/install/turtlebot4_bringup:/home/jetson/tb420250806/install/turtlebot4_base:/home/jetson/tb420250806/install/turtlebot4_node:/home/jetson/tb420250806/install/turtlebot4_navigation:/home/jetson/tb420250806/install/turtlebot4_msgs:/home/jetson/tb420250806/install/nav2_costmap_filters_demo:/home/jetson/tb420250806/install/map_publisher:/home/jetson/tb420250806/install/voice_nav2_assistant:/home/jetson/tb420250806/install/turtlebot4_tests:/home/jetson/tb420250806/install/pose_navigator:/home/jetson/tb420250806/install/turtlebot4_diagnostics:/opt/ros/humble /usr/bin/cmake --install /home/jetson/tb420250806/build/turtlebot4_desktop
