[0.069s] Invoking command in '/home/jetson/tb420250806/build/turtlebot4_viz': CMAKE_PREFIX_PATH=/home/jetson/tb420250806/install/turtlebot4_description:/home/jetson/tb420250806/install/turtlebot4_desktop:/home/jetson/tb420250806/install/turtlebot4_viz:/home/jetson/tb420250806/install/turtlebot4_robot:/home/jetson/tb420250806/install/turtlebot4_bringup:/home/jetson/tb420250806/install/turtlebot4_base:/home/jetson/tb420250806/install/turtlebot4_node:/home/jetson/tb420250806/install/turtlebot4_navigation:/home/jetson/tb420250806/install/turtlebot4_msgs:/home/jetson/tb420250806/install/nav2_costmap_filters_demo:/home/jetson/tb420250806/install/map_publisher:/home/jetson/tb420250806/install/voice_nav2_assistant:/home/jetson/tb420250806/install/turtlebot4_tests:/home/jetson/tb420250806/install/pose_navigator:/home/jetson/tb420250806/install/turtlebot4_diagnostics:/opt/ros/humble /usr/bin/cmake --build /home/jetson/tb420250806/build/turtlebot4_viz -- -j12 -l12
[0.523s] Invoked command in '/home/jetson/tb420250806/build/turtlebot4_viz' returned '0': CMAKE_PREFIX_PATH=/home/jetson/tb420250806/install/turtlebot4_description:/home/jetson/tb420250806/install/turtlebot4_desktop:/home/jetson/tb420250806/install/turtlebot4_viz:/home/jetson/tb420250806/install/turtlebot4_robot:/home/jetson/tb420250806/install/turtlebot4_bringup:/home/jetson/tb420250806/install/turtlebot4_base:/home/jetson/tb420250806/install/turtlebot4_node:/home/jetson/tb420250806/install/turtlebot4_navigation:/home/jetson/tb420250806/install/turtlebot4_msgs:/home/jetson/tb420250806/install/nav2_costmap_filters_demo:/home/jetson/tb420250806/install/map_publisher:/home/jetson/tb420250806/install/voice_nav2_assistant:/home/jetson/tb420250806/install/turtlebot4_tests:/home/jetson/tb420250806/install/pose_navigator:/home/jetson/tb420250806/install/turtlebot4_diagnostics:/opt/ros/humble /usr/bin/cmake --build /home/jetson/tb420250806/build/turtlebot4_viz -- -j12 -l12
[0.528s] Invoking command in '/home/jetson/tb420250806/build/turtlebot4_viz': CMAKE_PREFIX_PATH=/home/jetson/tb420250806/install/turtlebot4_description:/home/jetson/tb420250806/install/turtlebot4_desktop:/home/jetson/tb420250806/install/turtlebot4_viz:/home/jetson/tb420250806/install/turtlebot4_robot:/home/jetson/tb420250806/install/turtlebot4_bringup:/home/jetson/tb420250806/install/turtlebot4_base:/home/jetson/tb420250806/install/turtlebot4_node:/home/jetson/tb420250806/install/turtlebot4_navigation:/home/jetson/tb420250806/install/turtlebot4_msgs:/home/jetson/tb420250806/install/nav2_costmap_filters_demo:/home/jetson/tb420250806/install/map_publisher:/home/jetson/tb420250806/install/voice_nav2_assistant:/home/jetson/tb420250806/install/turtlebot4_tests:/home/jetson/tb420250806/install/pose_navigator:/home/jetson/tb420250806/install/turtlebot4_diagnostics:/opt/ros/humble /usr/bin/cmake --install /home/jetson/tb420250806/build/turtlebot4_viz
[0.580s] -- Install configuration: ""
[0.580s] -- Execute custom install script
[0.580s] -- Up-to-date symlink: /home/jetson/tb420250806/install/turtlebot4_viz/share/turtlebot4_viz/launch/view_diagnostics.launch.py
[0.580s] -- Up-to-date symlink: /home/jetson/tb420250806/install/turtlebot4_viz/share/turtlebot4_viz/launch/view_model.launch.py
[0.580s] -- Up-to-date symlink: /home/jetson/tb420250806/install/turtlebot4_viz/share/turtlebot4_viz/launch/view_navigation.launch.py
[0.581s] -- Up-to-date symlink: /home/jetson/tb420250806/install/turtlebot4_viz/share/turtlebot4_viz/launch/view_robot.launch.py
[0.581s] -- Up-to-date symlink: /home/jetson/tb420250806/install/turtlebot4_viz/share/turtlebot4_viz/rviz/model.rviz
[0.581s] -- Up-to-date symlink: /home/jetson/tb420250806/install/turtlebot4_viz/share/turtlebot4_viz/rviz/navigation.rviz
[0.581s] -- Up-to-date symlink: /home/jetson/tb420250806/install/turtlebot4_viz/share/turtlebot4_viz/rviz/robot.rviz
[0.581s] -- Up-to-date symlink: /home/jetson/tb420250806/install/turtlebot4_viz/share/ament_index/resource_index/package_run_dependencies/turtlebot4_viz
[0.581s] -- Up-to-date symlink: /home/jetson/tb420250806/install/turtlebot4_viz/share/ament_index/resource_index/parent_prefix_path/turtlebot4_viz
[0.582s] -- Up-to-date symlink: /home/jetson/tb420250806/install/turtlebot4_viz/share/turtlebot4_viz/environment/ament_prefix_path.sh
[0.582s] -- Up-to-date symlink: /home/jetson/tb420250806/install/turtlebot4_viz/share/turtlebot4_viz/environment/ament_prefix_path.dsv
[0.582s] -- Up-to-date symlink: /home/jetson/tb420250806/install/turtlebot4_viz/share/turtlebot4_viz/environment/path.sh
[0.582s] -- Up-to-date symlink: /home/jetson/tb420250806/install/turtlebot4_viz/share/turtlebot4_viz/environment/path.dsv
[0.582s] -- Up-to-date symlink: /home/jetson/tb420250806/install/turtlebot4_viz/share/turtlebot4_viz/local_setup.bash
[0.582s] -- Up-to-date symlink: /home/jetson/tb420250806/install/turtlebot4_viz/share/turtlebot4_viz/local_setup.sh
[0.583s] -- Up-to-date symlink: /home/jetson/tb420250806/install/turtlebot4_viz/share/turtlebot4_viz/local_setup.zsh
[0.583s] -- Up-to-date symlink: /home/jetson/tb420250806/install/turtlebot4_viz/share/turtlebot4_viz/local_setup.dsv
[0.583s] -- Symlinking: /home/jetson/tb420250806/install/turtlebot4_viz/share/turtlebot4_viz/package.dsv
[0.583s] -- Up-to-date symlink: /home/jetson/tb420250806/install/turtlebot4_viz/share/ament_index/resource_index/packages/turtlebot4_viz
[0.584s] -- Up-to-date symlink: /home/jetson/tb420250806/install/turtlebot4_viz/share/turtlebot4_viz/cmake/turtlebot4_vizConfig.cmake
[0.584s] -- Up-to-date symlink: /home/jetson/tb420250806/install/turtlebot4_viz/share/turtlebot4_viz/cmake/turtlebot4_vizConfig-version.cmake
[0.584s] -- Up-to-date symlink: /home/jetson/tb420250806/install/turtlebot4_viz/share/turtlebot4_viz/package.xml
[0.625s] Invoked command in '/home/jetson/tb420250806/build/turtlebot4_viz' returned '0': CMAKE_PREFIX_PATH=/home/jetson/tb420250806/install/turtlebot4_description:/home/jetson/tb420250806/install/turtlebot4_desktop:/home/jetson/tb420250806/install/turtlebot4_viz:/home/jetson/tb420250806/install/turtlebot4_robot:/home/jetson/tb420250806/install/turtlebot4_bringup:/home/jetson/tb420250806/install/turtlebot4_base:/home/jetson/tb420250806/install/turtlebot4_node:/home/jetson/tb420250806/install/turtlebot4_navigation:/home/jetson/tb420250806/install/turtlebot4_msgs:/home/jetson/tb420250806/install/nav2_costmap_filters_demo:/home/jetson/tb420250806/install/map_publisher:/home/jetson/tb420250806/install/voice_nav2_assistant:/home/jetson/tb420250806/install/turtlebot4_tests:/home/jetson/tb420250806/install/pose_navigator:/home/jetson/tb420250806/install/turtlebot4_diagnostics:/opt/ros/humble /usr/bin/cmake --install /home/jetson/tb420250806/build/turtlebot4_viz
