[0.066s] Invoking command in '/home/jetson/tb420250806/build/turtlebot4_msgs': CMAKE_PREFIX_PATH=${CMAKE_PREFIX_PATH}:/home/jetson/tb420250806/install/voice_nav2_assistant:/home/jetson/tb420250806/install/turtlebot4_tests:/home/jetson/tb420250806/install/pose_navigator:/home/jetson/tb420250806/install/turtlebot4_diagnostics:/opt/ros/humble /usr/bin/cmake --build /home/jetson/tb420250806/build/turtlebot4_msgs -- -j12 -l12
[0.529s] [  6%] Built target turtlebot4_msgs__cpp
[0.529s] [ 12%] Built target turtlebot4_msgs__rosidl_generator_c
[0.529s] [ 12%] Built target ament_cmake_python_symlink_turtlebot4_msgs
[0.529s] [ 34%] Built target turtlebot4_msgs__rosidl_typesupport_introspection_cpp
[0.530s] [ 34%] Built target turtlebot4_msgs__rosidl_typesupport_fastrtps_c
[0.532s] [ 55%] Built target turtlebot4_msgs__rosidl_typesupport_cpp
[0.532s] [ 55%] Built target turtlebot4_msgs__rosidl_typesupport_fastrtps_cpp
[0.533s] [ 76%] Built target turtlebot4_msgs__rosidl_typesupport_introspection_c
[0.534s] [ 76%] Built target turtlebot4_msgs__rosidl_typesupport_c
[0.534s] [ 76%] Built target turtlebot4_msgs
[0.534s] [ 78%] Built target turtlebot4_msgs__py
[0.534s] [ 87%] Built target turtlebot4_msgs__rosidl_generator_py
[0.534s] [ 95%] Built target turtlebot4_msgs__rosidl_typesupport_fastrtps_c__pyext
[0.535s] [ 95%] Built target turtlebot4_msgs__rosidl_typesupport_c__pyext
[0.535s] [100%] Built target turtlebot4_msgs__rosidl_typesupport_introspection_c__pyext
[0.554s] running egg_info
[0.556s] writing turtlebot4_msgs.egg-info/PKG-INFO
[0.556s] writing dependency_links to turtlebot4_msgs.egg-info/dependency_links.txt
[0.557s] writing top-level names to turtlebot4_msgs.egg-info/top_level.txt
[0.562s] reading manifest file 'turtlebot4_msgs.egg-info/SOURCES.txt'
[0.564s] writing manifest file 'turtlebot4_msgs.egg-info/SOURCES.txt'
[0.630s] [100%] Built target ament_cmake_python_build_turtlebot4_msgs_egg
[0.995s] Invoked command in '/home/jetson/tb420250806/build/turtlebot4_msgs' returned '0': CMAKE_PREFIX_PATH=${CMAKE_PREFIX_PATH}:/home/jetson/tb420250806/install/voice_nav2_assistant:/home/jetson/tb420250806/install/turtlebot4_tests:/home/jetson/tb420250806/install/pose_navigator:/home/jetson/tb420250806/install/turtlebot4_diagnostics:/opt/ros/humble /usr/bin/cmake --build /home/jetson/tb420250806/build/turtlebot4_msgs -- -j12 -l12
[1.004s] Invoking command in '/home/jetson/tb420250806/build/turtlebot4_msgs': CMAKE_PREFIX_PATH=${CMAKE_PREFIX_PATH}:/home/jetson/tb420250806/install/voice_nav2_assistant:/home/jetson/tb420250806/install/turtlebot4_tests:/home/jetson/tb420250806/install/pose_navigator:/home/jetson/tb420250806/install/turtlebot4_diagnostics:/opt/ros/humble /usr/bin/cmake --install /home/jetson/tb420250806/build/turtlebot4_msgs
[1.013s] -- Install configuration: ""
[1.013s] -- Execute custom install script
[1.014s] -- Up-to-date symlink: /home/jetson/tb420250806/install/turtlebot4_msgs/share/ament_index/resource_index/rosidl_interfaces/turtlebot4_msgs
[1.014s] -- Up-to-date symlink: /home/jetson/tb420250806/install/turtlebot4_msgs/include/turtlebot4_msgs/turtlebot4_msgs/msg/detail/user_button__functions.h
[1.014s] -- Up-to-date symlink: /home/jetson/tb420250806/install/turtlebot4_msgs/include/turtlebot4_msgs/turtlebot4_msgs/msg/detail/user_button__struct.h
[1.014s] -- Up-to-date symlink: /home/jetson/tb420250806/install/turtlebot4_msgs/include/turtlebot4_msgs/turtlebot4_msgs/msg/detail/user_button__type_support.h
[1.014s] -- Up-to-date symlink: /home/jetson/tb420250806/install/turtlebot4_msgs/include/turtlebot4_msgs/turtlebot4_msgs/msg/detail/user_display__functions.h
[1.014s] -- Up-to-date symlink: /home/jetson/tb420250806/install/turtlebot4_msgs/include/turtlebot4_msgs/turtlebot4_msgs/msg/detail/user_display__struct.h
[1.014s] -- Up-to-date symlink: /home/jetson/tb420250806/install/turtlebot4_msgs/include/turtlebot4_msgs/turtlebot4_msgs/msg/detail/user_display__type_support.h
[1.014s] -- Up-to-date symlink: /home/jetson/tb420250806/install/turtlebot4_msgs/include/turtlebot4_msgs/turtlebot4_msgs/msg/detail/user_led__functions.h
[1.014s] -- Up-to-date symlink: /home/jetson/tb420250806/install/turtlebot4_msgs/include/turtlebot4_msgs/turtlebot4_msgs/msg/detail/user_led__struct.h
[1.014s] -- Up-to-date symlink: /home/jetson/tb420250806/install/turtlebot4_msgs/include/turtlebot4_msgs/turtlebot4_msgs/msg/detail/user_led__type_support.h
[1.015s] -- Up-to-date symlink: /home/jetson/tb420250806/install/turtlebot4_msgs/include/turtlebot4_msgs/turtlebot4_msgs/msg/rosidl_generator_c__visibility_control.h
[1.015s] -- Up-to-date symlink: /home/jetson/tb420250806/install/turtlebot4_msgs/include/turtlebot4_msgs/turtlebot4_msgs/msg/user_button.h
[1.015s] -- Up-to-date symlink: /home/jetson/tb420250806/install/turtlebot4_msgs/include/turtlebot4_msgs/turtlebot4_msgs/msg/user_display.h
[1.015s] -- Up-to-date symlink: /home/jetson/tb420250806/install/turtlebot4_msgs/include/turtlebot4_msgs/turtlebot4_msgs/msg/user_led.h
[1.015s] -- Up-to-date symlink: /home/jetson/tb420250806/install/turtlebot4_msgs/share/turtlebot4_msgs/environment/library_path.sh
[1.015s] -- Up-to-date symlink: /home/jetson/tb420250806/install/turtlebot4_msgs/share/turtlebot4_msgs/environment/library_path.dsv
[1.016s] -- Up-to-date symlink: /home/jetson/tb420250806/install/turtlebot4_msgs/include/turtlebot4_msgs/turtlebot4_msgs/msg/detail/user_button__rosidl_typesupport_fastrtps_c.h
[1.016s] -- Up-to-date symlink: /home/jetson/tb420250806/install/turtlebot4_msgs/include/turtlebot4_msgs/turtlebot4_msgs/msg/detail/user_display__rosidl_typesupport_fastrtps_c.h
[1.016s] -- Up-to-date symlink: /home/jetson/tb420250806/install/turtlebot4_msgs/include/turtlebot4_msgs/turtlebot4_msgs/msg/detail/user_led__rosidl_typesupport_fastrtps_c.h
[1.016s] -- Up-to-date symlink: /home/jetson/tb420250806/install/turtlebot4_msgs/include/turtlebot4_msgs/turtlebot4_msgs/msg/rosidl_typesupport_fastrtps_c__visibility_control.h
[1.017s] -- Up-to-date symlink: /home/jetson/tb420250806/install/turtlebot4_msgs/include/turtlebot4_msgs/turtlebot4_msgs/msg/detail/user_button__rosidl_typesupport_introspection_c.h
[1.018s] -- Up-to-date symlink: /home/jetson/tb420250806/install/turtlebot4_msgs/include/turtlebot4_msgs/turtlebot4_msgs/msg/detail/user_display__rosidl_typesupport_introspection_c.h
[1.019s] -- Up-to-date symlink: /home/jetson/tb420250806/install/turtlebot4_msgs/include/turtlebot4_msgs/turtlebot4_msgs/msg/detail/user_led__rosidl_typesupport_introspection_c.h
[1.020s] -- Up-to-date symlink: /home/jetson/tb420250806/install/turtlebot4_msgs/include/turtlebot4_msgs/turtlebot4_msgs/msg/rosidl_typesupport_introspection_c__visibility_control.h
[1.020s] -- Up-to-date symlink: /home/jetson/tb420250806/install/turtlebot4_msgs/include/turtlebot4_msgs/turtlebot4_msgs/msg/detail/user_button__builder.hpp
[1.020s] -- Up-to-date symlink: /home/jetson/tb420250806/install/turtlebot4_msgs/include/turtlebot4_msgs/turtlebot4_msgs/msg/detail/user_button__struct.hpp
[1.021s] -- Up-to-date symlink: /home/jetson/tb420250806/install/turtlebot4_msgs/include/turtlebot4_msgs/turtlebot4_msgs/msg/detail/user_button__traits.hpp
[1.021s] -- Up-to-date symlink: /home/jetson/tb420250806/install/turtlebot4_msgs/include/turtlebot4_msgs/turtlebot4_msgs/msg/detail/user_button__type_support.hpp
[1.021s] -- Up-to-date symlink: /home/jetson/tb420250806/install/turtlebot4_msgs/include/turtlebot4_msgs/turtlebot4_msgs/msg/detail/user_display__builder.hpp
[1.022s] -- Up-to-date symlink: /home/jetson/tb420250806/install/turtlebot4_msgs/include/turtlebot4_msgs/turtlebot4_msgs/msg/detail/user_display__struct.hpp
[1.022s] -- Up-to-date symlink: /home/jetson/tb420250806/install/turtlebot4_msgs/include/turtlebot4_msgs/turtlebot4_msgs/msg/detail/user_display__traits.hpp
[1.022s] -- Up-to-date symlink: /home/jetson/tb420250806/install/turtlebot4_msgs/include/turtlebot4_msgs/turtlebot4_msgs/msg/detail/user_display__type_support.hpp
[1.022s] -- Up-to-date symlink: /home/jetson/tb420250806/install/turtlebot4_msgs/include/turtlebot4_msgs/turtlebot4_msgs/msg/detail/user_led__builder.hpp
[1.022s] -- Up-to-date symlink: /home/jetson/tb420250806/install/turtlebot4_msgs/include/turtlebot4_msgs/turtlebot4_msgs/msg/detail/user_led__struct.hpp
[1.023s] -- Up-to-date symlink: /home/jetson/tb420250806/install/turtlebot4_msgs/include/turtlebot4_msgs/turtlebot4_msgs/msg/detail/user_led__traits.hpp
[1.023s] -- Up-to-date symlink: /home/jetson/tb420250806/install/turtlebot4_msgs/include/turtlebot4_msgs/turtlebot4_msgs/msg/detail/user_led__type_support.hpp
[1.023s] -- Up-to-date symlink: /home/jetson/tb420250806/install/turtlebot4_msgs/include/turtlebot4_msgs/turtlebot4_msgs/msg/rosidl_generator_cpp__visibility_control.hpp
[1.023s] -- Up-to-date symlink: /home/jetson/tb420250806/install/turtlebot4_msgs/include/turtlebot4_msgs/turtlebot4_msgs/msg/user_button.hpp
[1.024s] -- Up-to-date symlink: /home/jetson/tb420250806/install/turtlebot4_msgs/include/turtlebot4_msgs/turtlebot4_msgs/msg/user_display.hpp
[1.024s] -- Up-to-date symlink: /home/jetson/tb420250806/install/turtlebot4_msgs/include/turtlebot4_msgs/turtlebot4_msgs/msg/user_led.hpp
[1.025s] -- Up-to-date symlink: /home/jetson/tb420250806/install/turtlebot4_msgs/include/turtlebot4_msgs/turtlebot4_msgs/msg/detail/user_button__rosidl_typesupport_fastrtps_cpp.hpp
[1.026s] -- Up-to-date symlink: /home/jetson/tb420250806/install/turtlebot4_msgs/include/turtlebot4_msgs/turtlebot4_msgs/msg/detail/user_display__rosidl_typesupport_fastrtps_cpp.hpp
[1.026s] -- Up-to-date symlink: /home/jetson/tb420250806/install/turtlebot4_msgs/include/turtlebot4_msgs/turtlebot4_msgs/msg/detail/user_led__rosidl_typesupport_fastrtps_cpp.hpp
[1.026s] -- Up-to-date symlink: /home/jetson/tb420250806/install/turtlebot4_msgs/include/turtlebot4_msgs/turtlebot4_msgs/msg/rosidl_typesupport_fastrtps_cpp__visibility_control.h
[1.026s] -- Up-to-date symlink: /home/jetson/tb420250806/install/turtlebot4_msgs/include/turtlebot4_msgs/turtlebot4_msgs/msg/detail/user_button__rosidl_typesupport_introspection_cpp.hpp
[1.027s] -- Up-to-date symlink: /home/jetson/tb420250806/install/turtlebot4_msgs/include/turtlebot4_msgs/turtlebot4_msgs/msg/detail/user_display__rosidl_typesupport_introspection_cpp.hpp
[1.027s] -- Up-to-date symlink: /home/jetson/tb420250806/install/turtlebot4_msgs/include/turtlebot4_msgs/turtlebot4_msgs/msg/detail/user_led__rosidl_typesupport_introspection_cpp.hpp
[1.027s] -- Up-to-date symlink: /home/jetson/tb420250806/install/turtlebot4_msgs/share/turtlebot4_msgs/environment/pythonpath.sh
[1.027s] -- Up-to-date symlink: /home/jetson/tb420250806/install/turtlebot4_msgs/share/turtlebot4_msgs/environment/pythonpath.dsv
[1.028s] -- Up-to-date symlink: /home/jetson/tb420250806/install/turtlebot4_msgs/local/lib/python3.10/dist-packages/turtlebot4_msgs-1.0.5-py3.10.egg-info/PKG-INFO
[1.028s] -- Up-to-date symlink: /home/jetson/tb420250806/install/turtlebot4_msgs/local/lib/python3.10/dist-packages/turtlebot4_msgs-1.0.5-py3.10.egg-info/SOURCES.txt
[1.028s] -- Up-to-date symlink: /home/jetson/tb420250806/install/turtlebot4_msgs/local/lib/python3.10/dist-packages/turtlebot4_msgs-1.0.5-py3.10.egg-info/dependency_links.txt
[1.029s] -- Up-to-date symlink: /home/jetson/tb420250806/install/turtlebot4_msgs/local/lib/python3.10/dist-packages/turtlebot4_msgs-1.0.5-py3.10.egg-info/top_level.txt
[1.029s] -- Up-to-date symlink: /home/jetson/tb420250806/install/turtlebot4_msgs/local/lib/python3.10/dist-packages/turtlebot4_msgs/__init__.py
[1.029s] -- Up-to-date symlink: /home/jetson/tb420250806/install/turtlebot4_msgs/local/lib/python3.10/dist-packages/turtlebot4_msgs/_turtlebot4_msgs_s.ep.rosidl_typesupport_c.c
[1.029s] -- Up-to-date symlink: /home/jetson/tb420250806/install/turtlebot4_msgs/local/lib/python3.10/dist-packages/turtlebot4_msgs/_turtlebot4_msgs_s.ep.rosidl_typesupport_fastrtps_c.c
[1.029s] -- Up-to-date symlink: /home/jetson/tb420250806/install/turtlebot4_msgs/local/lib/python3.10/dist-packages/turtlebot4_msgs/_turtlebot4_msgs_s.ep.rosidl_typesupport_introspection_c.c
[1.031s] -- Up-to-date symlink: /home/jetson/tb420250806/install/turtlebot4_msgs/local/lib/python3.10/dist-packages/turtlebot4_msgs/libturtlebot4_msgs__rosidl_generator_py.so
[1.031s] -- Up-to-date symlink: /home/jetson/tb420250806/install/turtlebot4_msgs/local/lib/python3.10/dist-packages/turtlebot4_msgs/msg/__init__.py
[1.031s] -- Up-to-date symlink: /home/jetson/tb420250806/install/turtlebot4_msgs/local/lib/python3.10/dist-packages/turtlebot4_msgs/msg/_user_button.py
[1.031s] -- Up-to-date symlink: /home/jetson/tb420250806/install/turtlebot4_msgs/local/lib/python3.10/dist-packages/turtlebot4_msgs/msg/_user_button_s.c
[1.032s] -- Up-to-date symlink: /home/jetson/tb420250806/install/turtlebot4_msgs/local/lib/python3.10/dist-packages/turtlebot4_msgs/msg/_user_display.py
[1.032s] -- Up-to-date symlink: /home/jetson/tb420250806/install/turtlebot4_msgs/local/lib/python3.10/dist-packages/turtlebot4_msgs/msg/_user_display_s.c
[1.032s] -- Up-to-date symlink: /home/jetson/tb420250806/install/turtlebot4_msgs/local/lib/python3.10/dist-packages/turtlebot4_msgs/msg/_user_led.py
[1.032s] -- Up-to-date symlink: /home/jetson/tb420250806/install/turtlebot4_msgs/local/lib/python3.10/dist-packages/turtlebot4_msgs/msg/_user_led_s.c
[1.032s] -- Up-to-date symlink: /home/jetson/tb420250806/install/turtlebot4_msgs/local/lib/python3.10/dist-packages/turtlebot4_msgs/turtlebot4_msgs_s__rosidl_typesupport_c.cpython-310-aarch64-linux-gnu.so
[1.033s] -- Up-to-date symlink: /home/jetson/tb420250806/install/turtlebot4_msgs/local/lib/python3.10/dist-packages/turtlebot4_msgs/turtlebot4_msgs_s__rosidl_typesupport_fastrtps_c.cpython-310-aarch64-linux-gnu.so
[1.033s] -- Up-to-date symlink: /home/jetson/tb420250806/install/turtlebot4_msgs/local/lib/python3.10/dist-packages/turtlebot4_msgs/turtlebot4_msgs_s__rosidl_typesupport_introspection_c.cpython-310-aarch64-linux-gnu.so
[1.033s] -- Up-to-date symlink: /home/jetson/tb420250806/install/turtlebot4_msgs/local/lib/python3.10/dist-packages/turtlebot4_msgs/turtlebot4_msgs_s__rosidl_typesupport_fastrtps_c.cpython-310-aarch64-linux-gnu.so
[1.034s] -- Up-to-date symlink: /home/jetson/tb420250806/install/turtlebot4_msgs/local/lib/python3.10/dist-packages/turtlebot4_msgs/turtlebot4_msgs_s__rosidl_typesupport_introspection_c.cpython-310-aarch64-linux-gnu.so
[1.034s] -- Up-to-date symlink: /home/jetson/tb420250806/install/turtlebot4_msgs/local/lib/python3.10/dist-packages/turtlebot4_msgs/turtlebot4_msgs_s__rosidl_typesupport_c.cpython-310-aarch64-linux-gnu.so
[1.035s] -- Up-to-date symlink: /home/jetson/tb420250806/install/turtlebot4_msgs/share/turtlebot4_msgs/msg/UserLed.idl
[1.035s] -- Up-to-date symlink: /home/jetson/tb420250806/install/turtlebot4_msgs/share/turtlebot4_msgs/msg/UserButton.idl
[1.036s] -- Up-to-date symlink: /home/jetson/tb420250806/install/turtlebot4_msgs/share/turtlebot4_msgs/msg/UserDisplay.idl
[1.036s] -- Up-to-date symlink: /home/jetson/tb420250806/install/turtlebot4_msgs/share/turtlebot4_msgs/msg/UserLed.msg
[1.036s] -- Up-to-date symlink: /home/jetson/tb420250806/install/turtlebot4_msgs/share/turtlebot4_msgs/msg/UserButton.msg
[1.036s] -- Up-to-date symlink: /home/jetson/tb420250806/install/turtlebot4_msgs/share/turtlebot4_msgs/msg/UserDisplay.msg
[1.036s] -- Up-to-date symlink: /home/jetson/tb420250806/install/turtlebot4_msgs/share/ament_index/resource_index/package_run_dependencies/turtlebot4_msgs
[1.037s] -- Up-to-date symlink: /home/jetson/tb420250806/install/turtlebot4_msgs/share/ament_index/resource_index/parent_prefix_path/turtlebot4_msgs
[1.037s] -- Up-to-date symlink: /home/jetson/tb420250806/install/turtlebot4_msgs/share/turtlebot4_msgs/environment/ament_prefix_path.sh
[1.037s] -- Up-to-date symlink: /home/jetson/tb420250806/install/turtlebot4_msgs/share/turtlebot4_msgs/environment/ament_prefix_path.dsv
[1.037s] -- Up-to-date symlink: /home/jetson/tb420250806/install/turtlebot4_msgs/share/turtlebot4_msgs/environment/path.sh
[1.038s] -- Up-to-date symlink: /home/jetson/tb420250806/install/turtlebot4_msgs/share/turtlebot4_msgs/environment/path.dsv
[1.038s] -- Up-to-date symlink: /home/jetson/tb420250806/install/turtlebot4_msgs/share/turtlebot4_msgs/local_setup.bash
[1.038s] -- Up-to-date symlink: /home/jetson/tb420250806/install/turtlebot4_msgs/share/turtlebot4_msgs/local_setup.sh
[1.039s] -- Up-to-date symlink: /home/jetson/tb420250806/install/turtlebot4_msgs/share/turtlebot4_msgs/local_setup.zsh
[1.039s] -- Up-to-date symlink: /home/jetson/tb420250806/install/turtlebot4_msgs/share/turtlebot4_msgs/local_setup.dsv
[1.039s] -- Symlinking: /home/jetson/tb420250806/install/turtlebot4_msgs/share/turtlebot4_msgs/package.dsv
[1.043s] -- Up-to-date symlink: /home/jetson/tb420250806/install/turtlebot4_msgs/share/ament_index/resource_index/packages/turtlebot4_msgs
[1.043s] -- Up-to-date symlink: /home/jetson/tb420250806/install/turtlebot4_msgs/share/turtlebot4_msgs/cmake/rosidl_cmake-extras.cmake
[1.044s] -- Up-to-date symlink: /home/jetson/tb420250806/install/turtlebot4_msgs/share/turtlebot4_msgs/cmake/ament_cmake_export_include_directories-extras.cmake
[1.044s] -- Up-to-date symlink: /home/jetson/tb420250806/install/turtlebot4_msgs/share/turtlebot4_msgs/cmake/ament_cmake_export_libraries-extras.cmake
[1.045s] -- Up-to-date symlink: /home/jetson/tb420250806/install/turtlebot4_msgs/share/turtlebot4_msgs/cmake/ament_cmake_export_targets-extras.cmake
[1.046s] -- Up-to-date symlink: /home/jetson/tb420250806/install/turtlebot4_msgs/share/turtlebot4_msgs/cmake/rosidl_cmake_export_typesupport_targets-extras.cmake
[1.046s] -- Up-to-date symlink: /home/jetson/tb420250806/install/turtlebot4_msgs/share/turtlebot4_msgs/cmake/ament_cmake_export_dependencies-extras.cmake
[1.046s] -- Up-to-date symlink: /home/jetson/tb420250806/install/turtlebot4_msgs/share/turtlebot4_msgs/cmake/rosidl_cmake_export_typesupport_libraries-extras.cmake
[1.046s] -- Up-to-date symlink: /home/jetson/tb420250806/install/turtlebot4_msgs/share/turtlebot4_msgs/cmake/turtlebot4_msgsConfig.cmake
[1.047s] -- Up-to-date symlink: /home/jetson/tb420250806/install/turtlebot4_msgs/share/turtlebot4_msgs/cmake/turtlebot4_msgsConfig-version.cmake
[1.051s] -- Up-to-date symlink: /home/jetson/tb420250806/install/turtlebot4_msgs/share/turtlebot4_msgs/package.xml
[1.051s] -- Up-to-date: /home/jetson/tb420250806/install/turtlebot4_msgs/lib/libturtlebot4_msgs__rosidl_generator_c.so
[1.052s] -- Up-to-date: /home/jetson/tb420250806/install/turtlebot4_msgs/lib/libturtlebot4_msgs__rosidl_typesupport_fastrtps_c.so
[1.053s] -- Up-to-date: /home/jetson/tb420250806/install/turtlebot4_msgs/lib/libturtlebot4_msgs__rosidl_typesupport_introspection_c.so
[1.053s] -- Up-to-date: /home/jetson/tb420250806/install/turtlebot4_msgs/lib/libturtlebot4_msgs__rosidl_typesupport_c.so
[1.054s] -- Up-to-date: /home/jetson/tb420250806/install/turtlebot4_msgs/lib/libturtlebot4_msgs__rosidl_typesupport_fastrtps_cpp.so
[1.054s] -- Up-to-date: /home/jetson/tb420250806/install/turtlebot4_msgs/lib/libturtlebot4_msgs__rosidl_typesupport_introspection_cpp.so
[1.054s] -- Up-to-date: /home/jetson/tb420250806/install/turtlebot4_msgs/lib/libturtlebot4_msgs__rosidl_typesupport_cpp.so
[1.106s] Listing '/home/jetson/tb420250806/install/turtlebot4_msgs/local/lib/python3.10/dist-packages/turtlebot4_msgs'...
[1.107s] Listing '/home/jetson/tb420250806/install/turtlebot4_msgs/local/lib/python3.10/dist-packages/turtlebot4_msgs/msg'...
[1.114s] -- Up-to-date: /home/jetson/tb420250806/install/turtlebot4_msgs/lib/libturtlebot4_msgs__rosidl_generator_py.so
[1.114s] -- Up-to-date: /home/jetson/tb420250806/install/turtlebot4_msgs/share/turtlebot4_msgs/cmake/export_turtlebot4_msgs__rosidl_generator_cExport.cmake
[1.114s] -- Up-to-date: /home/jetson/tb420250806/install/turtlebot4_msgs/share/turtlebot4_msgs/cmake/export_turtlebot4_msgs__rosidl_generator_cExport-noconfig.cmake
[1.114s] -- Up-to-date: /home/jetson/tb420250806/install/turtlebot4_msgs/share/turtlebot4_msgs/cmake/export_turtlebot4_msgs__rosidl_typesupport_fastrtps_cExport.cmake
[1.114s] -- Up-to-date: /home/jetson/tb420250806/install/turtlebot4_msgs/share/turtlebot4_msgs/cmake/export_turtlebot4_msgs__rosidl_typesupport_fastrtps_cExport-noconfig.cmake
[1.115s] -- Up-to-date: /home/jetson/tb420250806/install/turtlebot4_msgs/share/turtlebot4_msgs/cmake/turtlebot4_msgs__rosidl_typesupport_introspection_cExport.cmake
[1.115s] -- Up-to-date: /home/jetson/tb420250806/install/turtlebot4_msgs/share/turtlebot4_msgs/cmake/turtlebot4_msgs__rosidl_typesupport_introspection_cExport-noconfig.cmake
[1.115s] -- Up-to-date: /home/jetson/tb420250806/install/turtlebot4_msgs/share/turtlebot4_msgs/cmake/turtlebot4_msgs__rosidl_typesupport_cExport.cmake
[1.115s] -- Up-to-date: /home/jetson/tb420250806/install/turtlebot4_msgs/share/turtlebot4_msgs/cmake/turtlebot4_msgs__rosidl_typesupport_cExport-noconfig.cmake
[1.115s] -- Up-to-date: /home/jetson/tb420250806/install/turtlebot4_msgs/share/turtlebot4_msgs/cmake/export_turtlebot4_msgs__rosidl_generator_cppExport.cmake
[1.116s] -- Up-to-date: /home/jetson/tb420250806/install/turtlebot4_msgs/share/turtlebot4_msgs/cmake/export_turtlebot4_msgs__rosidl_typesupport_fastrtps_cppExport.cmake
[1.116s] -- Up-to-date: /home/jetson/tb420250806/install/turtlebot4_msgs/share/turtlebot4_msgs/cmake/export_turtlebot4_msgs__rosidl_typesupport_fastrtps_cppExport-noconfig.cmake
[1.116s] -- Up-to-date: /home/jetson/tb420250806/install/turtlebot4_msgs/share/turtlebot4_msgs/cmake/turtlebot4_msgs__rosidl_typesupport_introspection_cppExport.cmake
[1.116s] -- Up-to-date: /home/jetson/tb420250806/install/turtlebot4_msgs/share/turtlebot4_msgs/cmake/turtlebot4_msgs__rosidl_typesupport_introspection_cppExport-noconfig.cmake
[1.116s] -- Up-to-date: /home/jetson/tb420250806/install/turtlebot4_msgs/share/turtlebot4_msgs/cmake/turtlebot4_msgs__rosidl_typesupport_cppExport.cmake
[1.116s] -- Up-to-date: /home/jetson/tb420250806/install/turtlebot4_msgs/share/turtlebot4_msgs/cmake/turtlebot4_msgs__rosidl_typesupport_cppExport-noconfig.cmake
[1.116s] -- Up-to-date: /home/jetson/tb420250806/install/turtlebot4_msgs/share/turtlebot4_msgs/cmake/export_turtlebot4_msgs__rosidl_generator_pyExport.cmake
[1.117s] -- Up-to-date: /home/jetson/tb420250806/install/turtlebot4_msgs/share/turtlebot4_msgs/cmake/export_turtlebot4_msgs__rosidl_generator_pyExport-noconfig.cmake
[1.128s] Invoked command in '/home/jetson/tb420250806/build/turtlebot4_msgs' returned '0': CMAKE_PREFIX_PATH=${CMAKE_PREFIX_PATH}:/home/jetson/tb420250806/install/voice_nav2_assistant:/home/jetson/tb420250806/install/turtlebot4_tests:/home/jetson/tb420250806/install/pose_navigator:/home/jetson/tb420250806/install/turtlebot4_diagnostics:/opt/ros/humble /usr/bin/cmake --install /home/jetson/tb420250806/build/turtlebot4_msgs
