[0.030s] Invoking command in '/home/jetson/tb420250806/build/turtlebot4_base': CMAKE_PREFIX_PATH=/home/jetson/tb420250806/install/turtlebot4_node:/home/jetson/tb420250806/install/turtlebot4_msgs:/home/jetson/tb420250806/install/turtlebot4_desktop:/home/jetson/tb420250806/install/turtlebot4_viz:/home/jetson/tb420250806/install/turtlebot4_robot:/home/jetson/tb420250806/install/turtlebot4_bringup:/home/jetson/tb420250806/install/turtlebot4_base:/home/jetson/tb420250806/install/turtlebot4_navigation:/home/jetson/tb420250806/install/turtlebot4_description:/home/jetson/tb420250806/install/nav2_costmap_filters_demo:/home/jetson/tb420250806/install/map_publisher:/home/jetson/tb420250806/install/voice_nav2_assistant:/home/jetson/tb420250806/install/turtlebot4_tests:/home/jetson/tb420250806/install/pose_navigator:/home/jetson/tb420250806/install/turtlebot4_diagnostics:/opt/ros/humble LD_LIBRARY_PATH=/home/jetson/tb420250806/install/turtlebot4_msgs/lib:/opt/ros/humble/opt/rviz_ogre_vendor/lib:/opt/ros/humble/lib/aarch64-linux-gnu:/opt/ros/humble/lib:/usr/local/cuda/lib64 /usr/bin/cmake --build /home/jetson/tb420250806/build/turtlebot4_base -- -j8 -l8
[0.260s] [ 83%] Built target turtlebot4_base_lib
[0.339s] [100%] Built target turtlebot4_base_node
[0.361s] Invoked command in '/home/jetson/tb420250806/build/turtlebot4_base' returned '0': CMAKE_PREFIX_PATH=/home/jetson/tb420250806/install/turtlebot4_node:/home/jetson/tb420250806/install/turtlebot4_msgs:/home/jetson/tb420250806/install/turtlebot4_desktop:/home/jetson/tb420250806/install/turtlebot4_viz:/home/jetson/tb420250806/install/turtlebot4_robot:/home/jetson/tb420250806/install/turtlebot4_bringup:/home/jetson/tb420250806/install/turtlebot4_base:/home/jetson/tb420250806/install/turtlebot4_navigation:/home/jetson/tb420250806/install/turtlebot4_description:/home/jetson/tb420250806/install/nav2_costmap_filters_demo:/home/jetson/tb420250806/install/map_publisher:/home/jetson/tb420250806/install/voice_nav2_assistant:/home/jetson/tb420250806/install/turtlebot4_tests:/home/jetson/tb420250806/install/pose_navigator:/home/jetson/tb420250806/install/turtlebot4_diagnostics:/opt/ros/humble LD_LIBRARY_PATH=/home/jetson/tb420250806/install/turtlebot4_msgs/lib:/opt/ros/humble/opt/rviz_ogre_vendor/lib:/opt/ros/humble/lib/aarch64-linux-gnu:/opt/ros/humble/lib:/usr/local/cuda/lib64 /usr/bin/cmake --build /home/jetson/tb420250806/build/turtlebot4_base -- -j8 -l8
[0.367s] Invoking command in '/home/jetson/tb420250806/build/turtlebot4_base': CMAKE_PREFIX_PATH=/home/jetson/tb420250806/install/turtlebot4_node:/home/jetson/tb420250806/install/turtlebot4_msgs:/home/jetson/tb420250806/install/turtlebot4_desktop:/home/jetson/tb420250806/install/turtlebot4_viz:/home/jetson/tb420250806/install/turtlebot4_robot:/home/jetson/tb420250806/install/turtlebot4_bringup:/home/jetson/tb420250806/install/turtlebot4_base:/home/jetson/tb420250806/install/turtlebot4_navigation:/home/jetson/tb420250806/install/turtlebot4_description:/home/jetson/tb420250806/install/nav2_costmap_filters_demo:/home/jetson/tb420250806/install/map_publisher:/home/jetson/tb420250806/install/voice_nav2_assistant:/home/jetson/tb420250806/install/turtlebot4_tests:/home/jetson/tb420250806/install/pose_navigator:/home/jetson/tb420250806/install/turtlebot4_diagnostics:/opt/ros/humble LD_LIBRARY_PATH=/home/jetson/tb420250806/install/turtlebot4_msgs/lib:/opt/ros/humble/opt/rviz_ogre_vendor/lib:/opt/ros/humble/lib/aarch64-linux-gnu:/opt/ros/humble/lib:/usr/local/cuda/lib64 /usr/bin/cmake --install /home/jetson/tb420250806/build/turtlebot4_base
[0.381s] -- Install configuration: ""
[0.382s] -- Execute custom install script
[0.384s] -- Up-to-date symlink: /home/jetson/tb420250806/install/turtlebot4_base/lib/turtlebot4_base/turtlebot4_base_node
[0.384s] -- Up-to-date symlink: /home/jetson/tb420250806/install/turtlebot4_base/share/ament_index/resource_index/package_run_dependencies/turtlebot4_base
[0.386s] -- Up-to-date symlink: /home/jetson/tb420250806/install/turtlebot4_base/share/ament_index/resource_index/parent_prefix_path/turtlebot4_base
[0.387s] -- Up-to-date symlink: /home/jetson/tb420250806/install/turtlebot4_base/share/turtlebot4_base/environment/ament_prefix_path.sh
[0.388s] -- Up-to-date symlink: /home/jetson/tb420250806/install/turtlebot4_base/share/turtlebot4_base/environment/ament_prefix_path.dsv
[0.389s] -- Up-to-date symlink: /home/jetson/tb420250806/install/turtlebot4_base/share/turtlebot4_base/environment/path.sh
[0.390s] -- Up-to-date symlink: /home/jetson/tb420250806/install/turtlebot4_base/share/turtlebot4_base/environment/path.dsv
[0.390s] -- Up-to-date symlink: /home/jetson/tb420250806/install/turtlebot4_base/share/turtlebot4_base/local_setup.bash
[0.391s] -- Up-to-date symlink: /home/jetson/tb420250806/install/turtlebot4_base/share/turtlebot4_base/local_setup.sh
[0.391s] -- Up-to-date symlink: /home/jetson/tb420250806/install/turtlebot4_base/share/turtlebot4_base/local_setup.zsh
[0.392s] -- Up-to-date symlink: /home/jetson/tb420250806/install/turtlebot4_base/share/turtlebot4_base/local_setup.dsv
[0.392s] -- Symlinking: /home/jetson/tb420250806/install/turtlebot4_base/share/turtlebot4_base/package.dsv
[0.417s] -- Up-to-date symlink: /home/jetson/tb420250806/install/turtlebot4_base/share/ament_index/resource_index/packages/turtlebot4_base
[0.418s] -- Up-to-date symlink: /home/jetson/tb420250806/install/turtlebot4_base/share/turtlebot4_base/cmake/ament_cmake_export_include_directories-extras.cmake
[0.419s] -- Up-to-date symlink: /home/jetson/tb420250806/install/turtlebot4_base/share/turtlebot4_base/cmake/turtlebot4_baseConfig.cmake
[0.420s] -- Up-to-date symlink: /home/jetson/tb420250806/install/turtlebot4_base/share/turtlebot4_base/cmake/turtlebot4_baseConfig-version.cmake
[0.421s] -- Up-to-date symlink: /home/jetson/tb420250806/install/turtlebot4_base/share/turtlebot4_base/package.xml
[0.429s] Invoked command in '/home/jetson/tb420250806/build/turtlebot4_base' returned '0': CMAKE_PREFIX_PATH=/home/jetson/tb420250806/install/turtlebot4_node:/home/jetson/tb420250806/install/turtlebot4_msgs:/home/jetson/tb420250806/install/turtlebot4_desktop:/home/jetson/tb420250806/install/turtlebot4_viz:/home/jetson/tb420250806/install/turtlebot4_robot:/home/jetson/tb420250806/install/turtlebot4_bringup:/home/jetson/tb420250806/install/turtlebot4_base:/home/jetson/tb420250806/install/turtlebot4_navigation:/home/jetson/tb420250806/install/turtlebot4_description:/home/jetson/tb420250806/install/nav2_costmap_filters_demo:/home/jetson/tb420250806/install/map_publisher:/home/jetson/tb420250806/install/voice_nav2_assistant:/home/jetson/tb420250806/install/turtlebot4_tests:/home/jetson/tb420250806/install/pose_navigator:/home/jetson/tb420250806/install/turtlebot4_diagnostics:/opt/ros/humble LD_LIBRARY_PATH=/home/jetson/tb420250806/install/turtlebot4_msgs/lib:/opt/ros/humble/opt/rviz_ogre_vendor/lib:/opt/ros/humble/lib/aarch64-linux-gnu:/opt/ros/humble/lib:/usr/local/cuda/lib64 /usr/bin/cmake --install /home/jetson/tb420250806/build/turtlebot4_base
