[0.585s] Invoking command in '/home/jetson/tb420250806/build/turtlebot4_navigation': CMAKE_PREFIX_PATH=${CMAKE_PREFIX_PATH}:/home/jetson/tb420250806/install/voice_nav2_assistant:/home/jetson/tb420250806/install/turtlebot4_tests:/home/jetson/tb420250806/install/pose_navigator:/home/jetson/tb420250806/install/turtlebot4_diagnostics:/opt/ros/humble /usr/bin/cmake --build /home/jetson/tb420250806/build/turtlebot4_navigation -- -j8 -l8
[1.124s] Built target ament_cmake_python_symlink_turtlebot4_navigation
[1.163s] running egg_info
[1.172s] writing turtlebot4_navigation.egg-info/PKG-INFO
[1.173s] writing dependency_links to turtlebot4_navigation.egg-info/dependency_links.txt
[1.173s] writing top-level names to turtlebot4_navigation.egg-info/top_level.txt
[1.178s] reading manifest file 'turtlebot4_navigation.egg-info/SOURCES.txt'
[1.178s] writing manifest file 'turtlebot4_navigation.egg-info/SOURCES.txt'
[1.235s] Built target ament_cmake_python_build_turtlebot4_navigation_egg
[1.313s] Invoked command in '/home/jetson/tb420250806/build/turtlebot4_navigation' returned '0': CMAKE_PREFIX_PATH=${CMAKE_PREFIX_PATH}:/home/jetson/tb420250806/install/voice_nav2_assistant:/home/jetson/tb420250806/install/turtlebot4_tests:/home/jetson/tb420250806/install/pose_navigator:/home/jetson/tb420250806/install/turtlebot4_diagnostics:/opt/ros/humble /usr/bin/cmake --build /home/jetson/tb420250806/build/turtlebot4_navigation -- -j8 -l8
[1.315s] Invoking command in '/home/jetson/tb420250806/build/turtlebot4_navigation': CMAKE_PREFIX_PATH=${CMAKE_PREFIX_PATH}:/home/jetson/tb420250806/install/voice_nav2_assistant:/home/jetson/tb420250806/install/turtlebot4_tests:/home/jetson/tb420250806/install/pose_navigator:/home/jetson/tb420250806/install/turtlebot4_diagnostics:/opt/ros/humble /usr/bin/cmake --install /home/jetson/tb420250806/build/turtlebot4_navigation
[1.333s] -- Install configuration: ""
[1.334s] -- Execute custom install script
[1.334s] -- Up-to-date symlink: /home/jetson/tb420250806/install/turtlebot4_navigation/share/turtlebot4_navigation/config/localization.yaml
[1.335s] -- Up-to-date symlink: /home/jetson/tb420250806/install/turtlebot4_navigation/share/turtlebot4_navigation/config/mapper_params_localization.yaml
[1.335s] -- Up-to-date symlink: /home/jetson/tb420250806/install/turtlebot4_navigation/share/turtlebot4_navigation/config/nav2 mppi.yaml
[1.336s] -- Up-to-date symlink: /home/jetson/tb420250806/install/turtlebot4_navigation/share/turtlebot4_navigation/config/nav2 rpp.yaml
[1.337s] -- Up-to-date symlink: /home/jetson/tb420250806/install/turtlebot4_navigation/share/turtlebot4_navigation/config/nav2.yaml
[1.337s] -- Up-to-date symlink: /home/jetson/tb420250806/install/turtlebot4_navigation/share/turtlebot4_navigation/config/nav2_dwb.yaml
[1.338s] -- Up-to-date symlink: /home/jetson/tb420250806/install/turtlebot4_navigation/share/turtlebot4_navigation/config/slam.yaml
[1.340s] -- Up-to-date symlink: /home/jetson/tb420250806/install/turtlebot4_navigation/share/turtlebot4_navigation/launch/localization.launch.py
[1.340s] -- Up-to-date symlink: /home/jetson/tb420250806/install/turtlebot4_navigation/share/turtlebot4_navigation/launch/nav2.launch.py
[1.341s] -- Up-to-date symlink: /home/jetson/tb420250806/install/turtlebot4_navigation/share/turtlebot4_navigation/launch/slam.launch.py
[1.342s] -- Up-to-date symlink: /home/jetson/tb420250806/install/turtlebot4_navigation/share/turtlebot4_navigation/maps/depot.pgm
[1.343s] -- Up-to-date symlink: /home/jetson/tb420250806/install/turtlebot4_navigation/share/turtlebot4_navigation/maps/depot.yaml
[1.343s] -- Up-to-date symlink: /home/jetson/tb420250806/install/turtlebot4_navigation/share/turtlebot4_navigation/maps/maze.pgm
[1.343s] -- Up-to-date symlink: /home/jetson/tb420250806/install/turtlebot4_navigation/share/turtlebot4_navigation/maps/maze.yaml
[1.343s] -- Up-to-date symlink: /home/jetson/tb420250806/install/turtlebot4_navigation/share/turtlebot4_navigation/maps/warehouse.pgm
[1.343s] -- Up-to-date symlink: /home/jetson/tb420250806/install/turtlebot4_navigation/share/turtlebot4_navigation/maps/warehouse.yaml
[1.343s] -- Up-to-date symlink: /home/jetson/tb420250806/install/turtlebot4_navigation/share/turtlebot4_navigation/environment/pythonpath.sh
[1.343s] -- Up-to-date symlink: /home/jetson/tb420250806/install/turtlebot4_navigation/share/turtlebot4_navigation/environment/pythonpath.dsv
[1.344s] -- Up-to-date symlink: /home/jetson/tb420250806/install/turtlebot4_navigation/local/lib/python3.10/dist-packages/turtlebot4_navigation-1.0.5-py3.10.egg-info/PKG-INFO
[1.344s] -- Up-to-date symlink: /home/jetson/tb420250806/install/turtlebot4_navigation/local/lib/python3.10/dist-packages/turtlebot4_navigation-1.0.5-py3.10.egg-info/SOURCES.txt
[1.344s] -- Up-to-date symlink: /home/jetson/tb420250806/install/turtlebot4_navigation/local/lib/python3.10/dist-packages/turtlebot4_navigation-1.0.5-py3.10.egg-info/dependency_links.txt
[1.344s] -- Up-to-date symlink: /home/jetson/tb420250806/install/turtlebot4_navigation/local/lib/python3.10/dist-packages/turtlebot4_navigation-1.0.5-py3.10.egg-info/top_level.txt
[1.344s] -- Up-to-date symlink: /home/jetson/tb420250806/install/turtlebot4_navigation/local/lib/python3.10/dist-packages/turtlebot4_navigation/__init__.py
[1.344s] -- Up-to-date symlink: /home/jetson/tb420250806/install/turtlebot4_navigation/local/lib/python3.10/dist-packages/turtlebot4_navigation/turtlebot4_navigator.py
[1.345s] -- Up-to-date symlink: /home/jetson/tb420250806/install/turtlebot4_navigation/local/lib/python3.10/dist-packages/turtlebot4_navigator.py
[1.345s] -- Up-to-date symlink: /home/jetson/tb420250806/install/turtlebot4_navigation/share/ament_index/resource_index/package_run_dependencies/turtlebot4_navigation
[1.345s] -- Up-to-date symlink: /home/jetson/tb420250806/install/turtlebot4_navigation/share/ament_index/resource_index/parent_prefix_path/turtlebot4_navigation
[1.346s] -- Up-to-date symlink: /home/jetson/tb420250806/install/turtlebot4_navigation/share/turtlebot4_navigation/environment/ament_prefix_path.sh
[1.346s] -- Up-to-date symlink: /home/jetson/tb420250806/install/turtlebot4_navigation/share/turtlebot4_navigation/environment/ament_prefix_path.dsv
[1.347s] -- Up-to-date symlink: /home/jetson/tb420250806/install/turtlebot4_navigation/share/turtlebot4_navigation/environment/path.sh
[1.347s] -- Up-to-date symlink: /home/jetson/tb420250806/install/turtlebot4_navigation/share/turtlebot4_navigation/environment/path.dsv
[1.350s] -- Up-to-date symlink: /home/jetson/tb420250806/install/turtlebot4_navigation/share/turtlebot4_navigation/local_setup.bash
[1.350s] -- Up-to-date symlink: /home/jetson/tb420250806/install/turtlebot4_navigation/share/turtlebot4_navigation/local_setup.sh
[1.351s] -- Up-to-date symlink: /home/jetson/tb420250806/install/turtlebot4_navigation/share/turtlebot4_navigation/local_setup.zsh
[1.351s] -- Up-to-date symlink: /home/jetson/tb420250806/install/turtlebot4_navigation/share/turtlebot4_navigation/local_setup.dsv
[1.351s] -- Symlinking: /home/jetson/tb420250806/install/turtlebot4_navigation/share/turtlebot4_navigation/package.dsv
[1.370s] -- Up-to-date symlink: /home/jetson/tb420250806/install/turtlebot4_navigation/share/ament_index/resource_index/packages/turtlebot4_navigation
[1.372s] -- Up-to-date symlink: /home/jetson/tb420250806/install/turtlebot4_navigation/share/turtlebot4_navigation/cmake/turtlebot4_navigationConfig.cmake
[1.372s] -- Up-to-date symlink: /home/jetson/tb420250806/install/turtlebot4_navigation/share/turtlebot4_navigation/cmake/turtlebot4_navigationConfig-version.cmake
[1.372s] -- Up-to-date symlink: /home/jetson/tb420250806/install/turtlebot4_navigation/share/turtlebot4_navigation/package.xml
[1.443s] Listing '/home/jetson/tb420250806/install/turtlebot4_navigation/local/lib/python3.10/dist-packages/turtlebot4_navigation'...
[2.022s] Invoked command in '/home/jetson/tb420250806/build/turtlebot4_navigation' returned '0': CMAKE_PREFIX_PATH=${CMAKE_PREFIX_PATH}:/home/jetson/tb420250806/install/voice_nav2_assistant:/home/jetson/tb420250806/install/turtlebot4_tests:/home/jetson/tb420250806/install/pose_navigator:/home/jetson/tb420250806/install/turtlebot4_diagnostics:/opt/ros/humble /usr/bin/cmake --install /home/jetson/tb420250806/build/turtlebot4_navigation
