[0.038s] Invoking command in '/home/jetson/tb420250806/build/turtlebot4_bringup': AMENT_PREFIX_PATH=/home/jetson/tb420250806/install/turtlebot4_node:/home/jetson/tb420250806/install/turtlebot4_msgs:/home/jetson/tb420250806/install/turtlebot4_diagnostics:/home/jetson/tb420250806/install/turtlebot4_description:${AMENT_PREFIX_PATH} CMAKE_PREFIX_PATH=/home/jetson/tb420250806/install/turtlebot4_node:/home/jetson/tb420250806/install/turtlebot4_msgs:/home/jetson/tb420250806/install/turtlebot4_description:/opt/ros/humble LD_LIBRARY_PATH=/home/jetson/tb420250806/install/turtlebot4_msgs/lib:/opt/ros/humble/opt/rviz_ogre_vendor/lib:/opt/ros/humble/lib/aarch64-linux-gnu:/opt/ros/humble/lib:/usr/local/cuda/lib64 PYTHONPATH=/home/jetson/tb420250806/install/turtlebot4_msgs/local/lib/python3.10/dist-packages:/home/jetson/tb420250806/build/turtlebot4_diagnostics:/home/jetson/tb420250806/install/turtlebot4_diagnostics/lib/python3.10/site-packages:${PYTHONPATH} /usr/bin/cmake --build /home/jetson/tb420250806/build/turtlebot4_bringup -- -j8 -l8
[0.118s] Invoked command in '/home/jetson/tb420250806/build/turtlebot4_bringup' returned '0': AMENT_PREFIX_PATH=/home/jetson/tb420250806/install/turtlebot4_node:/home/jetson/tb420250806/install/turtlebot4_msgs:/home/jetson/tb420250806/install/turtlebot4_diagnostics:/home/jetson/tb420250806/install/turtlebot4_description:${AMENT_PREFIX_PATH} CMAKE_PREFIX_PATH=/home/jetson/tb420250806/install/turtlebot4_node:/home/jetson/tb420250806/install/turtlebot4_msgs:/home/jetson/tb420250806/install/turtlebot4_description:/opt/ros/humble LD_LIBRARY_PATH=/home/jetson/tb420250806/install/turtlebot4_msgs/lib:/opt/ros/humble/opt/rviz_ogre_vendor/lib:/opt/ros/humble/lib/aarch64-linux-gnu:/opt/ros/humble/lib:/usr/local/cuda/lib64 PYTHONPATH=/home/jetson/tb420250806/install/turtlebot4_msgs/local/lib/python3.10/dist-packages:/home/jetson/tb420250806/build/turtlebot4_diagnostics:/home/jetson/tb420250806/install/turtlebot4_diagnostics/lib/python3.10/site-packages:${PYTHONPATH} /usr/bin/cmake --build /home/jetson/tb420250806/build/turtlebot4_bringup -- -j8 -l8
[0.122s] Invoking command in '/home/jetson/tb420250806/build/turtlebot4_bringup': AMENT_PREFIX_PATH=/home/jetson/tb420250806/install/turtlebot4_node:/home/jetson/tb420250806/install/turtlebot4_msgs:/home/jetson/tb420250806/install/turtlebot4_diagnostics:/home/jetson/tb420250806/install/turtlebot4_description:${AMENT_PREFIX_PATH} CMAKE_PREFIX_PATH=/home/jetson/tb420250806/install/turtlebot4_node:/home/jetson/tb420250806/install/turtlebot4_msgs:/home/jetson/tb420250806/install/turtlebot4_description:/opt/ros/humble LD_LIBRARY_PATH=/home/jetson/tb420250806/install/turtlebot4_msgs/lib:/opt/ros/humble/opt/rviz_ogre_vendor/lib:/opt/ros/humble/lib/aarch64-linux-gnu:/opt/ros/humble/lib:/usr/local/cuda/lib64 PYTHONPATH=/home/jetson/tb420250806/install/turtlebot4_msgs/local/lib/python3.10/dist-packages:/home/jetson/tb420250806/build/turtlebot4_diagnostics:/home/jetson/tb420250806/install/turtlebot4_diagnostics/lib/python3.10/site-packages:${PYTHONPATH} /usr/bin/cmake --install /home/jetson/tb420250806/build/turtlebot4_bringup
[0.136s] -- Install configuration: ""
[0.138s] -- Execute custom install script
[0.140s] -- Up-to-date symlink: /home/jetson/tb420250806/install/turtlebot4_bringup/share/turtlebot4_bringup/launch/joy_teleop.launch.py
[0.140s] -- Up-to-date symlink: /home/jetson/tb420250806/install/turtlebot4_bringup/share/turtlebot4_bringup/launch/lite.launch.py
[0.141s] -- Up-to-date symlink: /home/jetson/tb420250806/install/turtlebot4_bringup/share/turtlebot4_bringup/launch/oakd.launch.py
[0.141s] -- Up-to-date symlink: /home/jetson/tb420250806/install/turtlebot4_bringup/share/turtlebot4_bringup/launch/oakd_example.launch.py
[0.142s] -- Up-to-date symlink: /home/jetson/tb420250806/install/turtlebot4_bringup/share/turtlebot4_bringup/launch/robot.launch.py
[0.142s] -- Up-to-date symlink: /home/jetson/tb420250806/install/turtlebot4_bringup/share/turtlebot4_bringup/launch/rplidar.launch.py
[0.142s] -- Up-to-date symlink: /home/jetson/tb420250806/install/turtlebot4_bringup/share/turtlebot4_bringup/launch/standard.launch.py
[0.144s] -- Up-to-date symlink: /home/jetson/tb420250806/install/turtlebot4_bringup/share/turtlebot4_bringup/config/oakd_lite.yaml
[0.144s] -- Up-to-date symlink: /home/jetson/tb420250806/install/turtlebot4_bringup/share/turtlebot4_bringup/config/oakd_pro.yaml
[0.145s] -- Up-to-date symlink: /home/jetson/tb420250806/install/turtlebot4_bringup/share/turtlebot4_bringup/config/turtlebot4.yaml
[0.145s] -- Up-to-date symlink: /home/jetson/tb420250806/install/turtlebot4_bringup/share/turtlebot4_bringup/config/turtlebot4_controller.config.yaml
[0.146s] -- Up-to-date symlink: /home/jetson/tb420250806/install/turtlebot4_bringup/share/ament_index/resource_index/package_run_dependencies/turtlebot4_bringup
[0.146s] -- Up-to-date symlink: /home/jetson/tb420250806/install/turtlebot4_bringup/share/ament_index/resource_index/parent_prefix_path/turtlebot4_bringup
[0.147s] -- Up-to-date symlink: /home/jetson/tb420250806/install/turtlebot4_bringup/share/turtlebot4_bringup/environment/ament_prefix_path.sh
[0.147s] -- Up-to-date symlink: /home/jetson/tb420250806/install/turtlebot4_bringup/share/turtlebot4_bringup/environment/ament_prefix_path.dsv
[0.148s] -- Up-to-date symlink: /home/jetson/tb420250806/install/turtlebot4_bringup/share/turtlebot4_bringup/environment/path.sh
[0.148s] -- Up-to-date symlink: /home/jetson/tb420250806/install/turtlebot4_bringup/share/turtlebot4_bringup/environment/path.dsv
[0.149s] -- Up-to-date symlink: /home/jetson/tb420250806/install/turtlebot4_bringup/share/turtlebot4_bringup/local_setup.bash
[0.149s] -- Up-to-date symlink: /home/jetson/tb420250806/install/turtlebot4_bringup/share/turtlebot4_bringup/local_setup.sh
[0.150s] -- Up-to-date symlink: /home/jetson/tb420250806/install/turtlebot4_bringup/share/turtlebot4_bringup/local_setup.zsh
[0.150s] -- Up-to-date symlink: /home/jetson/tb420250806/install/turtlebot4_bringup/share/turtlebot4_bringup/local_setup.dsv
[0.150s] -- Symlinking: /home/jetson/tb420250806/install/turtlebot4_bringup/share/turtlebot4_bringup/package.dsv
[0.165s] -- Up-to-date symlink: /home/jetson/tb420250806/install/turtlebot4_bringup/share/ament_index/resource_index/packages/turtlebot4_bringup
[0.166s] -- Up-to-date symlink: /home/jetson/tb420250806/install/turtlebot4_bringup/share/turtlebot4_bringup/cmake/turtlebot4_bringupConfig.cmake
[0.167s] -- Up-to-date symlink: /home/jetson/tb420250806/install/turtlebot4_bringup/share/turtlebot4_bringup/cmake/turtlebot4_bringupConfig-version.cmake
[0.167s] -- Up-to-date symlink: /home/jetson/tb420250806/install/turtlebot4_bringup/share/turtlebot4_bringup/package.xml
[0.174s] Invoked command in '/home/jetson/tb420250806/build/turtlebot4_bringup' returned '0': AMENT_PREFIX_PATH=/home/jetson/tb420250806/install/turtlebot4_node:/home/jetson/tb420250806/install/turtlebot4_msgs:/home/jetson/tb420250806/install/turtlebot4_diagnostics:/home/jetson/tb420250806/install/turtlebot4_description:${AMENT_PREFIX_PATH} CMAKE_PREFIX_PATH=/home/jetson/tb420250806/install/turtlebot4_node:/home/jetson/tb420250806/install/turtlebot4_msgs:/home/jetson/tb420250806/install/turtlebot4_description:/opt/ros/humble LD_LIBRARY_PATH=/home/jetson/tb420250806/install/turtlebot4_msgs/lib:/opt/ros/humble/opt/rviz_ogre_vendor/lib:/opt/ros/humble/lib/aarch64-linux-gnu:/opt/ros/humble/lib:/usr/local/cuda/lib64 PYTHONPATH=/home/jetson/tb420250806/install/turtlebot4_msgs/local/lib/python3.10/dist-packages:/home/jetson/tb420250806/build/turtlebot4_diagnostics:/home/jetson/tb420250806/install/turtlebot4_diagnostics/lib/python3.10/site-packages:${PYTHONPATH} /usr/bin/cmake --install /home/jetson/tb420250806/build/turtlebot4_bringup
