[0.076s] Invoking command in '/home/jetson/tb420250806/build/turtlebot4_msgs': CMAKE_PREFIX_PATH=${CMAKE_PREFIX_PATH}:/home/jetson/tb420250806/install/voice_nav2_assistant:/home/jetson/tb420250806/install/turtlebot4_tests:/home/jetson/tb420250806/install/pose_navigator:/home/jetson/tb420250806/install/turtlebot4_diagnostics:/opt/ros/humble /usr/bin/cmake --build /home/jetson/tb420250806/build/turtlebot4_msgs -- -j12 -l12
[0.545s] [  2%] Built target turtlebot4_msgs__cpp
[0.546s] [  2%] Built target ament_cmake_python_symlink_turtlebot4_msgs
[0.547s] [ 12%] Built target turtlebot4_msgs__rosidl_generator_c
[0.547s] [ 23%] Built target turtlebot4_msgs__rosidl_typesupport_introspection_cpp
[0.548s] [ 34%] Built target turtlebot4_msgs__rosidl_typesupport_cpp
[0.548s] [ 44%] Built target turtlebot4_msgs__rosidl_typesupport_fastrtps_cpp
[0.548s] [ 55%] Built target turtlebot4_msgs__rosidl_typesupport_c
[0.549s] [ 65%] Built target turtlebot4_msgs__rosidl_typesupport_introspection_c
[0.549s] [ 76%] Built target turtlebot4_msgs__rosidl_typesupport_fastrtps_c
[0.549s] [ 76%] Built target turtlebot4_msgs
[0.549s] [ 78%] Built target turtlebot4_msgs__py
[0.549s] [ 87%] Built target turtlebot4_msgs__rosidl_generator_py
[0.549s] [ 91%] Built target turtlebot4_msgs__rosidl_typesupport_c__pyext
[0.549s] [ 95%] Built target turtlebot4_msgs__rosidl_typesupport_introspection_c__pyext
[0.549s] [100%] Built target turtlebot4_msgs__rosidl_typesupport_fastrtps_c__pyext
[0.645s] running egg_info
[0.646s] writing turtlebot4_msgs.egg-info/PKG-INFO
[0.646s] writing dependency_links to turtlebot4_msgs.egg-info/dependency_links.txt
[0.646s] writing top-level names to turtlebot4_msgs.egg-info/top_level.txt
[0.651s] reading manifest file 'turtlebot4_msgs.egg-info/SOURCES.txt'
[0.653s] writing manifest file 'turtlebot4_msgs.egg-info/SOURCES.txt'
[0.713s] [100%] Built target ament_cmake_python_build_turtlebot4_msgs_egg
[1.019s] Invoked command in '/home/jetson/tb420250806/build/turtlebot4_msgs' returned '0': CMAKE_PREFIX_PATH=${CMAKE_PREFIX_PATH}:/home/jetson/tb420250806/install/voice_nav2_assistant:/home/jetson/tb420250806/install/turtlebot4_tests:/home/jetson/tb420250806/install/pose_navigator:/home/jetson/tb420250806/install/turtlebot4_diagnostics:/opt/ros/humble /usr/bin/cmake --build /home/jetson/tb420250806/build/turtlebot4_msgs -- -j12 -l12
[1.026s] Invoking command in '/home/jetson/tb420250806/build/turtlebot4_msgs': CMAKE_PREFIX_PATH=${CMAKE_PREFIX_PATH}:/home/jetson/tb420250806/install/voice_nav2_assistant:/home/jetson/tb420250806/install/turtlebot4_tests:/home/jetson/tb420250806/install/pose_navigator:/home/jetson/tb420250806/install/turtlebot4_diagnostics:/opt/ros/humble /usr/bin/cmake --install /home/jetson/tb420250806/build/turtlebot4_msgs
[1.038s] -- Install configuration: ""
[1.039s] -- Execute custom install script
[1.039s] -- Up-to-date symlink: /home/jetson/tb420250806/install/turtlebot4_msgs/share/ament_index/resource_index/rosidl_interfaces/turtlebot4_msgs
[1.042s] -- Up-to-date symlink: /home/jetson/tb420250806/install/turtlebot4_msgs/include/turtlebot4_msgs/turtlebot4_msgs/msg/detail/user_button__functions.h
[1.042s] -- Up-to-date symlink: /home/jetson/tb420250806/install/turtlebot4_msgs/include/turtlebot4_msgs/turtlebot4_msgs/msg/detail/user_button__struct.h
[1.042s] -- Up-to-date symlink: /home/jetson/tb420250806/install/turtlebot4_msgs/include/turtlebot4_msgs/turtlebot4_msgs/msg/detail/user_button__type_support.h
[1.043s] -- Up-to-date symlink: /home/jetson/tb420250806/install/turtlebot4_msgs/include/turtlebot4_msgs/turtlebot4_msgs/msg/detail/user_display__functions.h
[1.043s] -- Up-to-date symlink: /home/jetson/tb420250806/install/turtlebot4_msgs/include/turtlebot4_msgs/turtlebot4_msgs/msg/detail/user_display__struct.h
[1.044s] -- Up-to-date symlink: /home/jetson/tb420250806/install/turtlebot4_msgs/include/turtlebot4_msgs/turtlebot4_msgs/msg/detail/user_display__type_support.h
[1.044s] -- Up-to-date symlink: /home/jetson/tb420250806/install/turtlebot4_msgs/include/turtlebot4_msgs/turtlebot4_msgs/msg/detail/user_led__functions.h
[1.045s] -- Up-to-date symlink: /home/jetson/tb420250806/install/turtlebot4_msgs/include/turtlebot4_msgs/turtlebot4_msgs/msg/detail/user_led__struct.h
[1.045s] -- Up-to-date symlink: /home/jetson/tb420250806/install/turtlebot4_msgs/include/turtlebot4_msgs/turtlebot4_msgs/msg/detail/user_led__type_support.h
[1.046s] -- Up-to-date symlink: /home/jetson/tb420250806/install/turtlebot4_msgs/include/turtlebot4_msgs/turtlebot4_msgs/msg/rosidl_generator_c__visibility_control.h
[1.046s] -- Up-to-date symlink: /home/jetson/tb420250806/install/turtlebot4_msgs/include/turtlebot4_msgs/turtlebot4_msgs/msg/user_button.h
[1.047s] -- Up-to-date symlink: /home/jetson/tb420250806/install/turtlebot4_msgs/include/turtlebot4_msgs/turtlebot4_msgs/msg/user_display.h
[1.047s] -- Up-to-date symlink: /home/jetson/tb420250806/install/turtlebot4_msgs/include/turtlebot4_msgs/turtlebot4_msgs/msg/user_led.h
[1.048s] -- Up-to-date symlink: /home/jetson/tb420250806/install/turtlebot4_msgs/share/turtlebot4_msgs/environment/library_path.sh
[1.048s] -- Up-to-date symlink: /home/jetson/tb420250806/install/turtlebot4_msgs/share/turtlebot4_msgs/environment/library_path.dsv
[1.051s] -- Up-to-date symlink: /home/jetson/tb420250806/install/turtlebot4_msgs/include/turtlebot4_msgs/turtlebot4_msgs/msg/detail/user_button__rosidl_typesupport_fastrtps_c.h
[1.051s] -- Up-to-date symlink: /home/jetson/tb420250806/install/turtlebot4_msgs/include/turtlebot4_msgs/turtlebot4_msgs/msg/detail/user_display__rosidl_typesupport_fastrtps_c.h
[1.051s] -- Up-to-date symlink: /home/jetson/tb420250806/install/turtlebot4_msgs/include/turtlebot4_msgs/turtlebot4_msgs/msg/detail/user_led__rosidl_typesupport_fastrtps_c.h
[1.051s] -- Up-to-date symlink: /home/jetson/tb420250806/install/turtlebot4_msgs/include/turtlebot4_msgs/turtlebot4_msgs/msg/rosidl_typesupport_fastrtps_c__visibility_control.h
[1.052s] -- Up-to-date symlink: /home/jetson/tb420250806/install/turtlebot4_msgs/include/turtlebot4_msgs/turtlebot4_msgs/msg/detail/user_button__rosidl_typesupport_introspection_c.h
[1.052s] -- Up-to-date symlink: /home/jetson/tb420250806/install/turtlebot4_msgs/include/turtlebot4_msgs/turtlebot4_msgs/msg/detail/user_display__rosidl_typesupport_introspection_c.h
[1.053s] -- Up-to-date symlink: /home/jetson/tb420250806/install/turtlebot4_msgs/include/turtlebot4_msgs/turtlebot4_msgs/msg/detail/user_led__rosidl_typesupport_introspection_c.h
[1.054s] -- Up-to-date symlink: /home/jetson/tb420250806/install/turtlebot4_msgs/include/turtlebot4_msgs/turtlebot4_msgs/msg/rosidl_typesupport_introspection_c__visibility_control.h
[1.055s] -- Up-to-date symlink: /home/jetson/tb420250806/install/turtlebot4_msgs/include/turtlebot4_msgs/turtlebot4_msgs/msg/detail/user_button__builder.hpp
[1.055s] -- Up-to-date symlink: /home/jetson/tb420250806/install/turtlebot4_msgs/include/turtlebot4_msgs/turtlebot4_msgs/msg/detail/user_button__struct.hpp
[1.056s] -- Up-to-date symlink: /home/jetson/tb420250806/install/turtlebot4_msgs/include/turtlebot4_msgs/turtlebot4_msgs/msg/detail/user_button__traits.hpp
[1.058s] -- Up-to-date symlink: /home/jetson/tb420250806/install/turtlebot4_msgs/include/turtlebot4_msgs/turtlebot4_msgs/msg/detail/user_button__type_support.hpp
[1.058s] -- Up-to-date symlink: /home/jetson/tb420250806/install/turtlebot4_msgs/include/turtlebot4_msgs/turtlebot4_msgs/msg/detail/user_display__builder.hpp
[1.058s] -- Up-to-date symlink: /home/jetson/tb420250806/install/turtlebot4_msgs/include/turtlebot4_msgs/turtlebot4_msgs/msg/detail/user_display__struct.hpp
[1.058s] -- Up-to-date symlink: /home/jetson/tb420250806/install/turtlebot4_msgs/include/turtlebot4_msgs/turtlebot4_msgs/msg/detail/user_display__traits.hpp
[1.058s] -- Up-to-date symlink: /home/jetson/tb420250806/install/turtlebot4_msgs/include/turtlebot4_msgs/turtlebot4_msgs/msg/detail/user_display__type_support.hpp
[1.059s] -- Up-to-date symlink: /home/jetson/tb420250806/install/turtlebot4_msgs/include/turtlebot4_msgs/turtlebot4_msgs/msg/detail/user_led__builder.hpp
[1.059s] -- Up-to-date symlink: /home/jetson/tb420250806/install/turtlebot4_msgs/include/turtlebot4_msgs/turtlebot4_msgs/msg/detail/user_led__struct.hpp
[1.060s] -- Up-to-date symlink: /home/jetson/tb420250806/install/turtlebot4_msgs/include/turtlebot4_msgs/turtlebot4_msgs/msg/detail/user_led__traits.hpp
[1.060s] -- Up-to-date symlink: /home/jetson/tb420250806/install/turtlebot4_msgs/include/turtlebot4_msgs/turtlebot4_msgs/msg/detail/user_led__type_support.hpp
[1.061s] -- Up-to-date symlink: /home/jetson/tb420250806/install/turtlebot4_msgs/include/turtlebot4_msgs/turtlebot4_msgs/msg/rosidl_generator_cpp__visibility_control.hpp
[1.061s] -- Up-to-date symlink: /home/jetson/tb420250806/install/turtlebot4_msgs/include/turtlebot4_msgs/turtlebot4_msgs/msg/user_button.hpp
[1.062s] -- Up-to-date symlink: /home/jetson/tb420250806/install/turtlebot4_msgs/include/turtlebot4_msgs/turtlebot4_msgs/msg/user_display.hpp
[1.062s] -- Up-to-date symlink: /home/jetson/tb420250806/install/turtlebot4_msgs/include/turtlebot4_msgs/turtlebot4_msgs/msg/user_led.hpp
[1.063s] -- Up-to-date symlink: /home/jetson/tb420250806/install/turtlebot4_msgs/include/turtlebot4_msgs/turtlebot4_msgs/msg/detail/user_button__rosidl_typesupport_fastrtps_cpp.hpp
[1.063s] -- Up-to-date symlink: /home/jetson/tb420250806/install/turtlebot4_msgs/include/turtlebot4_msgs/turtlebot4_msgs/msg/detail/user_display__rosidl_typesupport_fastrtps_cpp.hpp
[1.064s] -- Up-to-date symlink: /home/jetson/tb420250806/install/turtlebot4_msgs/include/turtlebot4_msgs/turtlebot4_msgs/msg/detail/user_led__rosidl_typesupport_fastrtps_cpp.hpp
[1.064s] -- Up-to-date symlink: /home/jetson/tb420250806/install/turtlebot4_msgs/include/turtlebot4_msgs/turtlebot4_msgs/msg/rosidl_typesupport_fastrtps_cpp__visibility_control.h
[1.065s] -- Up-to-date symlink: /home/jetson/tb420250806/install/turtlebot4_msgs/include/turtlebot4_msgs/turtlebot4_msgs/msg/detail/user_button__rosidl_typesupport_introspection_cpp.hpp
[1.065s] -- Up-to-date symlink: /home/jetson/tb420250806/install/turtlebot4_msgs/include/turtlebot4_msgs/turtlebot4_msgs/msg/detail/user_display__rosidl_typesupport_introspection_cpp.hpp
[1.066s] -- Up-to-date symlink: /home/jetson/tb420250806/install/turtlebot4_msgs/include/turtlebot4_msgs/turtlebot4_msgs/msg/detail/user_led__rosidl_typesupport_introspection_cpp.hpp
[1.066s] -- Up-to-date symlink: /home/jetson/tb420250806/install/turtlebot4_msgs/share/turtlebot4_msgs/environment/pythonpath.sh
[1.066s] -- Up-to-date symlink: /home/jetson/tb420250806/install/turtlebot4_msgs/share/turtlebot4_msgs/environment/pythonpath.dsv
[1.067s] -- Up-to-date symlink: /home/jetson/tb420250806/install/turtlebot4_msgs/local/lib/python3.10/dist-packages/turtlebot4_msgs-1.0.5-py3.10.egg-info/PKG-INFO
[1.067s] -- Up-to-date symlink: /home/jetson/tb420250806/install/turtlebot4_msgs/local/lib/python3.10/dist-packages/turtlebot4_msgs-1.0.5-py3.10.egg-info/SOURCES.txt
[1.068s] -- Up-to-date symlink: /home/jetson/tb420250806/install/turtlebot4_msgs/local/lib/python3.10/dist-packages/turtlebot4_msgs-1.0.5-py3.10.egg-info/dependency_links.txt
[1.068s] -- Up-to-date symlink: /home/jetson/tb420250806/install/turtlebot4_msgs/local/lib/python3.10/dist-packages/turtlebot4_msgs-1.0.5-py3.10.egg-info/top_level.txt
[1.070s] -- Up-to-date symlink: /home/jetson/tb420250806/install/turtlebot4_msgs/local/lib/python3.10/dist-packages/turtlebot4_msgs/__init__.py
[1.070s] -- Up-to-date symlink: /home/jetson/tb420250806/install/turtlebot4_msgs/local/lib/python3.10/dist-packages/turtlebot4_msgs/_turtlebot4_msgs_s.ep.rosidl_typesupport_c.c
[1.071s] -- Up-to-date symlink: /home/jetson/tb420250806/install/turtlebot4_msgs/local/lib/python3.10/dist-packages/turtlebot4_msgs/_turtlebot4_msgs_s.ep.rosidl_typesupport_fastrtps_c.c
[1.071s] -- Up-to-date symlink: /home/jetson/tb420250806/install/turtlebot4_msgs/local/lib/python3.10/dist-packages/turtlebot4_msgs/_turtlebot4_msgs_s.ep.rosidl_typesupport_introspection_c.c
[1.072s] -- Up-to-date symlink: /home/jetson/tb420250806/install/turtlebot4_msgs/local/lib/python3.10/dist-packages/turtlebot4_msgs/libturtlebot4_msgs__rosidl_generator_py.so
[1.073s] -- Up-to-date symlink: /home/jetson/tb420250806/install/turtlebot4_msgs/local/lib/python3.10/dist-packages/turtlebot4_msgs/msg/__init__.py
[1.073s] -- Up-to-date symlink: /home/jetson/tb420250806/install/turtlebot4_msgs/local/lib/python3.10/dist-packages/turtlebot4_msgs/msg/_user_button.py
[1.074s] -- Up-to-date symlink: /home/jetson/tb420250806/install/turtlebot4_msgs/local/lib/python3.10/dist-packages/turtlebot4_msgs/msg/_user_button_s.c
[1.074s] -- Up-to-date symlink: /home/jetson/tb420250806/install/turtlebot4_msgs/local/lib/python3.10/dist-packages/turtlebot4_msgs/msg/_user_display.py
[1.074s] -- Up-to-date symlink: /home/jetson/tb420250806/install/turtlebot4_msgs/local/lib/python3.10/dist-packages/turtlebot4_msgs/msg/_user_display_s.c
[1.075s] -- Up-to-date symlink: /home/jetson/tb420250806/install/turtlebot4_msgs/local/lib/python3.10/dist-packages/turtlebot4_msgs/msg/_user_led.py
[1.076s] -- Up-to-date symlink: /home/jetson/tb420250806/install/turtlebot4_msgs/local/lib/python3.10/dist-packages/turtlebot4_msgs/msg/_user_led_s.c
[1.077s] -- Up-to-date symlink: /home/jetson/tb420250806/install/turtlebot4_msgs/local/lib/python3.10/dist-packages/turtlebot4_msgs/turtlebot4_msgs_s__rosidl_typesupport_c.cpython-310-aarch64-linux-gnu.so
[1.077s] -- Up-to-date symlink: /home/jetson/tb420250806/install/turtlebot4_msgs/local/lib/python3.10/dist-packages/turtlebot4_msgs/turtlebot4_msgs_s__rosidl_typesupport_fastrtps_c.cpython-310-aarch64-linux-gnu.so
[1.077s] -- Up-to-date symlink: /home/jetson/tb420250806/install/turtlebot4_msgs/local/lib/python3.10/dist-packages/turtlebot4_msgs/turtlebot4_msgs_s__rosidl_typesupport_introspection_c.cpython-310-aarch64-linux-gnu.so
[1.078s] -- Up-to-date symlink: /home/jetson/tb420250806/install/turtlebot4_msgs/local/lib/python3.10/dist-packages/turtlebot4_msgs/turtlebot4_msgs_s__rosidl_typesupport_fastrtps_c.cpython-310-aarch64-linux-gnu.so
[1.079s] -- Up-to-date symlink: /home/jetson/tb420250806/install/turtlebot4_msgs/local/lib/python3.10/dist-packages/turtlebot4_msgs/turtlebot4_msgs_s__rosidl_typesupport_introspection_c.cpython-310-aarch64-linux-gnu.so
[1.080s] -- Up-to-date symlink: /home/jetson/tb420250806/install/turtlebot4_msgs/local/lib/python3.10/dist-packages/turtlebot4_msgs/turtlebot4_msgs_s__rosidl_typesupport_c.cpython-310-aarch64-linux-gnu.so
[1.080s] -- Up-to-date symlink: /home/jetson/tb420250806/install/turtlebot4_msgs/share/turtlebot4_msgs/msg/UserLed.idl
[1.081s] -- Up-to-date symlink: /home/jetson/tb420250806/install/turtlebot4_msgs/share/turtlebot4_msgs/msg/UserButton.idl
[1.081s] -- Up-to-date symlink: /home/jetson/tb420250806/install/turtlebot4_msgs/share/turtlebot4_msgs/msg/UserDisplay.idl
[1.082s] -- Up-to-date symlink: /home/jetson/tb420250806/install/turtlebot4_msgs/share/turtlebot4_msgs/msg/UserLed.msg
[1.082s] -- Up-to-date symlink: /home/jetson/tb420250806/install/turtlebot4_msgs/share/turtlebot4_msgs/msg/UserButton.msg
[1.083s] -- Up-to-date symlink: /home/jetson/tb420250806/install/turtlebot4_msgs/share/turtlebot4_msgs/msg/UserDisplay.msg
[1.083s] -- Up-to-date symlink: /home/jetson/tb420250806/install/turtlebot4_msgs/share/ament_index/resource_index/package_run_dependencies/turtlebot4_msgs
[1.084s] -- Up-to-date symlink: /home/jetson/tb420250806/install/turtlebot4_msgs/share/ament_index/resource_index/parent_prefix_path/turtlebot4_msgs
[1.084s] -- Up-to-date symlink: /home/jetson/tb420250806/install/turtlebot4_msgs/share/turtlebot4_msgs/environment/ament_prefix_path.sh
[1.085s] -- Up-to-date symlink: /home/jetson/tb420250806/install/turtlebot4_msgs/share/turtlebot4_msgs/environment/ament_prefix_path.dsv
[1.085s] -- Up-to-date symlink: /home/jetson/tb420250806/install/turtlebot4_msgs/share/turtlebot4_msgs/environment/path.sh
[1.085s] -- Up-to-date symlink: /home/jetson/tb420250806/install/turtlebot4_msgs/share/turtlebot4_msgs/environment/path.dsv
[1.086s] -- Up-to-date symlink: /home/jetson/tb420250806/install/turtlebot4_msgs/share/turtlebot4_msgs/local_setup.bash
[1.086s] -- Up-to-date symlink: /home/jetson/tb420250806/install/turtlebot4_msgs/share/turtlebot4_msgs/local_setup.sh
[1.087s] -- Up-to-date symlink: /home/jetson/tb420250806/install/turtlebot4_msgs/share/turtlebot4_msgs/local_setup.zsh
[1.087s] -- Up-to-date symlink: /home/jetson/tb420250806/install/turtlebot4_msgs/share/turtlebot4_msgs/local_setup.dsv
[1.087s] -- Symlinking: /home/jetson/tb420250806/install/turtlebot4_msgs/share/turtlebot4_msgs/package.dsv
[1.101s] -- Up-to-date symlink: /home/jetson/tb420250806/install/turtlebot4_msgs/share/ament_index/resource_index/packages/turtlebot4_msgs
[1.104s] -- Up-to-date symlink: /home/jetson/tb420250806/install/turtlebot4_msgs/share/turtlebot4_msgs/cmake/rosidl_cmake-extras.cmake
[1.104s] -- Up-to-date symlink: /home/jetson/tb420250806/install/turtlebot4_msgs/share/turtlebot4_msgs/cmake/ament_cmake_export_include_directories-extras.cmake
[1.104s] -- Up-to-date symlink: /home/jetson/tb420250806/install/turtlebot4_msgs/share/turtlebot4_msgs/cmake/ament_cmake_export_libraries-extras.cmake
[1.104s] -- Up-to-date symlink: /home/jetson/tb420250806/install/turtlebot4_msgs/share/turtlebot4_msgs/cmake/ament_cmake_export_targets-extras.cmake
[1.105s] -- Up-to-date symlink: /home/jetson/tb420250806/install/turtlebot4_msgs/share/turtlebot4_msgs/cmake/rosidl_cmake_export_typesupport_targets-extras.cmake
[1.105s] -- Up-to-date symlink: /home/jetson/tb420250806/install/turtlebot4_msgs/share/turtlebot4_msgs/cmake/ament_cmake_export_dependencies-extras.cmake
[1.105s] -- Up-to-date symlink: /home/jetson/tb420250806/install/turtlebot4_msgs/share/turtlebot4_msgs/cmake/rosidl_cmake_export_typesupport_libraries-extras.cmake
[1.106s] -- Up-to-date symlink: /home/jetson/tb420250806/install/turtlebot4_msgs/share/turtlebot4_msgs/cmake/turtlebot4_msgsConfig.cmake
[1.107s] -- Up-to-date symlink: /home/jetson/tb420250806/install/turtlebot4_msgs/share/turtlebot4_msgs/cmake/turtlebot4_msgsConfig-version.cmake
[1.107s] -- Up-to-date symlink: /home/jetson/tb420250806/install/turtlebot4_msgs/share/turtlebot4_msgs/package.xml
[1.108s] -- Up-to-date: /home/jetson/tb420250806/install/turtlebot4_msgs/lib/libturtlebot4_msgs__rosidl_generator_c.so
[1.109s] -- Up-to-date: /home/jetson/tb420250806/install/turtlebot4_msgs/lib/libturtlebot4_msgs__rosidl_typesupport_fastrtps_c.so
[1.110s] -- Up-to-date: /home/jetson/tb420250806/install/turtlebot4_msgs/lib/libturtlebot4_msgs__rosidl_typesupport_introspection_c.so
[1.111s] -- Up-to-date: /home/jetson/tb420250806/install/turtlebot4_msgs/lib/libturtlebot4_msgs__rosidl_typesupport_c.so
[1.111s] -- Up-to-date: /home/jetson/tb420250806/install/turtlebot4_msgs/lib/libturtlebot4_msgs__rosidl_typesupport_fastrtps_cpp.so
[1.113s] -- Up-to-date: /home/jetson/tb420250806/install/turtlebot4_msgs/lib/libturtlebot4_msgs__rosidl_typesupport_introspection_cpp.so
[1.114s] -- Up-to-date: /home/jetson/tb420250806/install/turtlebot4_msgs/lib/libturtlebot4_msgs__rosidl_typesupport_cpp.so
[1.182s] Listing '/home/jetson/tb420250806/install/turtlebot4_msgs/local/lib/python3.10/dist-packages/turtlebot4_msgs'...
[1.182s] Listing '/home/jetson/tb420250806/install/turtlebot4_msgs/local/lib/python3.10/dist-packages/turtlebot4_msgs/msg'...
[1.192s] -- Up-to-date: /home/jetson/tb420250806/install/turtlebot4_msgs/lib/libturtlebot4_msgs__rosidl_generator_py.so
[1.195s] -- Up-to-date: /home/jetson/tb420250806/install/turtlebot4_msgs/share/turtlebot4_msgs/cmake/export_turtlebot4_msgs__rosidl_generator_cExport.cmake
[1.196s] -- Up-to-date: /home/jetson/tb420250806/install/turtlebot4_msgs/share/turtlebot4_msgs/cmake/export_turtlebot4_msgs__rosidl_generator_cExport-noconfig.cmake
[1.198s] -- Up-to-date: /home/jetson/tb420250806/install/turtlebot4_msgs/share/turtlebot4_msgs/cmake/export_turtlebot4_msgs__rosidl_typesupport_fastrtps_cExport.cmake
[1.198s] -- Up-to-date: /home/jetson/tb420250806/install/turtlebot4_msgs/share/turtlebot4_msgs/cmake/export_turtlebot4_msgs__rosidl_typesupport_fastrtps_cExport-noconfig.cmake
[1.198s] -- Up-to-date: /home/jetson/tb420250806/install/turtlebot4_msgs/share/turtlebot4_msgs/cmake/turtlebot4_msgs__rosidl_typesupport_introspection_cExport.cmake
[1.198s] -- Up-to-date: /home/jetson/tb420250806/install/turtlebot4_msgs/share/turtlebot4_msgs/cmake/turtlebot4_msgs__rosidl_typesupport_introspection_cExport-noconfig.cmake
[1.199s] -- Up-to-date: /home/jetson/tb420250806/install/turtlebot4_msgs/share/turtlebot4_msgs/cmake/turtlebot4_msgs__rosidl_typesupport_cExport.cmake
[1.199s] -- Up-to-date: /home/jetson/tb420250806/install/turtlebot4_msgs/share/turtlebot4_msgs/cmake/turtlebot4_msgs__rosidl_typesupport_cExport-noconfig.cmake
[1.200s] -- Up-to-date: /home/jetson/tb420250806/install/turtlebot4_msgs/share/turtlebot4_msgs/cmake/export_turtlebot4_msgs__rosidl_generator_cppExport.cmake
[1.201s] -- Up-to-date: /home/jetson/tb420250806/install/turtlebot4_msgs/share/turtlebot4_msgs/cmake/export_turtlebot4_msgs__rosidl_typesupport_fastrtps_cppExport.cmake
[1.201s] -- Up-to-date: /home/jetson/tb420250806/install/turtlebot4_msgs/share/turtlebot4_msgs/cmake/export_turtlebot4_msgs__rosidl_typesupport_fastrtps_cppExport-noconfig.cmake
[1.201s] -- Up-to-date: /home/jetson/tb420250806/install/turtlebot4_msgs/share/turtlebot4_msgs/cmake/turtlebot4_msgs__rosidl_typesupport_introspection_cppExport.cmake
[1.202s] -- Up-to-date: /home/jetson/tb420250806/install/turtlebot4_msgs/share/turtlebot4_msgs/cmake/turtlebot4_msgs__rosidl_typesupport_introspection_cppExport-noconfig.cmake
[1.203s] -- Up-to-date: /home/jetson/tb420250806/install/turtlebot4_msgs/share/turtlebot4_msgs/cmake/turtlebot4_msgs__rosidl_typesupport_cppExport.cmake
[1.203s] -- Up-to-date: /home/jetson/tb420250806/install/turtlebot4_msgs/share/turtlebot4_msgs/cmake/turtlebot4_msgs__rosidl_typesupport_cppExport-noconfig.cmake
[1.203s] -- Up-to-date: /home/jetson/tb420250806/install/turtlebot4_msgs/share/turtlebot4_msgs/cmake/export_turtlebot4_msgs__rosidl_generator_pyExport.cmake
[1.204s] -- Up-to-date: /home/jetson/tb420250806/install/turtlebot4_msgs/share/turtlebot4_msgs/cmake/export_turtlebot4_msgs__rosidl_generator_pyExport-noconfig.cmake
[1.208s] Invoked command in '/home/jetson/tb420250806/build/turtlebot4_msgs' returned '0': CMAKE_PREFIX_PATH=${CMAKE_PREFIX_PATH}:/home/jetson/tb420250806/install/voice_nav2_assistant:/home/jetson/tb420250806/install/turtlebot4_tests:/home/jetson/tb420250806/install/pose_navigator:/home/jetson/tb420250806/install/turtlebot4_diagnostics:/opt/ros/humble /usr/bin/cmake --install /home/jetson/tb420250806/build/turtlebot4_msgs
