[0.568s] Invoking command in '/home/jetson/tb420250806/build/nav2_costmap_filters_demo': CMAKE_PREFIX_PATH=/opt/ros/humble /usr/bin/cmake --build /home/jetson/tb420250806/build/nav2_costmap_filters_demo -- -j8 -l8
[1.087s] Invoked command in '/home/jetson/tb420250806/build/nav2_costmap_filters_demo' returned '0': CMAKE_PREFIX_PATH=/opt/ros/humble /usr/bin/cmake --build /home/jetson/tb420250806/build/nav2_costmap_filters_demo -- -j8 -l8
[1.089s] Invoking command in '/home/jetson/tb420250806/build/nav2_costmap_filters_demo': CMAKE_PREFIX_PATH=/opt/ros/humble /usr/bin/cmake --install /home/jetson/tb420250806/build/nav2_costmap_filters_demo
[1.117s] -- Install configuration: ""
[1.118s] -- Execute custom install script
[1.118s] -- Up-to-date symlink: /home/jetson/tb420250806/install/nav2_costmap_filters_demo/share/nav2_costmap_filters_demo/launch/costmap_filter_info.launch.py
[1.119s] -- Up-to-date symlink: /home/jetson/tb420250806/install/nav2_costmap_filters_demo/share/nav2_costmap_filters_demo/maps/keepout_mask.pgm
[1.119s] -- Up-to-date symlink: /home/jetson/tb420250806/install/nav2_costmap_filters_demo/share/nav2_costmap_filters_demo/maps/keepout_mask.yaml
[1.119s] -- Up-to-date symlink: /home/jetson/tb420250806/install/nav2_costmap_filters_demo/share/nav2_costmap_filters_demo/maps/speed_mask.pgm
[1.120s] -- Up-to-date symlink: /home/jetson/tb420250806/install/nav2_costmap_filters_demo/share/nav2_costmap_filters_demo/maps/speed_mask.yaml
[1.120s] -- Up-to-date symlink: /home/jetson/tb420250806/install/nav2_costmap_filters_demo/share/nav2_costmap_filters_demo/params/keepout_params.yaml
[1.122s] -- Up-to-date symlink: /home/jetson/tb420250806/install/nav2_costmap_filters_demo/share/nav2_costmap_filters_demo/params/speed_params.yaml
[1.122s] -- Up-to-date symlink: /home/jetson/tb420250806/install/nav2_costmap_filters_demo/share/ament_index/resource_index/package_run_dependencies/nav2_costmap_filters_demo
[1.123s] -- Up-to-date symlink: /home/jetson/tb420250806/install/nav2_costmap_filters_demo/share/ament_index/resource_index/parent_prefix_path/nav2_costmap_filters_demo
[1.123s] -- Up-to-date symlink: /home/jetson/tb420250806/install/nav2_costmap_filters_demo/share/nav2_costmap_filters_demo/environment/ament_prefix_path.sh
[1.123s] -- Up-to-date symlink: /home/jetson/tb420250806/install/nav2_costmap_filters_demo/share/nav2_costmap_filters_demo/environment/ament_prefix_path.dsv
[1.123s] -- Up-to-date symlink: /home/jetson/tb420250806/install/nav2_costmap_filters_demo/share/nav2_costmap_filters_demo/environment/path.sh
[1.123s] -- Up-to-date symlink: /home/jetson/tb420250806/install/nav2_costmap_filters_demo/share/nav2_costmap_filters_demo/environment/path.dsv
[1.124s] -- Up-to-date symlink: /home/jetson/tb420250806/install/nav2_costmap_filters_demo/share/nav2_costmap_filters_demo/local_setup.bash
[1.128s] -- Up-to-date symlink: /home/jetson/tb420250806/install/nav2_costmap_filters_demo/share/nav2_costmap_filters_demo/local_setup.sh
[1.128s] -- Up-to-date symlink: /home/jetson/tb420250806/install/nav2_costmap_filters_demo/share/nav2_costmap_filters_demo/local_setup.zsh
[1.129s] -- Up-to-date symlink: /home/jetson/tb420250806/install/nav2_costmap_filters_demo/share/nav2_costmap_filters_demo/local_setup.dsv
[1.130s] -- Symlinking: /home/jetson/tb420250806/install/nav2_costmap_filters_demo/share/nav2_costmap_filters_demo/package.dsv
[1.145s] -- Up-to-date symlink: /home/jetson/tb420250806/install/nav2_costmap_filters_demo/share/ament_index/resource_index/packages/nav2_costmap_filters_demo
[1.146s] -- Up-to-date symlink: /home/jetson/tb420250806/install/nav2_costmap_filters_demo/share/nav2_costmap_filters_demo/cmake/nav2_costmap_filters_demoConfig.cmake
[1.146s] -- Up-to-date symlink: /home/jetson/tb420250806/install/nav2_costmap_filters_demo/share/nav2_costmap_filters_demo/cmake/nav2_costmap_filters_demoConfig-version.cmake
[1.147s] -- Up-to-date symlink: /home/jetson/tb420250806/install/nav2_costmap_filters_demo/share/nav2_costmap_filters_demo/package.xml
[1.201s] Invoked command in '/home/jetson/tb420250806/build/nav2_costmap_filters_demo' returned '0': CMAKE_PREFIX_PATH=/opt/ros/humble /usr/bin/cmake --install /home/jetson/tb420250806/build/nav2_costmap_filters_demo
