[0.020s] Invoking command in '/home/jetson/tb420250806/build/turtlebot4_base': AMENT_PREFIX_PATH=/home/jetson/tb420250806/install/turtlebot4_node:/home/jetson/tb420250806/install/turtlebot4_msgs:${AMENT_PREFIX_PATH} CMAKE_PREFIX_PATH=/home/jetson/tb420250806/install/turtlebot4_node:/home/jetson/tb420250806/install/turtlebot4_msgs:/opt/ros/humble LD_LIBRARY_PATH=/home/jetson/tb420250806/install/turtlebot4_msgs/lib:/opt/ros/humble/opt/rviz_ogre_vendor/lib:/opt/ros/humble/lib/aarch64-linux-gnu:/opt/ros/humble/lib:/usr/local/cuda/lib64 PYTHONPATH=/home/jetson/tb420250806/install/turtlebot4_msgs/local/lib/python3.10/dist-packages:${PYTHONPATH} /usr/bin/cmake --build /home/jetson/tb420250806/build/turtlebot4_base -- -j8 -l8
[0.146s] [ 83%] Built target turtlebot4_base_lib
[0.201s] [100%] Built target turtlebot4_base_node
[0.227s] Invoked command in '/home/jetson/tb420250806/build/turtlebot4_base' returned '0': AMENT_PREFIX_PATH=/home/jetson/tb420250806/install/turtlebot4_node:/home/jetson/tb420250806/install/turtlebot4_msgs:${AMENT_PREFIX_PATH} CMAKE_PREFIX_PATH=/home/jetson/tb420250806/install/turtlebot4_node:/home/jetson/tb420250806/install/turtlebot4_msgs:/opt/ros/humble LD_LIBRARY_PATH=/home/jetson/tb420250806/install/turtlebot4_msgs/lib:/opt/ros/humble/opt/rviz_ogre_vendor/lib:/opt/ros/humble/lib/aarch64-linux-gnu:/opt/ros/humble/lib:/usr/local/cuda/lib64 PYTHONPATH=/home/jetson/tb420250806/install/turtlebot4_msgs/local/lib/python3.10/dist-packages:${PYTHONPATH} /usr/bin/cmake --build /home/jetson/tb420250806/build/turtlebot4_base -- -j8 -l8
[0.229s] Invoking command in '/home/jetson/tb420250806/build/turtlebot4_base': AMENT_PREFIX_PATH=/home/jetson/tb420250806/install/turtlebot4_node:/home/jetson/tb420250806/install/turtlebot4_msgs:${AMENT_PREFIX_PATH} CMAKE_PREFIX_PATH=/home/jetson/tb420250806/install/turtlebot4_node:/home/jetson/tb420250806/install/turtlebot4_msgs:/opt/ros/humble LD_LIBRARY_PATH=/home/jetson/tb420250806/install/turtlebot4_msgs/lib:/opt/ros/humble/opt/rviz_ogre_vendor/lib:/opt/ros/humble/lib/aarch64-linux-gnu:/opt/ros/humble/lib:/usr/local/cuda/lib64 PYTHONPATH=/home/jetson/tb420250806/install/turtlebot4_msgs/local/lib/python3.10/dist-packages:${PYTHONPATH} /usr/bin/cmake --install /home/jetson/tb420250806/build/turtlebot4_base
[0.242s] -- Install configuration: ""
[0.242s] -- Execute custom install script
[0.243s] -- Up-to-date symlink: /home/jetson/tb420250806/install/turtlebot4_base/lib/turtlebot4_base/turtlebot4_base_node
[0.243s] -- Up-to-date symlink: /home/jetson/tb420250806/install/turtlebot4_base/share/ament_index/resource_index/package_run_dependencies/turtlebot4_base
[0.243s] -- Up-to-date symlink: /home/jetson/tb420250806/install/turtlebot4_base/share/ament_index/resource_index/parent_prefix_path/turtlebot4_base
[0.243s] -- Up-to-date symlink: /home/jetson/tb420250806/install/turtlebot4_base/share/turtlebot4_base/environment/ament_prefix_path.sh
[0.244s] -- Up-to-date symlink: /home/jetson/tb420250806/install/turtlebot4_base/share/turtlebot4_base/environment/ament_prefix_path.dsv
[0.244s] -- Up-to-date symlink: /home/jetson/tb420250806/install/turtlebot4_base/share/turtlebot4_base/environment/path.sh
[0.244s] -- Up-to-date symlink: /home/jetson/tb420250806/install/turtlebot4_base/share/turtlebot4_base/environment/path.dsv
[0.244s] -- Up-to-date symlink: /home/jetson/tb420250806/install/turtlebot4_base/share/turtlebot4_base/local_setup.bash
[0.245s] -- Up-to-date symlink: /home/jetson/tb420250806/install/turtlebot4_base/share/turtlebot4_base/local_setup.sh
[0.245s] -- Up-to-date symlink: /home/jetson/tb420250806/install/turtlebot4_base/share/turtlebot4_base/local_setup.zsh
[0.245s] -- Up-to-date symlink: /home/jetson/tb420250806/install/turtlebot4_base/share/turtlebot4_base/local_setup.dsv
[0.245s] -- Symlinking: /home/jetson/tb420250806/install/turtlebot4_base/share/turtlebot4_base/package.dsv
[0.260s] -- Up-to-date symlink: /home/jetson/tb420250806/install/turtlebot4_base/share/ament_index/resource_index/packages/turtlebot4_base
[0.261s] -- Up-to-date symlink: /home/jetson/tb420250806/install/turtlebot4_base/share/turtlebot4_base/cmake/ament_cmake_export_include_directories-extras.cmake
[0.261s] -- Up-to-date symlink: /home/jetson/tb420250806/install/turtlebot4_base/share/turtlebot4_base/cmake/turtlebot4_baseConfig.cmake
[0.261s] -- Up-to-date symlink: /home/jetson/tb420250806/install/turtlebot4_base/share/turtlebot4_base/cmake/turtlebot4_baseConfig-version.cmake
[0.261s] -- Up-to-date symlink: /home/jetson/tb420250806/install/turtlebot4_base/share/turtlebot4_base/package.xml
[0.266s] Invoked command in '/home/jetson/tb420250806/build/turtlebot4_base' returned '0': AMENT_PREFIX_PATH=/home/jetson/tb420250806/install/turtlebot4_node:/home/jetson/tb420250806/install/turtlebot4_msgs:${AMENT_PREFIX_PATH} CMAKE_PREFIX_PATH=/home/jetson/tb420250806/install/turtlebot4_node:/home/jetson/tb420250806/install/turtlebot4_msgs:/opt/ros/humble LD_LIBRARY_PATH=/home/jetson/tb420250806/install/turtlebot4_msgs/lib:/opt/ros/humble/opt/rviz_ogre_vendor/lib:/opt/ros/humble/lib/aarch64-linux-gnu:/opt/ros/humble/lib:/usr/local/cuda/lib64 PYTHONPATH=/home/jetson/tb420250806/install/turtlebot4_msgs/local/lib/python3.10/dist-packages:${PYTHONPATH} /usr/bin/cmake --install /home/jetson/tb420250806/build/turtlebot4_base
