[0.493s] Invoking command in '/home/jetson/tb420250806/build/nav2_costmap_filters_demo': CMAKE_PREFIX_PATH=${CMAKE_PREFIX_PATH}:/home/jetson/tb420250806/install/voice_nav2_assistant:/home/jetson/tb420250806/install/turtlebot4_tests:/home/jetson/tb420250806/install/pose_navigator:/home/jetson/tb420250806/install/turtlebot4_diagnostics:/opt/ros/humble /usr/bin/cmake --build /home/jetson/tb420250806/build/nav2_costmap_filters_demo -- -j12 -l12
[0.952s] Invoked command in '/home/jetson/tb420250806/build/nav2_costmap_filters_demo' returned '0': CMAKE_PREFIX_PATH=${CMAKE_PREFIX_PATH}:/home/jetson/tb420250806/install/voice_nav2_assistant:/home/jetson/tb420250806/install/turtlebot4_tests:/home/jetson/tb420250806/install/pose_navigator:/home/jetson/tb420250806/install/turtlebot4_diagnostics:/opt/ros/humble /usr/bin/cmake --build /home/jetson/tb420250806/build/nav2_costmap_filters_demo -- -j12 -l12
[0.956s] Invoking command in '/home/jetson/tb420250806/build/nav2_costmap_filters_demo': CMAKE_PREFIX_PATH=${CMAKE_PREFIX_PATH}:/home/jetson/tb420250806/install/voice_nav2_assistant:/home/jetson/tb420250806/install/turtlebot4_tests:/home/jetson/tb420250806/install/pose_navigator:/home/jetson/tb420250806/install/turtlebot4_diagnostics:/opt/ros/humble /usr/bin/cmake --install /home/jetson/tb420250806/build/nav2_costmap_filters_demo
[0.981s] -- Install configuration: ""
[0.981s] -- Execute custom install script
[0.981s] -- Up-to-date symlink: /home/jetson/tb420250806/install/nav2_costmap_filters_demo/share/nav2_costmap_filters_demo/launch/costmap_filter_info.launch.py
[0.982s] -- Up-to-date symlink: /home/jetson/tb420250806/install/nav2_costmap_filters_demo/share/nav2_costmap_filters_demo/maps/keepout_mask.pgm
[0.983s] -- Up-to-date symlink: /home/jetson/tb420250806/install/nav2_costmap_filters_demo/share/nav2_costmap_filters_demo/maps/keepout_mask.yaml
[0.984s] -- Up-to-date symlink: /home/jetson/tb420250806/install/nav2_costmap_filters_demo/share/nav2_costmap_filters_demo/maps/speed_mask.pgm
[0.985s] -- Up-to-date symlink: /home/jetson/tb420250806/install/nav2_costmap_filters_demo/share/nav2_costmap_filters_demo/maps/speed_mask.yaml
[0.985s] -- Up-to-date symlink: /home/jetson/tb420250806/install/nav2_costmap_filters_demo/share/nav2_costmap_filters_demo/params/keepout_params.yaml
[0.986s] -- Up-to-date symlink: /home/jetson/tb420250806/install/nav2_costmap_filters_demo/share/nav2_costmap_filters_demo/params/speed_params.yaml
[0.986s] -- Up-to-date symlink: /home/jetson/tb420250806/install/nav2_costmap_filters_demo/share/ament_index/resource_index/package_run_dependencies/nav2_costmap_filters_demo
[0.986s] -- Up-to-date symlink: /home/jetson/tb420250806/install/nav2_costmap_filters_demo/share/ament_index/resource_index/parent_prefix_path/nav2_costmap_filters_demo
[0.986s] -- Up-to-date symlink: /home/jetson/tb420250806/install/nav2_costmap_filters_demo/share/nav2_costmap_filters_demo/environment/ament_prefix_path.sh
[0.986s] -- Up-to-date symlink: /home/jetson/tb420250806/install/nav2_costmap_filters_demo/share/nav2_costmap_filters_demo/environment/ament_prefix_path.dsv
[0.987s] -- Up-to-date symlink: /home/jetson/tb420250806/install/nav2_costmap_filters_demo/share/nav2_costmap_filters_demo/environment/path.sh
[0.987s] -- Up-to-date symlink: /home/jetson/tb420250806/install/nav2_costmap_filters_demo/share/nav2_costmap_filters_demo/environment/path.dsv
[0.987s] -- Up-to-date symlink: /home/jetson/tb420250806/install/nav2_costmap_filters_demo/share/nav2_costmap_filters_demo/local_setup.bash
[0.987s] -- Up-to-date symlink: /home/jetson/tb420250806/install/nav2_costmap_filters_demo/share/nav2_costmap_filters_demo/local_setup.sh
[0.987s] -- Up-to-date symlink: /home/jetson/tb420250806/install/nav2_costmap_filters_demo/share/nav2_costmap_filters_demo/local_setup.zsh
[0.988s] -- Up-to-date symlink: /home/jetson/tb420250806/install/nav2_costmap_filters_demo/share/nav2_costmap_filters_demo/local_setup.dsv
[0.988s] -- Symlinking: /home/jetson/tb420250806/install/nav2_costmap_filters_demo/share/nav2_costmap_filters_demo/package.dsv
[0.995s] -- Up-to-date symlink: /home/jetson/tb420250806/install/nav2_costmap_filters_demo/share/ament_index/resource_index/packages/nav2_costmap_filters_demo
[0.996s] -- Up-to-date symlink: /home/jetson/tb420250806/install/nav2_costmap_filters_demo/share/nav2_costmap_filters_demo/cmake/nav2_costmap_filters_demoConfig.cmake
[0.996s] -- Up-to-date symlink: /home/jetson/tb420250806/install/nav2_costmap_filters_demo/share/nav2_costmap_filters_demo/cmake/nav2_costmap_filters_demoConfig-version.cmake
[0.997s] -- Up-to-date symlink: /home/jetson/tb420250806/install/nav2_costmap_filters_demo/share/nav2_costmap_filters_demo/package.xml
[1.068s] Invoked command in '/home/jetson/tb420250806/build/nav2_costmap_filters_demo' returned '0': CMAKE_PREFIX_PATH=${CMAKE_PREFIX_PATH}:/home/jetson/tb420250806/install/voice_nav2_assistant:/home/jetson/tb420250806/install/turtlebot4_tests:/home/jetson/tb420250806/install/pose_navigator:/home/jetson/tb420250806/install/turtlebot4_diagnostics:/opt/ros/humble /usr/bin/cmake --install /home/jetson/tb420250806/build/nav2_costmap_filters_demo
