[0.058s] Invoking command in '/home/jetson/tb420250806/build/turtlebot4_description': CMAKE_PREFIX_PATH=${CMAKE_PREFIX_PATH}:/home/jetson/tb420250806/install/voice_nav2_assistant:/home/jetson/tb420250806/install/turtlebot4_tests:/home/jetson/tb420250806/install/pose_navigator:/home/jetson/tb420250806/install/turtlebot4_diagnostics:/opt/ros/humble /usr/bin/cmake --build /home/jetson/tb420250806/build/turtlebot4_description -- -j12 -l12
[0.932s] Invoked command in '/home/jetson/tb420250806/build/turtlebot4_description' returned '0': CMAKE_PREFIX_PATH=${CMAKE_PREFIX_PATH}:/home/jetson/tb420250806/install/voice_nav2_assistant:/home/jetson/tb420250806/install/turtlebot4_tests:/home/jetson/tb420250806/install/pose_navigator:/home/jetson/tb420250806/install/turtlebot4_diagnostics:/opt/ros/humble /usr/bin/cmake --build /home/jetson/tb420250806/build/turtlebot4_description -- -j12 -l12
[0.950s] Invoking command in '/home/jetson/tb420250806/build/turtlebot4_description': CMAKE_PREFIX_PATH=${CMAKE_PREFIX_PATH}:/home/jetson/tb420250806/install/voice_nav2_assistant:/home/jetson/tb420250806/install/turtlebot4_tests:/home/jetson/tb420250806/install/pose_navigator:/home/jetson/tb420250806/install/turtlebot4_diagnostics:/opt/ros/humble /usr/bin/cmake --install /home/jetson/tb420250806/build/turtlebot4_description
[0.965s] -- Install configuration: ""
[0.965s] -- Execute custom install script
[0.968s] -- Up-to-date symlink: /home/jetson/tb420250806/install/turtlebot4_description/share/turtlebot4_description/launch/robot_description.launch.py
[0.969s] -- Up-to-date symlink: /home/jetson/tb420250806/install/turtlebot4_description/share/turtlebot4_description/meshes/camera_bracket.dae
[0.971s] -- Up-to-date symlink: /home/jetson/tb420250806/install/turtlebot4_description/share/turtlebot4_description/meshes/oakd_lite.dae
[0.972s] -- Up-to-date symlink: /home/jetson/tb420250806/install/turtlebot4_description/share/turtlebot4_description/meshes/oakd_pro.dae
[0.973s] -- Up-to-date symlink: /home/jetson/tb420250806/install/turtlebot4_description/share/turtlebot4_description/meshes/rplidar.dae
[0.973s] -- Up-to-date symlink: /home/jetson/tb420250806/install/turtlebot4_description/share/turtlebot4_description/meshes/shell.dae
[0.973s] -- Up-to-date symlink: /home/jetson/tb420250806/install/turtlebot4_description/share/turtlebot4_description/meshes/shell_collision.dae
[0.974s] -- Up-to-date symlink: /home/jetson/tb420250806/install/turtlebot4_description/share/turtlebot4_description/meshes/tower.dae
[0.974s] -- Up-to-date symlink: /home/jetson/tb420250806/install/turtlebot4_description/share/turtlebot4_description/meshes/tower_sensor_plate.dae
[0.974s] -- Up-to-date symlink: /home/jetson/tb420250806/install/turtlebot4_description/share/turtlebot4_description/meshes/tower_standoff.dae
[0.975s] -- Up-to-date symlink: /home/jetson/tb420250806/install/turtlebot4_description/share/turtlebot4_description/meshes/weight_block.dae
[0.976s] -- Up-to-date symlink: /home/jetson/tb420250806/install/turtlebot4_description/share/turtlebot4_description/urdf/lite/turtlebot4.urdf.xacro
[0.976s] -- Up-to-date symlink: /home/jetson/tb420250806/install/turtlebot4_description/share/turtlebot4_description/urdf/sensors/camera_bracket.urdf.xacro
[0.976s] -- Up-to-date symlink: /home/jetson/tb420250806/install/turtlebot4_description/share/turtlebot4_description/urdf/sensors/oakd.urdf.xacro
[0.976s] -- Up-to-date symlink: /home/jetson/tb420250806/install/turtlebot4_description/share/turtlebot4_description/urdf/sensors/rplidar.urdf.xacro
[0.976s] -- Up-to-date symlink: /home/jetson/tb420250806/install/turtlebot4_description/share/turtlebot4_description/urdf/standard/tower_sensor_plate.urdf.xacro
[0.976s] -- Up-to-date symlink: /home/jetson/tb420250806/install/turtlebot4_description/share/turtlebot4_description/urdf/standard/tower_standoff.urdf.xacro
[0.977s] -- Up-to-date symlink: /home/jetson/tb420250806/install/turtlebot4_description/share/turtlebot4_description/urdf/standard/turtlebot4.urdf.xacro
[0.977s] -- Up-to-date symlink: /home/jetson/tb420250806/install/turtlebot4_description/share/turtlebot4_description/urdf/standard/weight_block.urdf.xacro
[0.977s] -- Up-to-date symlink: /home/jetson/tb420250806/install/turtlebot4_description/share/ament_index/resource_index/package_run_dependencies/turtlebot4_description
[0.978s] -- Up-to-date symlink: /home/jetson/tb420250806/install/turtlebot4_description/share/ament_index/resource_index/parent_prefix_path/turtlebot4_description
[0.978s] -- Up-to-date symlink: /home/jetson/tb420250806/install/turtlebot4_description/share/turtlebot4_description/environment/ament_prefix_path.sh
[0.978s] -- Up-to-date symlink: /home/jetson/tb420250806/install/turtlebot4_description/share/turtlebot4_description/environment/ament_prefix_path.dsv
[0.978s] -- Up-to-date symlink: /home/jetson/tb420250806/install/turtlebot4_description/share/turtlebot4_description/environment/path.sh
[0.980s] -- Up-to-date symlink: /home/jetson/tb420250806/install/turtlebot4_description/share/turtlebot4_description/environment/path.dsv
[0.980s] -- Up-to-date symlink: /home/jetson/tb420250806/install/turtlebot4_description/share/turtlebot4_description/local_setup.bash
[0.982s] -- Up-to-date symlink: /home/jetson/tb420250806/install/turtlebot4_description/share/turtlebot4_description/local_setup.sh
[0.982s] -- Up-to-date symlink: /home/jetson/tb420250806/install/turtlebot4_description/share/turtlebot4_description/local_setup.zsh
[0.983s] -- Up-to-date symlink: /home/jetson/tb420250806/install/turtlebot4_description/share/turtlebot4_description/local_setup.dsv
[0.983s] -- Symlinking: /home/jetson/tb420250806/install/turtlebot4_description/share/turtlebot4_description/package.dsv
[1.011s] -- Up-to-date symlink: /home/jetson/tb420250806/install/turtlebot4_description/share/ament_index/resource_index/packages/turtlebot4_description
[1.012s] -- Up-to-date symlink: /home/jetson/tb420250806/install/turtlebot4_description/share/turtlebot4_description/cmake/turtlebot4_descriptionConfig.cmake
[1.012s] -- Up-to-date symlink: /home/jetson/tb420250806/install/turtlebot4_description/share/turtlebot4_description/cmake/turtlebot4_descriptionConfig-version.cmake
[1.012s] -- Up-to-date symlink: /home/jetson/tb420250806/install/turtlebot4_description/share/turtlebot4_description/package.xml
[1.061s] Invoked command in '/home/jetson/tb420250806/build/turtlebot4_description' returned '0': CMAKE_PREFIX_PATH=${CMAKE_PREFIX_PATH}:/home/jetson/tb420250806/install/voice_nav2_assistant:/home/jetson/tb420250806/install/turtlebot4_tests:/home/jetson/tb420250806/install/pose_navigator:/home/jetson/tb420250806/install/turtlebot4_diagnostics:/opt/ros/humble /usr/bin/cmake --install /home/jetson/tb420250806/build/turtlebot4_description
