[0.036s] Invoking command in '/home/jetson/tb420250806/build/turtlebot4_node': CMAKE_PREFIX_PATH=/home/jetson/tb420250806/install/turtlebot4_msgs:/home/jetson/tb420250806/install/turtlebot4_desktop:/home/jetson/tb420250806/install/turtlebot4_viz:/home/jetson/tb420250806/install/turtlebot4_robot:/home/jetson/tb420250806/install/turtlebot4_bringup:/home/jetson/tb420250806/install/turtlebot4_base:/home/jetson/tb420250806/install/turtlebot4_node:/home/jetson/tb420250806/install/turtlebot4_navigation:/home/jetson/tb420250806/install/turtlebot4_description:/home/jetson/tb420250806/install/nav2_costmap_filters_demo:/home/jetson/tb420250806/install/map_publisher:/home/jetson/tb420250806/install/voice_nav2_assistant:/home/jetson/tb420250806/install/turtlebot4_tests:/home/jetson/tb420250806/install/pose_navigator:/home/jetson/tb420250806/install/turtlebot4_diagnostics:/opt/ros/humble LD_LIBRARY_PATH=/home/jetson/tb420250806/install/turtlebot4_msgs/lib:/opt/ros/humble/opt/rviz_ogre_vendor/lib:/opt/ros/humble/lib/aarch64-linux-gnu:/opt/ros/humble/lib:/usr/local/cuda/lib64 /usr/bin/cmake --build /home/jetson/tb420250806/build/turtlebot4_node -- -j12 -l12
[0.477s] [ 75%] Built target turtlebot4_node_lib
[0.478s] [100%] Built target turtlebot4_node
[0.487s] Invoked command in '/home/jetson/tb420250806/build/turtlebot4_node' returned '0': CMAKE_PREFIX_PATH=/home/jetson/tb420250806/install/turtlebot4_msgs:/home/jetson/tb420250806/install/turtlebot4_desktop:/home/jetson/tb420250806/install/turtlebot4_viz:/home/jetson/tb420250806/install/turtlebot4_robot:/home/jetson/tb420250806/install/turtlebot4_bringup:/home/jetson/tb420250806/install/turtlebot4_base:/home/jetson/tb420250806/install/turtlebot4_node:/home/jetson/tb420250806/install/turtlebot4_navigation:/home/jetson/tb420250806/install/turtlebot4_description:/home/jetson/tb420250806/install/nav2_costmap_filters_demo:/home/jetson/tb420250806/install/map_publisher:/home/jetson/tb420250806/install/voice_nav2_assistant:/home/jetson/tb420250806/install/turtlebot4_tests:/home/jetson/tb420250806/install/pose_navigator:/home/jetson/tb420250806/install/turtlebot4_diagnostics:/opt/ros/humble LD_LIBRARY_PATH=/home/jetson/tb420250806/install/turtlebot4_msgs/lib:/opt/ros/humble/opt/rviz_ogre_vendor/lib:/opt/ros/humble/lib/aarch64-linux-gnu:/opt/ros/humble/lib:/usr/local/cuda/lib64 /usr/bin/cmake --build /home/jetson/tb420250806/build/turtlebot4_node -- -j12 -l12
[0.491s] Invoking command in '/home/jetson/tb420250806/build/turtlebot4_node': CMAKE_PREFIX_PATH=/home/jetson/tb420250806/install/turtlebot4_msgs:/home/jetson/tb420250806/install/turtlebot4_desktop:/home/jetson/tb420250806/install/turtlebot4_viz:/home/jetson/tb420250806/install/turtlebot4_robot:/home/jetson/tb420250806/install/turtlebot4_bringup:/home/jetson/tb420250806/install/turtlebot4_base:/home/jetson/tb420250806/install/turtlebot4_node:/home/jetson/tb420250806/install/turtlebot4_navigation:/home/jetson/tb420250806/install/turtlebot4_description:/home/jetson/tb420250806/install/nav2_costmap_filters_demo:/home/jetson/tb420250806/install/map_publisher:/home/jetson/tb420250806/install/voice_nav2_assistant:/home/jetson/tb420250806/install/turtlebot4_tests:/home/jetson/tb420250806/install/pose_navigator:/home/jetson/tb420250806/install/turtlebot4_diagnostics:/opt/ros/humble LD_LIBRARY_PATH=/home/jetson/tb420250806/install/turtlebot4_msgs/lib:/opt/ros/humble/opt/rviz_ogre_vendor/lib:/opt/ros/humble/lib/aarch64-linux-gnu:/opt/ros/humble/lib:/usr/local/cuda/lib64 /usr/bin/cmake --install /home/jetson/tb420250806/build/turtlebot4_node
[0.528s] -- Install configuration: ""
[0.529s] -- Execute custom install script
[0.529s] -- Up-to-date symlink: /home/jetson/tb420250806/install/turtlebot4_node/lib/turtlebot4_node/turtlebot4_node
[0.529s] -- Up-to-date symlink: /home/jetson/tb420250806/install/turtlebot4_node/include/turtlebot4_node/action.hpp
[0.530s] -- Up-to-date symlink: /home/jetson/tb420250806/install/turtlebot4_node/include/turtlebot4_node/buttons.hpp
[0.530s] -- Up-to-date symlink: /home/jetson/tb420250806/install/turtlebot4_node/include/turtlebot4_node/display.hpp
[0.530s] -- Up-to-date symlink: /home/jetson/tb420250806/install/turtlebot4_node/include/turtlebot4_node/leds.hpp
[0.530s] -- Up-to-date symlink: /home/jetson/tb420250806/install/turtlebot4_node/include/turtlebot4_node/service.hpp
[0.531s] -- Up-to-date symlink: /home/jetson/tb420250806/install/turtlebot4_node/include/turtlebot4_node/turtlebot4.hpp
[0.531s] -- Up-to-date symlink: /home/jetson/tb420250806/install/turtlebot4_node/include/turtlebot4_node/utils.hpp
[0.531s] -- Up-to-date symlink: /home/jetson/tb420250806/install/turtlebot4_node/share/ament_index/resource_index/package_run_dependencies/turtlebot4_node
[0.532s] -- Up-to-date symlink: /home/jetson/tb420250806/install/turtlebot4_node/share/ament_index/resource_index/parent_prefix_path/turtlebot4_node
[0.532s] -- Up-to-date symlink: /home/jetson/tb420250806/install/turtlebot4_node/share/turtlebot4_node/environment/ament_prefix_path.sh
[0.532s] -- Up-to-date symlink: /home/jetson/tb420250806/install/turtlebot4_node/share/turtlebot4_node/environment/ament_prefix_path.dsv
[0.532s] -- Up-to-date symlink: /home/jetson/tb420250806/install/turtlebot4_node/share/turtlebot4_node/environment/path.sh
[0.533s] -- Up-to-date symlink: /home/jetson/tb420250806/install/turtlebot4_node/share/turtlebot4_node/environment/path.dsv
[0.533s] -- Up-to-date symlink: /home/jetson/tb420250806/install/turtlebot4_node/share/turtlebot4_node/local_setup.bash
[0.534s] -- Up-to-date symlink: /home/jetson/tb420250806/install/turtlebot4_node/share/turtlebot4_node/local_setup.sh
[0.535s] -- Up-to-date symlink: /home/jetson/tb420250806/install/turtlebot4_node/share/turtlebot4_node/local_setup.zsh
[0.535s] -- Up-to-date symlink: /home/jetson/tb420250806/install/turtlebot4_node/share/turtlebot4_node/local_setup.dsv
[0.535s] -- Symlinking: /home/jetson/tb420250806/install/turtlebot4_node/share/turtlebot4_node/package.dsv
[0.536s] -- Up-to-date symlink: /home/jetson/tb420250806/install/turtlebot4_node/share/ament_index/resource_index/packages/turtlebot4_node
[0.536s] -- Up-to-date symlink: /home/jetson/tb420250806/install/turtlebot4_node/share/turtlebot4_node/cmake/ament_cmake_export_include_directories-extras.cmake
[0.536s] -- Up-to-date symlink: /home/jetson/tb420250806/install/turtlebot4_node/share/turtlebot4_node/cmake/turtlebot4_nodeConfig.cmake
[0.536s] -- Up-to-date symlink: /home/jetson/tb420250806/install/turtlebot4_node/share/turtlebot4_node/cmake/turtlebot4_nodeConfig-version.cmake
[0.536s] -- Up-to-date symlink: /home/jetson/tb420250806/install/turtlebot4_node/share/turtlebot4_node/package.xml
[0.556s] Invoked command in '/home/jetson/tb420250806/build/turtlebot4_node' returned '0': CMAKE_PREFIX_PATH=/home/jetson/tb420250806/install/turtlebot4_msgs:/home/jetson/tb420250806/install/turtlebot4_desktop:/home/jetson/tb420250806/install/turtlebot4_viz:/home/jetson/tb420250806/install/turtlebot4_robot:/home/jetson/tb420250806/install/turtlebot4_bringup:/home/jetson/tb420250806/install/turtlebot4_base:/home/jetson/tb420250806/install/turtlebot4_node:/home/jetson/tb420250806/install/turtlebot4_navigation:/home/jetson/tb420250806/install/turtlebot4_description:/home/jetson/tb420250806/install/nav2_costmap_filters_demo:/home/jetson/tb420250806/install/map_publisher:/home/jetson/tb420250806/install/voice_nav2_assistant:/home/jetson/tb420250806/install/turtlebot4_tests:/home/jetson/tb420250806/install/pose_navigator:/home/jetson/tb420250806/install/turtlebot4_diagnostics:/opt/ros/humble LD_LIBRARY_PATH=/home/jetson/tb420250806/install/turtlebot4_msgs/lib:/opt/ros/humble/opt/rviz_ogre_vendor/lib:/opt/ros/humble/lib/aarch64-linux-gnu:/opt/ros/humble/lib:/usr/local/cuda/lib64 /usr/bin/cmake --install /home/jetson/tb420250806/build/turtlebot4_node
