[0.638s] Invoking command in '/home/jetson/tb420250806/build/turtlebot4_desktop': CMAKE_PREFIX_PATH=/home/jetson/tb420250806/install/turtlebot4_viz:/home/jetson/tb420250806/install/turtlebot4_description:/home/jetson/tb420250806/install/turtlebot4_desktop:/home/jetson/tb420250806/install/turtlebot4_robot:/home/jetson/tb420250806/install/turtlebot4_bringup:/home/jetson/tb420250806/install/turtlebot4_base:/home/jetson/tb420250806/install/turtlebot4_node:/home/jetson/tb420250806/install/turtlebot4_navigation:/home/jetson/tb420250806/install/turtlebot4_msgs:/home/jetson/tb420250806/install/nav2_costmap_filters_demo:/home/jetson/tb420250806/install/map_publisher:/home/jetson/tb420250806/install/voice_nav2_assistant:/home/jetson/tb420250806/install/turtlebot4_tests:/home/jetson/tb420250806/install/pose_navigator:/home/jetson/tb420250806/install/turtlebot4_diagnostics:/opt/ros/humble /usr/bin/cmake --build /home/jetson/tb420250806/build/turtlebot4_desktop -- -j8 -l8
[0.753s] Invoked command in '/home/jetson/tb420250806/build/turtlebot4_desktop' returned '0': CMAKE_PREFIX_PATH=/home/jetson/tb420250806/install/turtlebot4_viz:/home/jetson/tb420250806/install/turtlebot4_description:/home/jetson/tb420250806/install/turtlebot4_desktop:/home/jetson/tb420250806/install/turtlebot4_robot:/home/jetson/tb420250806/install/turtlebot4_bringup:/home/jetson/tb420250806/install/turtlebot4_base:/home/jetson/tb420250806/install/turtlebot4_node:/home/jetson/tb420250806/install/turtlebot4_navigation:/home/jetson/tb420250806/install/turtlebot4_msgs:/home/jetson/tb420250806/install/nav2_costmap_filters_demo:/home/jetson/tb420250806/install/map_publisher:/home/jetson/tb420250806/install/voice_nav2_assistant:/home/jetson/tb420250806/install/turtlebot4_tests:/home/jetson/tb420250806/install/pose_navigator:/home/jetson/tb420250806/install/turtlebot4_diagnostics:/opt/ros/humble /usr/bin/cmake --build /home/jetson/tb420250806/build/turtlebot4_desktop -- -j8 -l8
[0.758s] Invoking command in '/home/jetson/tb420250806/build/turtlebot4_desktop': CMAKE_PREFIX_PATH=/home/jetson/tb420250806/install/turtlebot4_viz:/home/jetson/tb420250806/install/turtlebot4_description:/home/jetson/tb420250806/install/turtlebot4_desktop:/home/jetson/tb420250806/install/turtlebot4_robot:/home/jetson/tb420250806/install/turtlebot4_bringup:/home/jetson/tb420250806/install/turtlebot4_base:/home/jetson/tb420250806/install/turtlebot4_node:/home/jetson/tb420250806/install/turtlebot4_navigation:/home/jetson/tb420250806/install/turtlebot4_msgs:/home/jetson/tb420250806/install/nav2_costmap_filters_demo:/home/jetson/tb420250806/install/map_publisher:/home/jetson/tb420250806/install/voice_nav2_assistant:/home/jetson/tb420250806/install/turtlebot4_tests:/home/jetson/tb420250806/install/pose_navigator:/home/jetson/tb420250806/install/turtlebot4_diagnostics:/opt/ros/humble /usr/bin/cmake --install /home/jetson/tb420250806/build/turtlebot4_desktop
[0.777s] -- Install configuration: ""
[0.780s] -- Execute custom install script
[0.781s] -- Up-to-date symlink: /home/jetson/tb420250806/install/turtlebot4_desktop/share/ament_index/resource_index/package_run_dependencies/turtlebot4_desktop
[0.782s] -- Up-to-date symlink: /home/jetson/tb420250806/install/turtlebot4_desktop/share/ament_index/resource_index/parent_prefix_path/turtlebot4_desktop
[0.784s] -- Up-to-date symlink: /home/jetson/tb420250806/install/turtlebot4_desktop/share/turtlebot4_desktop/environment/ament_prefix_path.sh
[0.784s] -- Up-to-date symlink: /home/jetson/tb420250806/install/turtlebot4_desktop/share/turtlebot4_desktop/environment/ament_prefix_path.dsv
[0.785s] -- Up-to-date symlink: /home/jetson/tb420250806/install/turtlebot4_desktop/share/turtlebot4_desktop/environment/path.sh
[0.786s] -- Up-to-date symlink: /home/jetson/tb420250806/install/turtlebot4_desktop/share/turtlebot4_desktop/environment/path.dsv
[0.787s] -- Up-to-date symlink: /home/jetson/tb420250806/install/turtlebot4_desktop/share/turtlebot4_desktop/local_setup.bash
[0.789s] -- Up-to-date symlink: /home/jetson/tb420250806/install/turtlebot4_desktop/share/turtlebot4_desktop/local_setup.sh
[0.790s] -- Up-to-date symlink: /home/jetson/tb420250806/install/turtlebot4_desktop/share/turtlebot4_desktop/local_setup.zsh
[0.791s] -- Up-to-date symlink: /home/jetson/tb420250806/install/turtlebot4_desktop/share/turtlebot4_desktop/local_setup.dsv
[0.792s] -- Symlinking: /home/jetson/tb420250806/install/turtlebot4_desktop/share/turtlebot4_desktop/package.dsv
[0.820s] -- Up-to-date symlink: /home/jetson/tb420250806/install/turtlebot4_desktop/share/ament_index/resource_index/packages/turtlebot4_desktop
[0.823s] -- Up-to-date symlink: /home/jetson/tb420250806/install/turtlebot4_desktop/share/turtlebot4_desktop/cmake/turtlebot4_desktopConfig.cmake
[0.825s] -- Up-to-date symlink: /home/jetson/tb420250806/install/turtlebot4_desktop/share/turtlebot4_desktop/cmake/turtlebot4_desktopConfig-version.cmake
[0.826s] -- Up-to-date symlink: /home/jetson/tb420250806/install/turtlebot4_desktop/share/turtlebot4_desktop/package.xml
[0.835s] Invoked command in '/home/jetson/tb420250806/build/turtlebot4_desktop' returned '0': CMAKE_PREFIX_PATH=/home/jetson/tb420250806/install/turtlebot4_viz:/home/jetson/tb420250806/install/turtlebot4_description:/home/jetson/tb420250806/install/turtlebot4_desktop:/home/jetson/tb420250806/install/turtlebot4_robot:/home/jetson/tb420250806/install/turtlebot4_bringup:/home/jetson/tb420250806/install/turtlebot4_base:/home/jetson/tb420250806/install/turtlebot4_node:/home/jetson/tb420250806/install/turtlebot4_navigation:/home/jetson/tb420250806/install/turtlebot4_msgs:/home/jetson/tb420250806/install/nav2_costmap_filters_demo:/home/jetson/tb420250806/install/map_publisher:/home/jetson/tb420250806/install/voice_nav2_assistant:/home/jetson/tb420250806/install/turtlebot4_tests:/home/jetson/tb420250806/install/pose_navigator:/home/jetson/tb420250806/install/turtlebot4_diagnostics:/opt/ros/humble /usr/bin/cmake --install /home/jetson/tb420250806/build/turtlebot4_desktop
