[0.065s] Invoking command in '/home/jetson/tb420250806/build/turtlebot4_msgs': CMAKE_PREFIX_PATH=/opt/ros/humble /usr/bin/cmake --build /home/jetson/tb420250806/build/turtlebot4_msgs -- -j8 -l8
[1.103s] [  6%] Built target turtlebot4_msgs__cpp
[1.106s] [ 12%] Built target turtlebot4_msgs__rosidl_generator_c
[1.106s] [ 12%] Built target ament_cmake_python_symlink_turtlebot4_msgs
[1.107s] [ 44%] Built target turtlebot4_msgs__rosidl_typesupport_introspection_cpp
[1.107s] [ 44%] Built target turtlebot4_msgs__rosidl_typesupport_fastrtps_cpp
[1.108s] [ 44%] Built target turtlebot4_msgs__rosidl_typesupport_cpp
[1.108s] [ 55%] Built target turtlebot4_msgs__rosidl_typesupport_fastrtps_c
[1.109s] [ 65%] Built target turtlebot4_msgs__rosidl_typesupport_c
[1.111s] [ 76%] Built target turtlebot4_msgs__rosidl_typesupport_introspection_c
[1.111s] [ 76%] Built target turtlebot4_msgs
[1.112s] [ 78%] Built target turtlebot4_msgs__py
[1.112s] [ 87%] Built target turtlebot4_msgs__rosidl_generator_py
[1.113s] [100%] Built target turtlebot4_msgs__rosidl_typesupport_fastrtps_c__pyext
[1.113s] [100%] Built target turtlebot4_msgs__rosidl_typesupport_c__pyext
[1.113s] [100%] Built target turtlebot4_msgs__rosidl_typesupport_introspection_c__pyext
[1.113s] running egg_info
[1.113s] writing turtlebot4_msgs.egg-info/PKG-INFO
[1.114s] writing dependency_links to turtlebot4_msgs.egg-info/dependency_links.txt
[1.114s] writing top-level names to turtlebot4_msgs.egg-info/top_level.txt
[1.114s] reading manifest file 'turtlebot4_msgs.egg-info/SOURCES.txt'
[1.114s] writing manifest file 'turtlebot4_msgs.egg-info/SOURCES.txt'
[1.114s] [100%] Built target ament_cmake_python_build_turtlebot4_msgs_egg
[1.133s] Invoked command in '/home/jetson/tb420250806/build/turtlebot4_msgs' returned '0': CMAKE_PREFIX_PATH=/opt/ros/humble /usr/bin/cmake --build /home/jetson/tb420250806/build/turtlebot4_msgs -- -j8 -l8
[1.136s] Invoking command in '/home/jetson/tb420250806/build/turtlebot4_msgs': CMAKE_PREFIX_PATH=/opt/ros/humble /usr/bin/cmake --install /home/jetson/tb420250806/build/turtlebot4_msgs
[1.174s] -- Install configuration: ""
[1.175s] -- Execute custom install script
[1.175s] -- Up-to-date symlink: /home/jetson/tb420250806/install/turtlebot4_msgs/share/ament_index/resource_index/rosidl_interfaces/turtlebot4_msgs
[1.176s] -- Up-to-date symlink: /home/jetson/tb420250806/install/turtlebot4_msgs/include/turtlebot4_msgs/turtlebot4_msgs/msg/detail/user_button__functions.h
[1.176s] -- Up-to-date symlink: /home/jetson/tb420250806/install/turtlebot4_msgs/include/turtlebot4_msgs/turtlebot4_msgs/msg/detail/user_button__struct.h
[1.176s] -- Up-to-date symlink: /home/jetson/tb420250806/install/turtlebot4_msgs/include/turtlebot4_msgs/turtlebot4_msgs/msg/detail/user_button__type_support.h
[1.177s] -- Up-to-date symlink: /home/jetson/tb420250806/install/turtlebot4_msgs/include/turtlebot4_msgs/turtlebot4_msgs/msg/detail/user_display__functions.h
[1.177s] -- Up-to-date symlink: /home/jetson/tb420250806/install/turtlebot4_msgs/include/turtlebot4_msgs/turtlebot4_msgs/msg/detail/user_display__struct.h
[1.178s] -- Up-to-date symlink: /home/jetson/tb420250806/install/turtlebot4_msgs/include/turtlebot4_msgs/turtlebot4_msgs/msg/detail/user_display__type_support.h
[1.178s] -- Up-to-date symlink: /home/jetson/tb420250806/install/turtlebot4_msgs/include/turtlebot4_msgs/turtlebot4_msgs/msg/detail/user_led__functions.h
[1.178s] -- Up-to-date symlink: /home/jetson/tb420250806/install/turtlebot4_msgs/include/turtlebot4_msgs/turtlebot4_msgs/msg/detail/user_led__struct.h
[1.179s] -- Up-to-date symlink: /home/jetson/tb420250806/install/turtlebot4_msgs/include/turtlebot4_msgs/turtlebot4_msgs/msg/detail/user_led__type_support.h
[1.179s] -- Up-to-date symlink: /home/jetson/tb420250806/install/turtlebot4_msgs/include/turtlebot4_msgs/turtlebot4_msgs/msg/rosidl_generator_c__visibility_control.h
[1.180s] -- Up-to-date symlink: /home/jetson/tb420250806/install/turtlebot4_msgs/include/turtlebot4_msgs/turtlebot4_msgs/msg/user_button.h
[1.180s] -- Up-to-date symlink: /home/jetson/tb420250806/install/turtlebot4_msgs/include/turtlebot4_msgs/turtlebot4_msgs/msg/user_display.h
[1.180s] -- Up-to-date symlink: /home/jetson/tb420250806/install/turtlebot4_msgs/include/turtlebot4_msgs/turtlebot4_msgs/msg/user_led.h
[1.181s] -- Up-to-date symlink: /home/jetson/tb420250806/install/turtlebot4_msgs/share/turtlebot4_msgs/environment/library_path.sh
[1.181s] -- Up-to-date symlink: /home/jetson/tb420250806/install/turtlebot4_msgs/share/turtlebot4_msgs/environment/library_path.dsv
[1.181s] -- Up-to-date symlink: /home/jetson/tb420250806/install/turtlebot4_msgs/include/turtlebot4_msgs/turtlebot4_msgs/msg/detail/user_button__rosidl_typesupport_fastrtps_c.h
[1.181s] -- Up-to-date symlink: /home/jetson/tb420250806/install/turtlebot4_msgs/include/turtlebot4_msgs/turtlebot4_msgs/msg/detail/user_display__rosidl_typesupport_fastrtps_c.h
[1.182s] -- Up-to-date symlink: /home/jetson/tb420250806/install/turtlebot4_msgs/include/turtlebot4_msgs/turtlebot4_msgs/msg/detail/user_led__rosidl_typesupport_fastrtps_c.h
[1.182s] -- Up-to-date symlink: /home/jetson/tb420250806/install/turtlebot4_msgs/include/turtlebot4_msgs/turtlebot4_msgs/msg/rosidl_typesupport_fastrtps_c__visibility_control.h
[1.182s] -- Up-to-date symlink: /home/jetson/tb420250806/install/turtlebot4_msgs/include/turtlebot4_msgs/turtlebot4_msgs/msg/detail/user_button__rosidl_typesupport_introspection_c.h
[1.182s] -- Up-to-date symlink: /home/jetson/tb420250806/install/turtlebot4_msgs/include/turtlebot4_msgs/turtlebot4_msgs/msg/detail/user_display__rosidl_typesupport_introspection_c.h
[1.183s] -- Up-to-date symlink: /home/jetson/tb420250806/install/turtlebot4_msgs/include/turtlebot4_msgs/turtlebot4_msgs/msg/detail/user_led__rosidl_typesupport_introspection_c.h
[1.183s] -- Up-to-date symlink: /home/jetson/tb420250806/install/turtlebot4_msgs/include/turtlebot4_msgs/turtlebot4_msgs/msg/rosidl_typesupport_introspection_c__visibility_control.h
[1.183s] -- Up-to-date symlink: /home/jetson/tb420250806/install/turtlebot4_msgs/include/turtlebot4_msgs/turtlebot4_msgs/msg/detail/user_button__builder.hpp
[1.183s] -- Up-to-date symlink: /home/jetson/tb420250806/install/turtlebot4_msgs/include/turtlebot4_msgs/turtlebot4_msgs/msg/detail/user_button__struct.hpp
[1.185s] -- Up-to-date symlink: /home/jetson/tb420250806/install/turtlebot4_msgs/include/turtlebot4_msgs/turtlebot4_msgs/msg/detail/user_button__traits.hpp
[1.185s] -- Up-to-date symlink: /home/jetson/tb420250806/install/turtlebot4_msgs/include/turtlebot4_msgs/turtlebot4_msgs/msg/detail/user_button__type_support.hpp
[1.186s] -- Up-to-date symlink: /home/jetson/tb420250806/install/turtlebot4_msgs/include/turtlebot4_msgs/turtlebot4_msgs/msg/detail/user_display__builder.hpp
[1.186s] -- Up-to-date symlink: /home/jetson/tb420250806/install/turtlebot4_msgs/include/turtlebot4_msgs/turtlebot4_msgs/msg/detail/user_display__struct.hpp
[1.186s] -- Up-to-date symlink: /home/jetson/tb420250806/install/turtlebot4_msgs/include/turtlebot4_msgs/turtlebot4_msgs/msg/detail/user_display__traits.hpp
[1.186s] -- Up-to-date symlink: /home/jetson/tb420250806/install/turtlebot4_msgs/include/turtlebot4_msgs/turtlebot4_msgs/msg/detail/user_display__type_support.hpp
[1.186s] -- Up-to-date symlink: /home/jetson/tb420250806/install/turtlebot4_msgs/include/turtlebot4_msgs/turtlebot4_msgs/msg/detail/user_led__builder.hpp
[1.187s] -- Up-to-date symlink: /home/jetson/tb420250806/install/turtlebot4_msgs/include/turtlebot4_msgs/turtlebot4_msgs/msg/detail/user_led__struct.hpp
[1.187s] -- Up-to-date symlink: /home/jetson/tb420250806/install/turtlebot4_msgs/include/turtlebot4_msgs/turtlebot4_msgs/msg/detail/user_led__traits.hpp
[1.187s] -- Up-to-date symlink: /home/jetson/tb420250806/install/turtlebot4_msgs/include/turtlebot4_msgs/turtlebot4_msgs/msg/detail/user_led__type_support.hpp
[1.187s] -- Up-to-date symlink: /home/jetson/tb420250806/install/turtlebot4_msgs/include/turtlebot4_msgs/turtlebot4_msgs/msg/rosidl_generator_cpp__visibility_control.hpp
[1.188s] -- Up-to-date symlink: /home/jetson/tb420250806/install/turtlebot4_msgs/include/turtlebot4_msgs/turtlebot4_msgs/msg/user_button.hpp
[1.188s] -- Up-to-date symlink: /home/jetson/tb420250806/install/turtlebot4_msgs/include/turtlebot4_msgs/turtlebot4_msgs/msg/user_display.hpp
[1.189s] -- Up-to-date symlink: /home/jetson/tb420250806/install/turtlebot4_msgs/include/turtlebot4_msgs/turtlebot4_msgs/msg/user_led.hpp
[1.189s] -- Up-to-date symlink: /home/jetson/tb420250806/install/turtlebot4_msgs/include/turtlebot4_msgs/turtlebot4_msgs/msg/detail/user_button__rosidl_typesupport_fastrtps_cpp.hpp
[1.189s] -- Up-to-date symlink: /home/jetson/tb420250806/install/turtlebot4_msgs/include/turtlebot4_msgs/turtlebot4_msgs/msg/detail/user_display__rosidl_typesupport_fastrtps_cpp.hpp
[1.190s] -- Up-to-date symlink: /home/jetson/tb420250806/install/turtlebot4_msgs/include/turtlebot4_msgs/turtlebot4_msgs/msg/detail/user_led__rosidl_typesupport_fastrtps_cpp.hpp
[1.190s] -- Up-to-date symlink: /home/jetson/tb420250806/install/turtlebot4_msgs/include/turtlebot4_msgs/turtlebot4_msgs/msg/rosidl_typesupport_fastrtps_cpp__visibility_control.h
[1.190s] -- Up-to-date symlink: /home/jetson/tb420250806/install/turtlebot4_msgs/include/turtlebot4_msgs/turtlebot4_msgs/msg/detail/user_button__rosidl_typesupport_introspection_cpp.hpp
[1.190s] -- Up-to-date symlink: /home/jetson/tb420250806/install/turtlebot4_msgs/include/turtlebot4_msgs/turtlebot4_msgs/msg/detail/user_display__rosidl_typesupport_introspection_cpp.hpp
[1.190s] -- Up-to-date symlink: /home/jetson/tb420250806/install/turtlebot4_msgs/include/turtlebot4_msgs/turtlebot4_msgs/msg/detail/user_led__rosidl_typesupport_introspection_cpp.hpp
[1.190s] -- Up-to-date symlink: /home/jetson/tb420250806/install/turtlebot4_msgs/share/turtlebot4_msgs/environment/pythonpath.sh
[1.191s] -- Up-to-date symlink: /home/jetson/tb420250806/install/turtlebot4_msgs/share/turtlebot4_msgs/environment/pythonpath.dsv
[1.191s] -- Up-to-date symlink: /home/jetson/tb420250806/install/turtlebot4_msgs/local/lib/python3.10/dist-packages/turtlebot4_msgs-1.0.5-py3.10.egg-info/PKG-INFO
[1.192s] -- Up-to-date symlink: /home/jetson/tb420250806/install/turtlebot4_msgs/local/lib/python3.10/dist-packages/turtlebot4_msgs-1.0.5-py3.10.egg-info/SOURCES.txt
[1.195s] -- Up-to-date symlink: /home/jetson/tb420250806/install/turtlebot4_msgs/local/lib/python3.10/dist-packages/turtlebot4_msgs-1.0.5-py3.10.egg-info/dependency_links.txt
[1.195s] -- Up-to-date symlink: /home/jetson/tb420250806/install/turtlebot4_msgs/local/lib/python3.10/dist-packages/turtlebot4_msgs-1.0.5-py3.10.egg-info/top_level.txt
[1.196s] -- Up-to-date symlink: /home/jetson/tb420250806/install/turtlebot4_msgs/local/lib/python3.10/dist-packages/turtlebot4_msgs/__init__.py
[1.197s] -- Up-to-date symlink: /home/jetson/tb420250806/install/turtlebot4_msgs/local/lib/python3.10/dist-packages/turtlebot4_msgs/_turtlebot4_msgs_s.ep.rosidl_typesupport_c.c
[1.197s] -- Up-to-date symlink: /home/jetson/tb420250806/install/turtlebot4_msgs/local/lib/python3.10/dist-packages/turtlebot4_msgs/_turtlebot4_msgs_s.ep.rosidl_typesupport_fastrtps_c.c
[1.198s] -- Up-to-date symlink: /home/jetson/tb420250806/install/turtlebot4_msgs/local/lib/python3.10/dist-packages/turtlebot4_msgs/_turtlebot4_msgs_s.ep.rosidl_typesupport_introspection_c.c
[1.200s] -- Up-to-date symlink: /home/jetson/tb420250806/install/turtlebot4_msgs/local/lib/python3.10/dist-packages/turtlebot4_msgs/libturtlebot4_msgs__rosidl_generator_py.so
[1.203s] -- Up-to-date symlink: /home/jetson/tb420250806/install/turtlebot4_msgs/local/lib/python3.10/dist-packages/turtlebot4_msgs/msg/__init__.py
[1.205s] -- Up-to-date symlink: /home/jetson/tb420250806/install/turtlebot4_msgs/local/lib/python3.10/dist-packages/turtlebot4_msgs/msg/_user_button.py
[1.205s] -- Up-to-date symlink: /home/jetson/tb420250806/install/turtlebot4_msgs/local/lib/python3.10/dist-packages/turtlebot4_msgs/msg/_user_button_s.c
[1.206s] -- Up-to-date symlink: /home/jetson/tb420250806/install/turtlebot4_msgs/local/lib/python3.10/dist-packages/turtlebot4_msgs/msg/_user_display.py
[1.207s] -- Up-to-date symlink: /home/jetson/tb420250806/install/turtlebot4_msgs/local/lib/python3.10/dist-packages/turtlebot4_msgs/msg/_user_display_s.c
[1.207s] -- Up-to-date symlink: /home/jetson/tb420250806/install/turtlebot4_msgs/local/lib/python3.10/dist-packages/turtlebot4_msgs/msg/_user_led.py
[1.207s] -- Up-to-date symlink: /home/jetson/tb420250806/install/turtlebot4_msgs/local/lib/python3.10/dist-packages/turtlebot4_msgs/msg/_user_led_s.c
[1.208s] -- Up-to-date symlink: /home/jetson/tb420250806/install/turtlebot4_msgs/local/lib/python3.10/dist-packages/turtlebot4_msgs/turtlebot4_msgs_s__rosidl_typesupport_c.cpython-310-aarch64-linux-gnu.so
[1.208s] -- Up-to-date symlink: /home/jetson/tb420250806/install/turtlebot4_msgs/local/lib/python3.10/dist-packages/turtlebot4_msgs/turtlebot4_msgs_s__rosidl_typesupport_fastrtps_c.cpython-310-aarch64-linux-gnu.so
[1.209s] -- Up-to-date symlink: /home/jetson/tb420250806/install/turtlebot4_msgs/local/lib/python3.10/dist-packages/turtlebot4_msgs/turtlebot4_msgs_s__rosidl_typesupport_introspection_c.cpython-310-aarch64-linux-gnu.so
[1.209s] -- Up-to-date symlink: /home/jetson/tb420250806/install/turtlebot4_msgs/local/lib/python3.10/dist-packages/turtlebot4_msgs/turtlebot4_msgs_s__rosidl_typesupport_fastrtps_c.cpython-310-aarch64-linux-gnu.so
[1.209s] -- Up-to-date symlink: /home/jetson/tb420250806/install/turtlebot4_msgs/local/lib/python3.10/dist-packages/turtlebot4_msgs/turtlebot4_msgs_s__rosidl_typesupport_introspection_c.cpython-310-aarch64-linux-gnu.so
[1.210s] -- Up-to-date symlink: /home/jetson/tb420250806/install/turtlebot4_msgs/local/lib/python3.10/dist-packages/turtlebot4_msgs/turtlebot4_msgs_s__rosidl_typesupport_c.cpython-310-aarch64-linux-gnu.so
[1.211s] -- Up-to-date symlink: /home/jetson/tb420250806/install/turtlebot4_msgs/share/turtlebot4_msgs/msg/UserLed.idl
[1.211s] -- Up-to-date symlink: /home/jetson/tb420250806/install/turtlebot4_msgs/share/turtlebot4_msgs/msg/UserButton.idl
[1.211s] -- Up-to-date symlink: /home/jetson/tb420250806/install/turtlebot4_msgs/share/turtlebot4_msgs/msg/UserDisplay.idl
[1.211s] -- Up-to-date symlink: /home/jetson/tb420250806/install/turtlebot4_msgs/share/turtlebot4_msgs/msg/UserLed.msg
[1.212s] -- Up-to-date symlink: /home/jetson/tb420250806/install/turtlebot4_msgs/share/turtlebot4_msgs/msg/UserButton.msg
[1.213s] -- Up-to-date symlink: /home/jetson/tb420250806/install/turtlebot4_msgs/share/turtlebot4_msgs/msg/UserDisplay.msg
[1.213s] -- Up-to-date symlink: /home/jetson/tb420250806/install/turtlebot4_msgs/share/ament_index/resource_index/package_run_dependencies/turtlebot4_msgs
[1.213s] -- Up-to-date symlink: /home/jetson/tb420250806/install/turtlebot4_msgs/share/ament_index/resource_index/parent_prefix_path/turtlebot4_msgs
[1.213s] -- Up-to-date symlink: /home/jetson/tb420250806/install/turtlebot4_msgs/share/turtlebot4_msgs/environment/ament_prefix_path.sh
[1.214s] -- Up-to-date symlink: /home/jetson/tb420250806/install/turtlebot4_msgs/share/turtlebot4_msgs/environment/ament_prefix_path.dsv
[1.214s] -- Up-to-date symlink: /home/jetson/tb420250806/install/turtlebot4_msgs/share/turtlebot4_msgs/environment/path.sh
[1.214s] -- Up-to-date symlink: /home/jetson/tb420250806/install/turtlebot4_msgs/share/turtlebot4_msgs/environment/path.dsv
[1.214s] -- Up-to-date symlink: /home/jetson/tb420250806/install/turtlebot4_msgs/share/turtlebot4_msgs/local_setup.bash
[1.214s] -- Up-to-date symlink: /home/jetson/tb420250806/install/turtlebot4_msgs/share/turtlebot4_msgs/local_setup.sh
[1.214s] -- Up-to-date symlink: /home/jetson/tb420250806/install/turtlebot4_msgs/share/turtlebot4_msgs/local_setup.zsh
[1.214s] -- Up-to-date symlink: /home/jetson/tb420250806/install/turtlebot4_msgs/share/turtlebot4_msgs/local_setup.dsv
[1.214s] -- Symlinking: /home/jetson/tb420250806/install/turtlebot4_msgs/share/turtlebot4_msgs/package.dsv
[1.215s] -- Up-to-date symlink: /home/jetson/tb420250806/install/turtlebot4_msgs/share/ament_index/resource_index/packages/turtlebot4_msgs
[1.215s] -- Up-to-date symlink: /home/jetson/tb420250806/install/turtlebot4_msgs/share/turtlebot4_msgs/cmake/rosidl_cmake-extras.cmake
[1.215s] -- Up-to-date symlink: /home/jetson/tb420250806/install/turtlebot4_msgs/share/turtlebot4_msgs/cmake/ament_cmake_export_include_directories-extras.cmake
[1.215s] -- Up-to-date symlink: /home/jetson/tb420250806/install/turtlebot4_msgs/share/turtlebot4_msgs/cmake/ament_cmake_export_libraries-extras.cmake
[1.215s] -- Up-to-date symlink: /home/jetson/tb420250806/install/turtlebot4_msgs/share/turtlebot4_msgs/cmake/ament_cmake_export_targets-extras.cmake
[1.216s] -- Up-to-date symlink: /home/jetson/tb420250806/install/turtlebot4_msgs/share/turtlebot4_msgs/cmake/rosidl_cmake_export_typesupport_targets-extras.cmake
[1.216s] -- Up-to-date symlink: /home/jetson/tb420250806/install/turtlebot4_msgs/share/turtlebot4_msgs/cmake/ament_cmake_export_dependencies-extras.cmake
[1.216s] -- Up-to-date symlink: /home/jetson/tb420250806/install/turtlebot4_msgs/share/turtlebot4_msgs/cmake/rosidl_cmake_export_typesupport_libraries-extras.cmake
[1.217s] -- Up-to-date symlink: /home/jetson/tb420250806/install/turtlebot4_msgs/share/turtlebot4_msgs/cmake/turtlebot4_msgsConfig.cmake
[1.218s] -- Up-to-date symlink: /home/jetson/tb420250806/install/turtlebot4_msgs/share/turtlebot4_msgs/cmake/turtlebot4_msgsConfig-version.cmake
[1.218s] -- Up-to-date symlink: /home/jetson/tb420250806/install/turtlebot4_msgs/share/turtlebot4_msgs/package.xml
[1.218s] -- Up-to-date: /home/jetson/tb420250806/install/turtlebot4_msgs/lib/libturtlebot4_msgs__rosidl_generator_c.so
[1.220s] -- Up-to-date: /home/jetson/tb420250806/install/turtlebot4_msgs/lib/libturtlebot4_msgs__rosidl_typesupport_fastrtps_c.so
[1.221s] -- Up-to-date: /home/jetson/tb420250806/install/turtlebot4_msgs/lib/libturtlebot4_msgs__rosidl_typesupport_introspection_c.so
[1.222s] -- Up-to-date: /home/jetson/tb420250806/install/turtlebot4_msgs/lib/libturtlebot4_msgs__rosidl_typesupport_c.so
[1.222s] -- Up-to-date: /home/jetson/tb420250806/install/turtlebot4_msgs/lib/libturtlebot4_msgs__rosidl_typesupport_fastrtps_cpp.so
[1.222s] -- Up-to-date: /home/jetson/tb420250806/install/turtlebot4_msgs/lib/libturtlebot4_msgs__rosidl_typesupport_introspection_cpp.so
[1.223s] -- Up-to-date: /home/jetson/tb420250806/install/turtlebot4_msgs/lib/libturtlebot4_msgs__rosidl_typesupport_cpp.so
[1.266s] Listing '/home/jetson/tb420250806/install/turtlebot4_msgs/local/lib/python3.10/dist-packages/turtlebot4_msgs'...
[1.267s] Listing '/home/jetson/tb420250806/install/turtlebot4_msgs/local/lib/python3.10/dist-packages/turtlebot4_msgs/msg'...
[1.278s] -- Up-to-date: /home/jetson/tb420250806/install/turtlebot4_msgs/lib/libturtlebot4_msgs__rosidl_generator_py.so
[1.278s] -- Up-to-date: /home/jetson/tb420250806/install/turtlebot4_msgs/share/turtlebot4_msgs/cmake/export_turtlebot4_msgs__rosidl_generator_cExport.cmake
[1.278s] -- Up-to-date: /home/jetson/tb420250806/install/turtlebot4_msgs/share/turtlebot4_msgs/cmake/export_turtlebot4_msgs__rosidl_generator_cExport-noconfig.cmake
[1.279s] -- Up-to-date: /home/jetson/tb420250806/install/turtlebot4_msgs/share/turtlebot4_msgs/cmake/export_turtlebot4_msgs__rosidl_typesupport_fastrtps_cExport.cmake
[1.279s] -- Up-to-date: /home/jetson/tb420250806/install/turtlebot4_msgs/share/turtlebot4_msgs/cmake/export_turtlebot4_msgs__rosidl_typesupport_fastrtps_cExport-noconfig.cmake
[1.280s] -- Up-to-date: /home/jetson/tb420250806/install/turtlebot4_msgs/share/turtlebot4_msgs/cmake/turtlebot4_msgs__rosidl_typesupport_introspection_cExport.cmake
[1.280s] -- Up-to-date: /home/jetson/tb420250806/install/turtlebot4_msgs/share/turtlebot4_msgs/cmake/turtlebot4_msgs__rosidl_typesupport_introspection_cExport-noconfig.cmake
[1.282s] -- Up-to-date: /home/jetson/tb420250806/install/turtlebot4_msgs/share/turtlebot4_msgs/cmake/turtlebot4_msgs__rosidl_typesupport_cExport.cmake
[1.282s] -- Up-to-date: /home/jetson/tb420250806/install/turtlebot4_msgs/share/turtlebot4_msgs/cmake/turtlebot4_msgs__rosidl_typesupport_cExport-noconfig.cmake
[1.282s] -- Up-to-date: /home/jetson/tb420250806/install/turtlebot4_msgs/share/turtlebot4_msgs/cmake/export_turtlebot4_msgs__rosidl_generator_cppExport.cmake
[1.283s] -- Up-to-date: /home/jetson/tb420250806/install/turtlebot4_msgs/share/turtlebot4_msgs/cmake/export_turtlebot4_msgs__rosidl_typesupport_fastrtps_cppExport.cmake
[1.283s] -- Up-to-date: /home/jetson/tb420250806/install/turtlebot4_msgs/share/turtlebot4_msgs/cmake/export_turtlebot4_msgs__rosidl_typesupport_fastrtps_cppExport-noconfig.cmake
[1.283s] -- Up-to-date: /home/jetson/tb420250806/install/turtlebot4_msgs/share/turtlebot4_msgs/cmake/turtlebot4_msgs__rosidl_typesupport_introspection_cppExport.cmake
[1.284s] -- Up-to-date: /home/jetson/tb420250806/install/turtlebot4_msgs/share/turtlebot4_msgs/cmake/turtlebot4_msgs__rosidl_typesupport_introspection_cppExport-noconfig.cmake
[1.284s] -- Up-to-date: /home/jetson/tb420250806/install/turtlebot4_msgs/share/turtlebot4_msgs/cmake/turtlebot4_msgs__rosidl_typesupport_cppExport.cmake
[1.285s] -- Up-to-date: /home/jetson/tb420250806/install/turtlebot4_msgs/share/turtlebot4_msgs/cmake/turtlebot4_msgs__rosidl_typesupport_cppExport-noconfig.cmake
[1.285s] -- Up-to-date: /home/jetson/tb420250806/install/turtlebot4_msgs/share/turtlebot4_msgs/cmake/export_turtlebot4_msgs__rosidl_generator_pyExport.cmake
[1.285s] -- Up-to-date: /home/jetson/tb420250806/install/turtlebot4_msgs/share/turtlebot4_msgs/cmake/export_turtlebot4_msgs__rosidl_generator_pyExport-noconfig.cmake
[1.318s] Invoked command in '/home/jetson/tb420250806/build/turtlebot4_msgs' returned '0': CMAKE_PREFIX_PATH=/opt/ros/humble /usr/bin/cmake --install /home/jetson/tb420250806/build/turtlebot4_msgs
