[0.580s] Invoking command in '/home/jetson/tb420250806/build/map_publisher': CMAKE_PREFIX_PATH=${CMAKE_PREFIX_PATH}:/home/jetson/tb420250806/install/voice_nav2_assistant:/home/jetson/tb420250806/install/turtlebot4_tests:/home/jetson/tb420250806/install/pose_navigator:/home/jetson/tb420250806/install/turtlebot4_diagnostics:/opt/ros/humble /usr/bin/cmake --build /home/jetson/tb420250806/build/map_publisher -- -j8 -l8
[1.116s] [100%] Built target map_publisher_node
[1.134s] Invoked command in '/home/jetson/tb420250806/build/map_publisher' returned '0': CMAKE_PREFIX_PATH=${CMAKE_PREFIX_PATH}:/home/jetson/tb420250806/install/voice_nav2_assistant:/home/jetson/tb420250806/install/turtlebot4_tests:/home/jetson/tb420250806/install/pose_navigator:/home/jetson/tb420250806/install/turtlebot4_diagnostics:/opt/ros/humble /usr/bin/cmake --build /home/jetson/tb420250806/build/map_publisher -- -j8 -l8
[1.137s] Invoking command in '/home/jetson/tb420250806/build/map_publisher': CMAKE_PREFIX_PATH=${CMAKE_PREFIX_PATH}:/home/jetson/tb420250806/install/voice_nav2_assistant:/home/jetson/tb420250806/install/turtlebot4_tests:/home/jetson/tb420250806/install/pose_navigator:/home/jetson/tb420250806/install/turtlebot4_diagnostics:/opt/ros/humble /usr/bin/cmake --install /home/jetson/tb420250806/build/map_publisher
[1.165s] -- Install configuration: ""
[1.165s] -- Execute custom install script
[1.165s] -- Up-to-date symlink: /home/jetson/tb420250806/install/map_publisher/lib/map_publisher/map_publisher_node
[1.166s] -- Up-to-date symlink: /home/jetson/tb420250806/install/map_publisher/share/ament_index/resource_index/package_run_dependencies/map_publisher
[1.166s] -- Up-to-date symlink: /home/jetson/tb420250806/install/map_publisher/share/ament_index/resource_index/parent_prefix_path/map_publisher
[1.166s] -- Up-to-date symlink: /home/jetson/tb420250806/install/map_publisher/share/map_publisher/environment/ament_prefix_path.sh
[1.166s] -- Up-to-date symlink: /home/jetson/tb420250806/install/map_publisher/share/map_publisher/environment/ament_prefix_path.dsv
[1.166s] -- Up-to-date symlink: /home/jetson/tb420250806/install/map_publisher/share/map_publisher/environment/path.sh
[1.166s] -- Up-to-date symlink: /home/jetson/tb420250806/install/map_publisher/share/map_publisher/environment/path.dsv
[1.166s] -- Up-to-date symlink: /home/jetson/tb420250806/install/map_publisher/share/map_publisher/local_setup.bash
[1.167s] -- Up-to-date symlink: /home/jetson/tb420250806/install/map_publisher/share/map_publisher/local_setup.sh
[1.167s] -- Up-to-date symlink: /home/jetson/tb420250806/install/map_publisher/share/map_publisher/local_setup.zsh
[1.167s] -- Up-to-date symlink: /home/jetson/tb420250806/install/map_publisher/share/map_publisher/local_setup.dsv
[1.168s] -- Symlinking: /home/jetson/tb420250806/install/map_publisher/share/map_publisher/package.dsv
[1.188s] -- Up-to-date symlink: /home/jetson/tb420250806/install/map_publisher/share/ament_index/resource_index/packages/map_publisher
[1.189s] -- Up-to-date symlink: /home/jetson/tb420250806/install/map_publisher/share/map_publisher/cmake/map_publisherConfig.cmake
[1.190s] -- Up-to-date symlink: /home/jetson/tb420250806/install/map_publisher/share/map_publisher/cmake/map_publisherConfig-version.cmake
[1.191s] -- Up-to-date symlink: /home/jetson/tb420250806/install/map_publisher/share/map_publisher/package.xml
[1.233s] Invoked command in '/home/jetson/tb420250806/build/map_publisher' returned '0': CMAKE_PREFIX_PATH=${CMAKE_PREFIX_PATH}:/home/jetson/tb420250806/install/voice_nav2_assistant:/home/jetson/tb420250806/install/turtlebot4_tests:/home/jetson/tb420250806/install/pose_navigator:/home/jetson/tb420250806/install/turtlebot4_diagnostics:/opt/ros/humble /usr/bin/cmake --install /home/jetson/tb420250806/build/map_publisher
